[g10-2000c:00867] [mpi::coll-select::show-decision-process::info] Any algorithm is not selected. [MCA-parameter] [allgather]
[g10-2000c:00867] [mpi::coll-select::show-decision-process::info] Any algorithm is not selected. [info-oneshot] [allgather]
[g10-2000c:00867] [mpi::coll-select::show-decision-process::info] Any algorithm is not selected. [info-rules] [allgather]
[g10-2000c:00867] [mpi::coll-select::show-decision-process::info] Any algorithm is not selected. [user-files] [allgather]
[g10-2000c:00867] [mpi::coll-select::show-decision-process::info] An algorithm is selected. [system-files] [allgather] [100]
[g10-2000c:00867] [mpi::coll-select::show-decision-process::info] An algorithm is selected. [special-route] [allreduce] [200] [0]
[g10-2000c:00867] [mpi::coll-select::show-decision-process::info] The algorithm is judged as applicable. [system-files] [allgather] [100]
[g10-2000c:00867] [mpi::coll-select::show-decision-process::info] An algorithm is selected. [system-files] [gather] [100]
[g10-2000c:00867] [mpi::coll-select::show-decision-process::info] The algorithm is judged as applicable. [system-files] [gather] [100]
[g10-2000c:00867] [mpi::coll-select::show-decision-process::info] An algorithm is selected. [special-route] [barrier] [200] [0]
[g10-2000c:00867] [mpi::coll-select::show-decision-process::info] An algorithm is selected. [system-files] [bcast] [100]
[g10-2000c:00867] [mpi::coll-select::show-decision-process::info] The algorithm is judged as applicable. [system-files] [bcast] [100(segsize=16384)]
[g10-2000c:00867] [mpi::coll-select::show-decision-process::info] An algorithm is selected. [special-route] [barrier] [200] [0]
[g10-2000c:00867] [mpi::coll-select::show-decision-process::info] An algorithm is selected. [special-route] [barrier] [200] [0]
[g10-2000c:00867] [mpi::coll-select::show-decision-process::info] Any algorithm is not selected. [MCA-parameter] [allgather]
[g10-2000c:00867] [mpi::coll-select::show-decision-process::info] Any algorithm is not selected. [info-oneshot] [allgather]
[g10-2000c:00867] [mpi::coll-select::show-decision-process::info] Any algorithm is not selected. [info-rules] [allgather]
[g10-2000c:00867] [mpi::coll-select::show-decision-process::info] Any algorithm is not selected. [user-files] [allgather]
[g10-2000c:00867] [mpi::coll-select::show-decision-process::info] An algorithm is selected. [system-files] [allgather] [3]
[g10-2000c:00867] [mpi::coll-select::show-decision-process::info] The algorithm is judged as applicable. [system-files] [allgather] [3]
[g10-2000c:00867] [mpi::coll-select::show-decision-process::info] Any algorithm is not selected. [MCA-parameter] [allgather]
[g10-2000c:00867] [mpi::coll-select::show-decision-process::info] Any algorithm is not selected. [info-oneshot] [allgather]
[g10-2000c:00867] [mpi::coll-select::show-decision-process::info] Any algorithm is not selected. [info-rules] [allgather]
[g10-2000c:00867] [mpi::coll-select::show-decision-process::info] Any algorithm is not selected. [user-files] [allgather]
[g10-2000c:00867] [mpi::coll-select::show-decision-process::info] An algorithm is selected. [system-files] [allgather] [3]
[g10-2000c:00867] [mpi::coll-select::show-decision-process::info] The algorithm is judged as applicable. [system-files] [allgather] [3]
[g10-2000c:00867] [mpi::coll-select::show-decision-process::info] Any algorithm is not selected. [MCA-parameter] [allgather]
[g10-2000c:00867] [mpi::coll-select::show-decision-process::info] Any algorithm is not selected. [info-oneshot] [allgather]
[g10-2000c:00867] [mpi::coll-select::show-decision-process::info] Any algorithm is not selected. [info-rules] [allgather]
[g10-2000c:00867] [mpi::coll-select::show-decision-process::info] Any algorithm is not selected. [user-files] [allgather]
[g10-2000c:00867] [mpi::coll-select::show-decision-process::info] An algorithm is selected. [system-files] [allgather] [3]
[g10-2000c:00867] [mpi::coll-select::show-decision-process::info] The algorithm is judged as applicable. [system-files] [allgather] [3]
[g10-2000c:00867] [mpi::coll-select::show-decision-process::info] Any algorithm is not selected. [MCA-parameter] [allgather]
[g10-2000c:00867] [mpi::coll-select::show-decision-process::info] Any algorithm is not selected. [info-oneshot] [allgather]
[g10-2000c:00867] [mpi::coll-select::show-decision-process::info] Any algorithm is not selected. [info-rules] [allgather]
[g10-2000c:00867] [mpi::coll-select::show-decision-process::info] Any algorithm is not selected. [user-files] [allgather]
[g10-2000c:00867] [mpi::coll-select::show-decision-process::info] An algorithm is selected. [system-files] [allgather] [3]
[g10-2000c:00867] [mpi::coll-select::show-decision-process::info] The algorithm is judged as applicable. [system-files] [allgather] [3]
[g10-2000c:00867] [mpi::coll-select::show-decision-process::info] Any algorithm is not selected. [MCA-parameter] [allgather]
[g10-2000c:00867] [mpi::coll-select::show-decision-process::info] Any algorithm is not selected. [info-oneshot] [allgather]
[g10-2000c:00867] [mpi::coll-select::show-decision-process::info] Any algorithm is not selected. [info-rules] [allgather]
[g10-2000c:00867] [mpi::coll-select::show-decision-process::info] Any algorithm is not selected. [user-files] [allgather]
[g10-2000c:00867] [mpi::coll-select::show-decision-process::info] An algorithm is selected. [system-files] [allgather] [3]
[g10-2000c:00867] [mpi::coll-select::show-decision-process::info] The algorithm is judged as applicable. [system-files] [allgather] [3]
[g10-2000c:00867] [mpi::coll-select::show-decision-process::info] Any algorithm is not selected. [MCA-parameter] [allgather]
[g10-2000c:00867] [mpi::coll-select::show-decision-process::info] Any algorithm is not selected. [info-oneshot] [allgather]
[g10-2000c:00867] [mpi::coll-select::show-decision-process::info] Any algorithm is not selected. [info-rules] [allgather]
[g10-2000c:00867] [mpi::coll-select::show-decision-process::info] Any algorithm is not selected. [user-files] [allgather]
[g10-2000c:00867] [mpi::coll-select::show-decision-process::info] An algorithm is selected. [system-files] [allgather] [3]
[g10-2000c:00867] [mpi::coll-select::show-decision-process::info] The algorithm is judged as applicable. [system-files] [allgather] [3]
[g10-2000c:00867] [mpi::coll-select::show-decision-process::info] Any algorithm is not selected. [MCA-parameter] [allgather]
[g10-2000c:00867] [mpi::coll-select::show-decision-process::info] Any algorithm is not selected. [info-oneshot] [allgather]
[g10-2000c:00867] [mpi::coll-select::show-decision-process::info] Any algorithm is not selected. [info-rules] [allgather]
[g10-2000c:00867] [mpi::coll-select::show-decision-process::info] Any algorithm is not selected. [user-files] [allgather]
[g10-2000c:00867] [mpi::coll-select::show-decision-process::info] An algorithm is selected. [system-files] [allgather] [3]
[g10-2000c:00867] [mpi::coll-select::show-decision-process::info] The algorithm is judged as applicable. [system-files] [allgather] [3]
[g10-2000c:00867] [mpi::coll-select::show-decision-process::info] Any algorithm is not selected. [MCA-parameter] [allgather]
[g10-2000c:00867] [mpi::coll-select::show-decision-process::info] Any algorithm is not selected. [info-oneshot] [allgather]
[g10-2000c:00867] [mpi::coll-select::show-decision-process::info] Any algorithm is not selected. [info-rules] [allgather]
[g10-2000c:00867] [mpi::coll-select::show-decision-process::info] Any algorithm is not selected. [user-files] [allgather]
[g10-2000c:00867] [mpi::coll-select::show-decision-process::info] An algorithm is selected. [system-files] [allgather] [3]
[g10-2000c:00867] [mpi::coll-select::show-decision-process::info] The algorithm is judged as applicable. [system-files] [allgather] [3]
[g10-2000c:00867] [mpi::coll-select::show-decision-process::info] Any algorithm is not selected. [MCA-parameter] [allgather]
[g10-2000c:00867] [mpi::coll-select::show-decision-process::info] Any algorithm is not selected. [info-oneshot] [allgather]
[g10-2000c:00867] [mpi::coll-select::show-decision-process::info] Any algorithm is not selected. [info-rules] [allgather]
[g10-2000c:00867] [mpi::coll-select::show-decision-process::info] Any algorithm is not selected. [user-files] [allgather]
[g10-2000c:00867] [mpi::coll-select::show-decision-process::info] An algorithm is selected. [system-files] [allgather] [3]
[g10-2000c:00867] [mpi::coll-select::show-decision-process::info] The algorithm is judged as applicable. [system-files] [allgather] [3]
[g10-2000c:00867] [mpi::coll-select::show-decision-process::info] Any algorithm is not selected. [MCA-parameter] [allgather]
[g10-2000c:00867] [mpi::coll-select::show-decision-process::info] Any algorithm is not selected. [info-oneshot] [allgather]
[g10-2000c:00867] [mpi::coll-select::show-decision-process::info] Any algorithm is not selected. [info-rules] [allgather]
[g10-2000c:00867] [mpi::coll-select::show-decision-process::info] Any algorithm is not selected. [user-files] [allgather]
[g10-2000c:00867] [mpi::coll-select::show-decision-process::info] An algorithm is selected. [system-files] [allgather] [3]
[g10-2000c:00867] [mpi::coll-select::show-decision-process::info] The algorithm is judged as applicable. [system-files] [allgather] [3]
[g10-2000c:00867] [mpi::coll-select::show-decision-process::info] Any algorithm is not selected. [MCA-parameter] [allgather]
[g10-2000c:00867] [mpi::coll-select::show-decision-process::info] Any algorithm is not selected. [info-oneshot] [allgather]
[g10-2000c:00867] [mpi::coll-select::show-decision-process::info] Any algorithm is not selected. [info-rules] [allgather]
[g10-2000c:00867] [mpi::coll-select::show-decision-process::info] Any algorithm is not selected. [user-files] [allgather]
[g10-2000c:00867] [mpi::coll-select::show-decision-process::info] An algorithm is selected. [system-files] [allgather] [3]
[g10-2000c:00867] [mpi::coll-select::show-decision-process::info] The algorithm is judged as applicable. [system-files] [allgather] [3]
[g10-2000c:00867] [mpi::coll-select::show-decision-process::info] Any algorithm is not selected. [MCA-parameter] [allgather]
[g10-2000c:00867] [mpi::coll-select::show-decision-process::info] Any algorithm is not selected. [info-oneshot] [allgather]
[g10-2000c:00867] [mpi::coll-select::show-decision-process::info] Any algorithm is not selected. [info-rules] [allgather]
[g10-2000c:00867] [mpi::coll-select::show-decision-process::info] Any algorithm is not selected. [user-files] [allgather]
[g10-2000c:00867] [mpi::coll-select::show-decision-process::info] An algorithm is selected. [system-files] [allgather] [3]
[g10-2000c:00867] [mpi::coll-select::show-decision-process::info] The algorithm is judged as applicable. [system-files] [allgather] [3]
[g10-2000c:00867] [mpi::coll-select::show-decision-process::info] Any algorithm is not selected. [MCA-parameter] [allgather]
[g10-2000c:00867] [mpi::coll-select::show-decision-process::info] Any algorithm is not selected. [info-oneshot] [allgather]
[g10-2000c:00867] [mpi::coll-select::show-decision-process::info] Any algorithm is not selected. [info-rules] [allgather]
[g10-2000c:00867] [mpi::coll-select::show-decision-process::info] Any algorithm is not selected. [user-files] [allgather]
[g10-2000c:00867] [mpi::coll-select::show-decision-process::info] An algorithm is selected. [system-files] [allgather] [100]
[g10-2000c:00867] [mpi::coll-select::show-decision-process::info] An algorithm is selected. [special-route] [allreduce] [200] [0]
[g10-2000c:00867] [mpi::coll-select::show-decision-process::info] The algorithm is judged as applicable. [system-files] [allgather] [100]
[g10-2000c:00867] [mpi::coll-select::show-decision-process::info] An algorithm is selected. [system-files] [gather] [100]
[g10-2000c:00867] [mpi::coll-select::show-decision-process::info] The algorithm is judged as applicable. [system-files] [gather] [100]
[g10-2000c:00867] [mpi::coll-select::show-decision-process::info] An algorithm is selected. [special-route] [barrier] [200] [0]
[g10-2000c:00867] [mpi::coll-select::show-decision-process::info] An algorithm is selected. [system-files] [bcast] [100]
[g10-2000c:00867] [mpi::coll-select::show-decision-process::info] The algorithm is judged as applicable. [system-files] [bcast] [100(segsize=16384)]
[g10-2000c:00867] [mpi::coll-select::show-decision-process::info] An algorithm is selected. [special-route] [barrier] [200] [0]
[g10-2000c:00867] [mpi::coll-select::show-decision-process::info] An algorithm is selected. [special-route] [barrier] [200] [0]
[g10-2000c:00867] [mpi::coll-select::show-decision-process::info] Any algorithm is not selected. [MCA-parameter] [allgather]
[g10-2000c:00867] [mpi::coll-select::show-decision-process::info] Any algorithm is not selected. [info-oneshot] [allgather]
[g10-2000c:00867] [mpi::coll-select::show-decision-process::info] Any algorithm is not selected. [info-rules] [allgather]
[g10-2000c:00867] [mpi::coll-select::show-decision-process::info] Any algorithm is not selected. [user-files] [allgather]
[g10-2000c:00867] [mpi::coll-select::show-decision-process::info] An algorithm is selected. [system-files] [allgather] [100]
[g10-2000c:00867] [mpi::coll-select::show-decision-process::info] An algorithm is selected. [special-route] [allreduce] [200] [0]
[g10-2000c:00867] [mpi::coll-select::show-decision-process::info] The algorithm is judged as applicable. [system-files] [allgather] [100]
[g10-2000c:00867] [mpi::coll-select::show-decision-process::info] An algorithm is selected. [system-files] [gather] [100]
[g10-2000c:00867] [mpi::coll-select::show-decision-process::info] The algorithm is judged as applicable. [system-files] [gather] [100]
[g10-2000c:00867] [mpi::coll-select::show-decision-process::info] An algorithm is selected. [special-route] [barrier] [200] [0]
[g10-2000c:00867] [mpi::coll-select::show-decision-process::info] An algorithm is selected. [system-files] [bcast] [100]
[g10-2000c:00867] [mpi::coll-select::show-decision-process::info] The algorithm is judged as applicable. [system-files] [bcast] [100(segsize=16384)]
[g10-2000c:00867] [mpi::coll-select::show-decision-process::info] An algorithm is selected. [special-route] [barrier] [200] [0]
[g10-2000c:00867] [mpi::coll-select::show-decision-process::info] An algorithm is selected. [special-route] [barrier] [200] [0]
[g10-2000c:00867] [mpi::coll-select::show-decision-process::info] Any algorithm is not selected. [MCA-parameter] [allgather]
[g10-2000c:00867] [mpi::coll-select::show-decision-process::info] Any algorithm is not selected. [info-oneshot] [allgather]
[g10-2000c:00867] [mpi::coll-select::show-decision-process::info] Any algorithm is not selected. [info-rules] [allgather]
[g10-2000c:00867] [mpi::coll-select::show-decision-process::info] Any algorithm is not selected. [user-files] [allgather]
[g10-2000c:00867] [mpi::coll-select::show-decision-process::info] An algorithm is selected. [system-files] [allgather] [100]
[g10-2000c:00867] [mpi::coll-select::show-decision-process::info] An algorithm is selected. [special-route] [allreduce] [200] [0]
[g10-2000c:00867] [mpi::coll-select::show-decision-process::info] The algorithm is judged as applicable. [system-files] [allgather] [100]
[g10-2000c:00867] [mpi::coll-select::show-decision-process::info] An algorithm is selected. [system-files] [gather] [100]
[g10-2000c:00867] [mpi::coll-select::show-decision-process::info] The algorithm is judged as applicable. [system-files] [gather] [100]
[g10-2000c:00867] [mpi::coll-select::show-decision-process::info] An algorithm is selected. [special-route] [barrier] [200] [0]
[g10-2000c:00867] [mpi::coll-select::show-decision-process::info] An algorithm is selected. [system-files] [bcast] [100]
[g10-2000c:00867] [mpi::coll-select::show-decision-process::info] The algorithm is judged as applicable. [system-files] [bcast] [100(segsize=16384)]
[g10-2000c:00867] [mpi::coll-select::show-decision-process::info] An algorithm is selected. [special-route] [barrier] [200] [0]
[g10-2000c:00867] [mpi::coll-select::show-decision-process::info] An algorithm is selected. [special-route] [barrier] [200] [0]
[g10-2000c:00867] [mpi::coll-select::show-decision-process::info] Any algorithm is not selected. [MCA-parameter] [allgather]
[g10-2000c:00867] [mpi::coll-select::show-decision-process::info] Any algorithm is not selected. [info-oneshot] [allgather]
[g10-2000c:00867] [mpi::coll-select::show-decision-process::info] Any algorithm is not selected. [info-rules] [allgather]
[g10-2000c:00867] [mpi::coll-select::show-decision-process::info] Any algorithm is not selected. [user-files] [allgather]
[g10-2000c:00867] [mpi::coll-select::show-decision-process::info] An algorithm is selected. [system-files] [allgather] [100]
[g10-2000c:00867] [mpi::coll-select::show-decision-process::info] An algorithm is selected. [special-route] [allreduce] [200] [0]
[g10-2000c:00867] [mpi::coll-select::show-decision-process::info] The algorithm is judged as applicable. [system-files] [allgather] [100]
[g10-2000c:00867] [mpi::coll-select::show-decision-process::info] An algorithm is selected. [system-files] [gather] [100]
[g10-2000c:00867] [mpi::coll-select::show-decision-process::info] The algorithm is judged as applicable. [system-files] [gather] [100]
[g10-2000c:00867] [mpi::coll-select::show-decision-process::info] An algorithm is selected. [special-route] [barrier] [200] [0]
[g10-2000c:00867] [mpi::coll-select::show-decision-process::info] An algorithm is selected. [system-files] [bcast] [100]
[g10-2000c:00867] [mpi::coll-select::show-decision-process::info] The algorithm is judged as applicable. [system-files] [bcast] [100(segsize=16384)]
[g10-2000c:00867] [mpi::coll-select::show-decision-process::info] An algorithm is selected. [special-route] [barrier] [200] [0]
[g10-2000c:00867] [mpi::coll-select::show-decision-process::info] An algorithm is selected. [special-route] [barrier] [200] [0]
[g10-2000c:00867] [mpi::coll-select::show-decision-process::info] Any algorithm is not selected. [MCA-parameter] [allgather]
[g10-2000c:00867] [mpi::coll-select::show-decision-process::info] Any algorithm is not selected. [info-oneshot] [allgather]
[g10-2000c:00867] [mpi::coll-select::show-decision-process::info] Any algorithm is not selected. [info-rules] [allgather]
[g10-2000c:00867] [mpi::coll-select::show-decision-process::info] Any algorithm is not selected. [user-files] [allgather]
[g10-2000c:00867] [mpi::coll-select::show-decision-process::info] An algorithm is selected. [system-files] [allgather] [100]
[g10-2000c:00867] [mpi::coll-select::show-decision-process::info] An algorithm is selected. [special-route] [allreduce] [200] [0]
[g10-2000c:00867] [mpi::coll-select::show-decision-process::info] The algorithm is judged as applicable. [system-files] [allgather] [100]
[g10-2000c:00867] [mpi::coll-select::show-decision-process::info] An algorithm is selected. [system-files] [gather] [100]
[g10-2000c:00867] [mpi::coll-select::show-decision-process::info] The algorithm is judged as applicable. [system-files] [gather] [100]
[g10-2000c:00867] [mpi::coll-select::show-decision-process::info] An algorithm is selected. [special-route] [barrier] [200] [0]
[g10-2000c:00867] [mpi::coll-select::show-decision-process::info] An algorithm is selected. [system-files] [bcast] [100]
[g10-2000c:00867] [mpi::coll-select::show-decision-process::info] The algorithm is judged as applicable. [system-files] [bcast] [100(segsize=16384)]
[g10-2000c:00867] [mpi::coll-select::show-decision-process::info] An algorithm is selected. [special-route] [barrier] [200] [0]
[g10-2000c:00867] [mpi::coll-select::show-decision-process::info] An algorithm is selected. [special-route] [barrier] [200] [0]
[g10-2000c:00867] [mpi::coll-select::show-decision-process::info] Any algorithm is not selected. [MCA-parameter] [allgather]
[g10-2000c:00867] [mpi::coll-select::show-decision-process::info] Any algorithm is not selected. [info-oneshot] [allgather]
[g10-2000c:00867] [mpi::coll-select::show-decision-process::info] Any algorithm is not selected. [info-rules] [allgather]
[g10-2000c:00867] [mpi::coll-select::show-decision-process::info] Any algorithm is not selected. [user-files] [allgather]
[g10-2000c:00867] [mpi::coll-select::show-decision-process::info] An algorithm is selected. [system-files] [allgather] [100]
[g10-2000c:00867] [mpi::coll-select::show-decision-process::info] An algorithm is selected. [special-route] [allreduce] [200] [0]
[g10-2000c:00867] [mpi::coll-select::show-decision-process::info] The algorithm is judged as applicable. [system-files] [allgather] [100]
[g10-2000c:00867] [mpi::coll-select::show-decision-process::info] An algorithm is selected. [system-files] [gather] [100]
[g10-2000c:00867] [mpi::coll-select::show-decision-process::info] The algorithm is judged as applicable. [system-files] [gather] [100]
[g10-2000c:00867] [mpi::coll-select::show-decision-process::info] An algorithm is selected. [special-route] [barrier] [200] [0]
[g10-2000c:00867] [mpi::coll-select::show-decision-process::info] An algorithm is selected. [system-files] [bcast] [100]
[g10-2000c:00867] [mpi::coll-select::show-decision-process::info] The algorithm is judged as applicable. [system-files] [bcast] [100(segsize=16384)]
[g10-2000c:00867] [mpi::coll-select::show-decision-process::info] An algorithm is selected. [special-route] [barrier] [200] [0]
[g10-2000c:00867] [mpi::coll-select::show-decision-process::info] An algorithm is selected. [special-route] [barrier] [200] [0]
[g10-2000c:00867] [mpi::coll-select::show-decision-process::info] Any algorithm is not selected. [MCA-parameter] [allgather]
[g10-2000c:00867] [mpi::coll-select::show-decision-process::info] Any algorithm is not selected. [info-oneshot] [allgather]
[g10-2000c:00867] [mpi::coll-select::show-decision-process::info] Any algorithm is not selected. [info-rules] [allgather]
[g10-2000c:00867] [mpi::coll-select::show-decision-process::info] Any algorithm is not selected. [user-files] [allgather]
[g10-2000c:00867] [mpi::coll-select::show-decision-process::info] An algorithm is selected. [system-files] [allgather] [100]
[g10-2000c:00867] [mpi::coll-select::show-decision-process::info] An algorithm is selected. [special-route] [allreduce] [200] [0]
[g10-2000c:00867] [mpi::coll-select::show-decision-process::info] The algorithm is judged as applicable. [system-files] [allgather] [100]
[g10-2000c:00867] [mpi::coll-select::show-decision-process::info] An algorithm is selected. [system-files] [gather] [100]
[g10-2000c:00867] [mpi::coll-select::show-decision-process::info] The algorithm is judged as applicable. [system-files] [gather] [100]
[g10-2000c:00867] [mpi::coll-select::show-decision-process::info] An algorithm is selected. [special-route] [barrier] [200] [0]
[g10-2000c:00867] [mpi::coll-select::show-decision-process::info] An algorithm is selected. [system-files] [bcast] [100]
[g10-2000c:00867] [mpi::coll-select::show-decision-process::info] The algorithm is judged as applicable. [system-files] [bcast] [100(segsize=16384)]
[g10-2000c:00867] [mpi::coll-select::show-decision-process::info] An algorithm is selected. [special-route] [barrier] [200] [0]
[g10-2000c:00867] [mpi::coll-select::show-decision-process::info] An algorithm is selected. [special-route] [barrier] [200] [0]
[g10-2000c:00867] [mpi::coll-select::show-decision-process::info] Any algorithm is not selected. [MCA-parameter] [allgather]
[g10-2000c:00867] [mpi::coll-select::show-decision-process::info] Any algorithm is not selected. [info-oneshot] [allgather]
[g10-2000c:00867] [mpi::coll-select::show-decision-process::info] Any algorithm is not selected. [info-rules] [allgather]
[g10-2000c:00867] [mpi::coll-select::show-decision-process::info] Any algorithm is not selected. [user-files] [allgather]
[g10-2000c:00867] [mpi::coll-select::show-decision-process::info] An algorithm is selected. [system-files] [allgather] [100]
[g10-2000c:00867] [mpi::coll-select::show-decision-process::info] An algorithm is selected. [special-route] [allreduce] [200] [0]
[g10-2000c:00867] [mpi::coll-select::show-decision-process::info] The algorithm is judged as applicable. [system-files] [allgather] [100]
[g10-2000c:00867] [mpi::coll-select::show-decision-process::info] An algorithm is selected. [system-files] [gather] [100]
[g10-2000c:00867] [mpi::coll-select::show-decision-process::info] The algorithm is judged as applicable. [system-files] [gather] [100]
[g10-2000c:00867] [mpi::coll-select::show-decision-process::info] An algorithm is selected. [special-route] [barrier] [200] [0]
[g10-2000c:00867] [mpi::coll-select::show-decision-process::info] An algorithm is selected. [system-files] [bcast] [100]
[g10-2000c:00867] [mpi::coll-select::show-decision-process::info] The algorithm is judged as applicable. [system-files] [bcast] [100(segsize=16384)]
[g10-2000c:00867] [mpi::coll-select::show-decision-process::info] An algorithm is selected. [special-route] [barrier] [200] [0]
[g10-2000c:00867] [mpi::coll-select::show-decision-process::info] An algorithm is selected. [special-route] [barrier] [200] [0]
[g10-2000c:00867] [mpi::coll-select::show-decision-process::info] Any algorithm is not selected. [MCA-parameter] [allgather]
[g10-2000c:00867] [mpi::coll-select::show-decision-process::info] Any algorithm is not selected. [info-oneshot] [allgather]
[g10-2000c:00867] [mpi::coll-select::show-decision-process::info] Any algorithm is not selected. [info-rules] [allgather]
[g10-2000c:00867] [mpi::coll-select::show-decision-process::info] Any algorithm is not selected. [user-files] [allgather]
[g10-2000c:00867] [mpi::coll-select::show-decision-process::info] An algorithm is selected. [system-files] [allgather] [100]
[g10-2000c:00867] [mpi::coll-select::show-decision-process::info] An algorithm is selected. [special-route] [allreduce] [200] [0]
[g10-2000c:00867] [mpi::coll-select::show-decision-process::info] The algorithm is judged as applicable. [system-files] [allgather] [100]
[g10-2000c:00867] [mpi::coll-select::show-decision-process::info] An algorithm is selected. [system-files] [gather] [100]
[g10-2000c:00867] [mpi::coll-select::show-decision-process::info] The algorithm is judged as applicable. [system-files] [gather] [100]
[g10-2000c:00867] [mpi::coll-select::show-decision-process::info] An algorithm is selected. [special-route] [barrier] [200] [0]
[g10-2000c:00867] [mpi::coll-select::show-decision-process::info] An algorithm is selected. [system-files] [bcast] [100]
[g10-2000c:00867] [mpi::coll-select::show-decision-process::info] The algorithm is judged as applicable. [system-files] [bcast] [100(segsize=16384)]
[g10-2000c:00867] [mpi::coll-select::show-decision-process::info] An algorithm is selected. [special-route] [barrier] [200] [0]
[g10-2000c:00867] [mpi::coll-select::show-decision-process::info] An algorithm is selected. [special-route] [barrier] [200] [0]
[g10-2000c:00867] [mpi::coll-select::show-decision-process::info] Any algorithm is not selected. [MCA-parameter] [allgather]
[g10-2000c:00867] [mpi::coll-select::show-decision-process::info] Any algorithm is not selected. [info-oneshot] [allgather]
[g10-2000c:00867] [mpi::coll-select::show-decision-process::info] Any algorithm is not selected. [info-rules] [allgather]
[g10-2000c:00867] [mpi::coll-select::show-decision-process::info] Any algorithm is not selected. [user-files] [allgather]
[g10-2000c:00867] [mpi::coll-select::show-decision-process::info] An algorithm is selected. [system-files] [allgather] [100]
[g10-2000c:00867] [mpi::coll-select::show-decision-process::info] An algorithm is selected. [special-route] [allreduce] [200] [0]
[g10-2000c:00867] [mpi::coll-select::show-decision-process::info] The algorithm is judged as applicable. [system-files] [allgather] [100]
[g10-2000c:00867] [mpi::coll-select::show-decision-process::info] An algorithm is selected. [system-files] [gather] [100]
[g10-2000c:00867] [mpi::coll-select::show-decision-process::info] The algorithm is judged as applicable. [system-files] [gather] [100]
[g10-2000c:00867] [mpi::coll-select::show-decision-process::info] An algorithm is selected. [special-route] [barrier] [200] [0]
[g10-2000c:00867] [mpi::coll-select::show-decision-process::info] An algorithm is selected. [system-files] [bcast] [100]
[g10-2000c:00867] [mpi::coll-select::show-decision-process::info] The algorithm is judged as applicable. [system-files] [bcast] [100(segsize=16384)]
[g10-2000c:00867] [mpi::coll-select::show-decision-process::info] An algorithm is selected. [special-route] [barrier] [200] [0]
[g10-2000c:00867] [mpi::coll-select::show-decision-process::info] An algorithm is selected. [special-route] [barrier] [200] [0]
[g10-2000c:00867] [mpi::coll-select::show-decision-process::info] Any algorithm is not selected. [MCA-parameter] [allgather]
[g10-2000c:00867] [mpi::coll-select::show-decision-process::info] Any algorithm is not selected. [info-oneshot] [allgather]
[g10-2000c:00867] [mpi::coll-select::show-decision-process::info] Any algorithm is not selected. [info-rules] [allgather]
[g10-2000c:00867] [mpi::coll-select::show-decision-process::info] Any algorithm is not selected. [user-files] [allgather]
[g10-2000c:00867] [mpi::coll-select::show-decision-process::info] An algorithm is selected. [system-files] [allgather] [100]
[g10-2000c:00867] [mpi::coll-select::show-decision-process::info] An algorithm is selected. [special-route] [allreduce] [200] [0]
[g10-2000c:00867] [mpi::coll-select::show-decision-process::info] The algorithm is judged as applicable. [system-files] [allgather] [100]
[g10-2000c:00867] [mpi::coll-select::show-decision-process::info] An algorithm is selected. [system-files] [gather] [100]
[g10-2000c:00867] [mpi::coll-select::show-decision-process::info] The algorithm is judged as applicable. [system-files] [gather] [100]
[g10-2000c:00867] [mpi::coll-select::show-decision-process::info] An algorithm is selected. [special-route] [barrier] [200] [0]
[g10-2000c:00867] [mpi::coll-select::show-decision-process::info] An algorithm is selected. [system-files] [bcast] [100]
[g10-2000c:00867] [mpi::coll-select::show-decision-process::info] The algorithm is judged as applicable. [system-files] [bcast] [100(segsize=16384)]
[g10-2000c:00867] [mpi::coll-select::show-decision-process::info] An algorithm is selected. [special-route] [barrier] [200] [0]
[g10-2000c:00867] [mpi::coll-select::show-decision-process::info] An algorithm is selected. [special-route] [reduce] [200] [0]
