[g08-0202c:10067] [mpi::coll-select::show-decision-process::info] Any algorithm is not selected. [MCA-parameter] [scatter]
[g08-0202c:10067] [mpi::coll-select::show-decision-process::info] Any algorithm is not selected. [info-oneshot] [scatter]
[g08-0202c:10067] [mpi::coll-select::show-decision-process::info] Any algorithm is not selected. [info-rules] [scatter]
[g08-0202c:10067] [mpi::coll-select::show-decision-process::info] Any algorithm is not selected. [user-files] [scatter]
[g08-0202c:10067] [mpi::coll-select::show-decision-process::info] An algorithm is selected. [system-files] [scatter] [2]
[g08-0202c:10067] [mpi::coll-select::show-decision-process::info] The algorithm is judged as applicable. [system-files] [scatter] [2]
[g08-0202c:10067] [mpi::coll-select::show-decision-process::info] An algorithm is selected. [special-route] [barrier] [200] [0]
[g08-0202c:10067] [mpi::coll-select::show-decision-process::info] An algorithm is selected. [special-route] [barrier] [200] [0]
[g08-0202c:10067] [mpi::coll-select::show-decision-process::info] An algorithm is selected. [special-route] [barrier] [200] [0]
[g08-0202c:10067] [mpi::coll-select::show-decision-process::info] Any algorithm is not selected. [MCA-parameter] [allgather]
[g08-0202c:10067] [mpi::coll-select::show-decision-process::info] Any algorithm is not selected. [info-oneshot] [allgather]
[g08-0202c:10067] [mpi::coll-select::show-decision-process::info] Any algorithm is not selected. [info-rules] [allgather]
[g08-0202c:10067] [mpi::coll-select::show-decision-process::info] Any algorithm is not selected. [user-files] [allgather]
[g08-0202c:10067] [mpi::coll-select::show-decision-process::info] An algorithm is selected. [system-files] [allgather] [3]
[g08-0202c:10067] [mpi::coll-select::show-decision-process::info] The algorithm is judged as applicable. [system-files] [allgather] [3]
[g08-0202c:10067] [mpi::coll-select::show-decision-process::info] Any algorithm is not selected. [MCA-parameter] [scatter]
[g08-0202c:10067] [mpi::coll-select::show-decision-process::info] Any algorithm is not selected. [info-oneshot] [scatter]
[g08-0202c:10067] [mpi::coll-select::show-decision-process::info] Any algorithm is not selected. [info-rules] [scatter]
[g08-0202c:10067] [mpi::coll-select::show-decision-process::info] Any algorithm is not selected. [user-files] [scatter]
[g08-0202c:10067] [mpi::coll-select::show-decision-process::info] An algorithm is selected. [system-files] [scatter] [2]
[g08-0202c:10067] [mpi::coll-select::show-decision-process::info] The algorithm is judged as applicable. [system-files] [scatter] [2]
[g08-0202c:10067] [mpi::coll-select::show-decision-process::info] An algorithm is selected. [special-route] [barrier] [200] [0]
[g08-0202c:10067] [mpi::coll-select::show-decision-process::info] An algorithm is selected. [special-route] [barrier] [200] [0]
[g08-0202c:10067] [mpi::coll-select::show-decision-process::info] An algorithm is selected. [special-route] [barrier] [200] [0]
[g08-0202c:10067] [mpi::coll-select::show-decision-process::info] Any algorithm is not selected. [MCA-parameter] [scatter]
[g08-0202c:10067] [mpi::coll-select::show-decision-process::info] Any algorithm is not selected. [info-oneshot] [scatter]
[g08-0202c:10067] [mpi::coll-select::show-decision-process::info] Any algorithm is not selected. [info-rules] [scatter]
[g08-0202c:10067] [mpi::coll-select::show-decision-process::info] Any algorithm is not selected. [user-files] [scatter]
[g08-0202c:10067] [mpi::coll-select::show-decision-process::info] An algorithm is selected. [system-files] [scatter] [2]
[g08-0202c:10067] [mpi::coll-select::show-decision-process::info] The algorithm is judged as applicable. [system-files] [scatter] [2]
[g08-0202c:10067] [mpi::coll-select::show-decision-process::info] An algorithm is selected. [special-route] [barrier] [200] [0]
[g08-0202c:10067] [mpi::coll-select::show-decision-process::info] An algorithm is selected. [special-route] [barrier] [200] [0]
[g08-0202c:10067] [mpi::coll-select::show-decision-process::info] An algorithm is selected. [special-route] [barrier] [200] [0]
[g08-0202c:10067] [mpi::coll-select::show-decision-process::info] Any algorithm is not selected. [MCA-parameter] [scatter]
[g08-0202c:10067] [mpi::coll-select::show-decision-process::info] Any algorithm is not selected. [info-oneshot] [scatter]
[g08-0202c:10067] [mpi::coll-select::show-decision-process::info] Any algorithm is not selected. [info-rules] [scatter]
[g08-0202c:10067] [mpi::coll-select::show-decision-process::info] Any algorithm is not selected. [user-files] [scatter]
[g08-0202c:10067] [mpi::coll-select::show-decision-process::info] An algorithm is selected. [system-files] [scatter] [2]
[g08-0202c:10067] [mpi::coll-select::show-decision-process::info] The algorithm is judged as applicable. [system-files] [scatter] [2]
[g08-0202c:10067] [mpi::coll-select::show-decision-process::info] An algorithm is selected. [special-route] [barrier] [200] [0]
[g08-0202c:10067] [mpi::coll-select::show-decision-process::info] An algorithm is selected. [special-route] [barrier] [200] [0]
[g08-0202c:10067] [mpi::coll-select::show-decision-process::info] An algorithm is selected. [special-route] [barrier] [200] [0]
[g08-0202c:10067] [mpi::coll-select::show-decision-process::info] Any algorithm is not selected. [MCA-parameter] [scatter]
[g08-0202c:10067] [mpi::coll-select::show-decision-process::info] Any algorithm is not selected. [info-oneshot] [scatter]
[g08-0202c:10067] [mpi::coll-select::show-decision-process::info] Any algorithm is not selected. [info-rules] [scatter]
[g08-0202c:10067] [mpi::coll-select::show-decision-process::info] Any algorithm is not selected. [user-files] [scatter]
[g08-0202c:10067] [mpi::coll-select::show-decision-process::info] An algorithm is selected. [system-files] [scatter] [2]
[g08-0202c:10067] [mpi::coll-select::show-decision-process::info] The algorithm is judged as applicable. [system-files] [scatter] [2]
[g08-0202c:10067] [mpi::coll-select::show-decision-process::info] An algorithm is selected. [special-route] [barrier] [200] [0]
[g08-0202c:10067] [mpi::coll-select::show-decision-process::info] An algorithm is selected. [special-route] [barrier] [200] [0]
[g08-0202c:10067] [mpi::coll-select::show-decision-process::info] An algorithm is selected. [special-route] [barrier] [200] [0]
[g08-0202c:10067] [mpi::coll-select::show-decision-process::info] Any algorithm is not selected. [MCA-parameter] [scatter]
[g08-0202c:10067] [mpi::coll-select::show-decision-process::info] Any algorithm is not selected. [info-oneshot] [scatter]
[g08-0202c:10067] [mpi::coll-select::show-decision-process::info] Any algorithm is not selected. [info-rules] [scatter]
[g08-0202c:10067] [mpi::coll-select::show-decision-process::info] Any algorithm is not selected. [user-files] [scatter]
[g08-0202c:10067] [mpi::coll-select::show-decision-process::info] An algorithm is selected. [system-files] [scatter] [2]
[g08-0202c:10067] [mpi::coll-select::show-decision-process::info] The algorithm is judged as applicable. [system-files] [scatter] [2]
[g08-0202c:10067] [mpi::coll-select::show-decision-process::info] An algorithm is selected. [special-route] [barrier] [200] [0]
[g08-0202c:10067] [mpi::coll-select::show-decision-process::info] An algorithm is selected. [special-route] [barrier] [200] [0]
[g08-0202c:10067] [mpi::coll-select::show-decision-process::info] An algorithm is selected. [special-route] [barrier] [200] [0]
[g08-0202c:10067] [mpi::coll-select::show-decision-process::info] Any algorithm is not selected. [MCA-parameter] [scatter]
[g08-0202c:10067] [mpi::coll-select::show-decision-process::info] Any algorithm is not selected. [info-oneshot] [scatter]
[g08-0202c:10067] [mpi::coll-select::show-decision-process::info] Any algorithm is not selected. [info-rules] [scatter]
[g08-0202c:10067] [mpi::coll-select::show-decision-process::info] Any algorithm is not selected. [user-files] [scatter]
[g08-0202c:10067] [mpi::coll-select::show-decision-process::info] An algorithm is selected. [system-files] [scatter] [2]
[g08-0202c:10067] [mpi::coll-select::show-decision-process::info] The algorithm is judged as applicable. [system-files] [scatter] [2]
[g08-0202c:10067] [mpi::coll-select::show-decision-process::info] An algorithm is selected. [special-route] [barrier] [200] [0]
[g08-0202c:10067] [mpi::coll-select::show-decision-process::info] An algorithm is selected. [special-route] [barrier] [200] [0]
[g08-0202c:10067] [mpi::coll-select::show-decision-process::info] An algorithm is selected. [special-route] [barrier] [200] [0]
[g08-0202c:10067] [mpi::coll-select::show-decision-process::info] Any algorithm is not selected. [MCA-parameter] [scatter]
[g08-0202c:10067] [mpi::coll-select::show-decision-process::info] Any algorithm is not selected. [info-oneshot] [scatter]
[g08-0202c:10067] [mpi::coll-select::show-decision-process::info] Any algorithm is not selected. [info-rules] [scatter]
[g08-0202c:10067] [mpi::coll-select::show-decision-process::info] Any algorithm is not selected. [user-files] [scatter]
[g08-0202c:10067] [mpi::coll-select::show-decision-process::info] An algorithm is selected. [system-files] [scatter] [2]
[g08-0202c:10067] [mpi::coll-select::show-decision-process::info] The algorithm is judged as applicable. [system-files] [scatter] [2]
[g08-0202c:10067] [mpi::coll-select::show-decision-process::info] An algorithm is selected. [special-route] [barrier] [200] [0]
[g08-0202c:10067] [mpi::coll-select::show-decision-process::info] An algorithm is selected. [special-route] [barrier] [200] [0]
[g08-0202c:10067] [mpi::coll-select::show-decision-process::info] An algorithm is selected. [special-route] [barrier] [200] [0]
[g08-0202c:10067] [mpi::coll-select::show-decision-process::info] Any algorithm is not selected. [MCA-parameter] [scatter]
[g08-0202c:10067] [mpi::coll-select::show-decision-process::info] Any algorithm is not selected. [info-oneshot] [scatter]
[g08-0202c:10067] [mpi::coll-select::show-decision-process::info] Any algorithm is not selected. [info-rules] [scatter]
[g08-0202c:10067] [mpi::coll-select::show-decision-process::info] Any algorithm is not selected. [user-files] [scatter]
[g08-0202c:10067] [mpi::coll-select::show-decision-process::info] An algorithm is selected. [system-files] [scatter] [2]
[g08-0202c:10067] [mpi::coll-select::show-decision-process::info] The algorithm is judged as applicable. [system-files] [scatter] [2]
[g08-0202c:10067] [mpi::coll-select::show-decision-process::info] An algorithm is selected. [special-route] [barrier] [200] [0]
[g08-0202c:10067] [mpi::coll-select::show-decision-process::info] An algorithm is selected. [special-route] [barrier] [200] [0]
[g08-0202c:10067] [mpi::coll-select::show-decision-process::info] An algorithm is selected. [special-route] [barrier] [200] [0]
[g08-0202c:10067] [mpi::coll-select::show-decision-process::info] Any algorithm is not selected. [MCA-parameter] [scatter]
[g08-0202c:10067] [mpi::coll-select::show-decision-process::info] Any algorithm is not selected. [info-oneshot] [scatter]
[g08-0202c:10067] [mpi::coll-select::show-decision-process::info] Any algorithm is not selected. [info-rules] [scatter]
[g08-0202c:10067] [mpi::coll-select::show-decision-process::info] Any algorithm is not selected. [user-files] [scatter]
[g08-0202c:10067] [mpi::coll-select::show-decision-process::info] An algorithm is selected. [system-files] [scatter] [2]
[g08-0202c:10067] [mpi::coll-select::show-decision-process::info] The algorithm is judged as applicable. [system-files] [scatter] [2]
[g08-0202c:10067] [mpi::coll-select::show-decision-process::info] An algorithm is selected. [special-route] [barrier] [200] [0]
[g08-0202c:10067] [mpi::coll-select::show-decision-process::info] An algorithm is selected. [special-route] [barrier] [200] [0]
[g08-0202c:10067] [mpi::coll-select::show-decision-process::info] An algorithm is selected. [special-route] [barrier] [200] [0]
[g08-0202c:10067] [mpi::coll-select::show-decision-process::info] Any algorithm is not selected. [MCA-parameter] [scatter]
[g08-0202c:10067] [mpi::coll-select::show-decision-process::info] Any algorithm is not selected. [info-oneshot] [scatter]
[g08-0202c:10067] [mpi::coll-select::show-decision-process::info] Any algorithm is not selected. [info-rules] [scatter]
[g08-0202c:10067] [mpi::coll-select::show-decision-process::info] Any algorithm is not selected. [user-files] [scatter]
[g08-0202c:10067] [mpi::coll-select::show-decision-process::info] An algorithm is selected. [system-files] [scatter] [2]
[g08-0202c:10067] [mpi::coll-select::show-decision-process::info] The algorithm is judged as applicable. [system-files] [scatter] [2]
[g08-0202c:10067] [mpi::coll-select::show-decision-process::info] An algorithm is selected. [special-route] [barrier] [200] [0]
[g08-0202c:10067] [mpi::coll-select::show-decision-process::info] An algorithm is selected. [special-route] [barrier] [200] [0]
[g08-0202c:10067] [mpi::coll-select::show-decision-process::info] An algorithm is selected. [special-route] [barrier] [200] [0]
[g08-0202c:10067] [mpi::coll-select::show-decision-process::info] Any algorithm is not selected. [MCA-parameter] [scatter]
[g08-0202c:10067] [mpi::coll-select::show-decision-process::info] Any algorithm is not selected. [info-oneshot] [scatter]
[g08-0202c:10067] [mpi::coll-select::show-decision-process::info] Any algorithm is not selected. [info-rules] [scatter]
[g08-0202c:10067] [mpi::coll-select::show-decision-process::info] Any algorithm is not selected. [user-files] [scatter]
[g08-0202c:10067] [mpi::coll-select::show-decision-process::info] An algorithm is selected. [system-files] [scatter] [2]
[g08-0202c:10067] [mpi::coll-select::show-decision-process::info] The algorithm is judged as applicable. [system-files] [scatter] [2]
[g08-0202c:10067] [mpi::coll-select::show-decision-process::info] An algorithm is selected. [special-route] [barrier] [200] [0]
[g08-0202c:10067] [mpi::coll-select::show-decision-process::info] An algorithm is selected. [special-route] [reduce] [200] [0]
