[b13-3210s:00803] [mpi::coll-select::show-decision-process::info] Any algorithm is not selected. [MCA-parameter] [bcast]
[b13-3210s:00803] [mpi::coll-select::show-decision-process::info] Any algorithm is not selected. [info-oneshot] [bcast]
[b13-3210s:00803] [mpi::coll-select::show-decision-process::info] Any algorithm is not selected. [info-rules] [bcast]
[b13-3210s:00803] [mpi::coll-select::show-decision-process::info] Any algorithm is not selected. [user-files] [bcast]
[b13-3210s:00803] [mpi::coll-select::show-decision-process::info] An algorithm is selected. [system-files] [bcast] [101]
[b13-3210s:00803] [mpi::coll-select::show-decision-process::info] An algorithm is selected. [special-route] [allreduce] [200] [0]
[b13-3210s:00803] [mpi::coll-select::show-decision-process::info] The algorithm is judged as applicable. [system-files] [bcast] [101(segsize=1024)]
[b13-3210s:00803] [mpi::coll-select::show-decision-process::info] An algorithm is selected. [special-route] [barrier] [200] [0]
[b13-3210s:00803] [mpi::coll-select::show-decision-process::info] An algorithm is selected. [special-route] [barrier] [200] [0]
[b13-3210s:00803] [mpi::coll-select::show-decision-process::info] An algorithm is selected. [special-route] [barrier] [200] [0]
[b13-3210s:00803] [mpi::coll-select::show-decision-process::info] Any algorithm is not selected. [MCA-parameter] [allgather]
[b13-3210s:00803] [mpi::coll-select::show-decision-process::info] Any algorithm is not selected. [info-oneshot] [allgather]
[b13-3210s:00803] [mpi::coll-select::show-decision-process::info] Any algorithm is not selected. [info-rules] [allgather]
[b13-3210s:00803] [mpi::coll-select::show-decision-process::info] Any algorithm is not selected. [user-files] [allgather]
[b13-3210s:00803] [mpi::coll-select::show-decision-process::info] An algorithm is selected. [system-files] [allgather] [3]
[b13-3210s:00803] [mpi::coll-select::show-decision-process::info] The algorithm is judged as applicable. [system-files] [allgather] [3]
[b13-3210s:00803] [mpi::coll-select::show-decision-process::info] Any algorithm is not selected. [MCA-parameter] [allgather]
[b13-3210s:00803] [mpi::coll-select::show-decision-process::info] Any algorithm is not selected. [info-oneshot] [allgather]
[b13-3210s:00803] [mpi::coll-select::show-decision-process::info] Any algorithm is not selected. [info-rules] [allgather]
[b13-3210s:00803] [mpi::coll-select::show-decision-process::info] Any algorithm is not selected. [user-files] [allgather]
[b13-3210s:00803] [mpi::coll-select::show-decision-process::info] An algorithm is selected. [system-files] [allgather] [3]
[b13-3210s:00803] [mpi::coll-select::show-decision-process::info] The algorithm is judged as applicable. [system-files] [allgather] [3]
[b13-3210s:00803] [mpi::coll-select::show-decision-process::info] Any algorithm is not selected. [MCA-parameter] [allgather]
[b13-3210s:00803] [mpi::coll-select::show-decision-process::info] Any algorithm is not selected. [info-oneshot] [allgather]
[b13-3210s:00803] [mpi::coll-select::show-decision-process::info] Any algorithm is not selected. [info-rules] [allgather]
[b13-3210s:00803] [mpi::coll-select::show-decision-process::info] Any algorithm is not selected. [user-files] [allgather]
[b13-3210s:00803] [mpi::coll-select::show-decision-process::info] An algorithm is selected. [system-files] [allgather] [3]
[b13-3210s:00803] [mpi::coll-select::show-decision-process::info] The algorithm is judged as applicable. [system-files] [allgather] [3]
[b13-3210s:00803] [mpi::coll-select::show-decision-process::info] Any algorithm is not selected. [MCA-parameter] [allgather]
[b13-3210s:00803] [mpi::coll-select::show-decision-process::info] Any algorithm is not selected. [info-oneshot] [allgather]
[b13-3210s:00803] [mpi::coll-select::show-decision-process::info] Any algorithm is not selected. [info-rules] [allgather]
[b13-3210s:00803] [mpi::coll-select::show-decision-process::info] Any algorithm is not selected. [user-files] [allgather]
[b13-3210s:00803] [mpi::coll-select::show-decision-process::info] An algorithm is selected. [system-files] [allgather] [3]
[b13-3210s:00803] [mpi::coll-select::show-decision-process::info] The algorithm is judged as applicable. [system-files] [allgather] [3]
[b13-3210s:00803] [mpi::coll-select::show-decision-process::info] Any algorithm is not selected. [MCA-parameter] [allgather]
[b13-3210s:00803] [mpi::coll-select::show-decision-process::info] Any algorithm is not selected. [info-oneshot] [allgather]
[b13-3210s:00803] [mpi::coll-select::show-decision-process::info] Any algorithm is not selected. [info-rules] [allgather]
[b13-3210s:00803] [mpi::coll-select::show-decision-process::info] Any algorithm is not selected. [user-files] [allgather]
[b13-3210s:00803] [mpi::coll-select::show-decision-process::info] An algorithm is selected. [system-files] [allgather] [3]
[b13-3210s:00803] [mpi::coll-select::show-decision-process::info] The algorithm is judged as applicable. [system-files] [allgather] [3]
[b13-3210s:00803] [mpi::coll-select::show-decision-process::info] Any algorithm is not selected. [MCA-parameter] [allgather]
[b13-3210s:00803] [mpi::coll-select::show-decision-process::info] Any algorithm is not selected. [info-oneshot] [allgather]
[b13-3210s:00803] [mpi::coll-select::show-decision-process::info] Any algorithm is not selected. [info-rules] [allgather]
[b13-3210s:00803] [mpi::coll-select::show-decision-process::info] Any algorithm is not selected. [user-files] [allgather]
[b13-3210s:00803] [mpi::coll-select::show-decision-process::info] An algorithm is selected. [system-files] [allgather] [3]
[b13-3210s:00803] [mpi::coll-select::show-decision-process::info] The algorithm is judged as applicable. [system-files] [allgather] [3]
[b13-3210s:00803] [mpi::coll-select::show-decision-process::info] Any algorithm is not selected. [MCA-parameter] [allgather]
[b13-3210s:00803] [mpi::coll-select::show-decision-process::info] Any algorithm is not selected. [info-oneshot] [allgather]
[b13-3210s:00803] [mpi::coll-select::show-decision-process::info] Any algorithm is not selected. [info-rules] [allgather]
[b13-3210s:00803] [mpi::coll-select::show-decision-process::info] Any algorithm is not selected. [user-files] [allgather]
[b13-3210s:00803] [mpi::coll-select::show-decision-process::info] An algorithm is selected. [system-files] [allgather] [3]
[b13-3210s:00803] [mpi::coll-select::show-decision-process::info] The algorithm is judged as applicable. [system-files] [allgather] [3]
[b13-3210s:00803] [mpi::coll-select::show-decision-process::info] Any algorithm is not selected. [MCA-parameter] [allgather]
[b13-3210s:00803] [mpi::coll-select::show-decision-process::info] Any algorithm is not selected. [info-oneshot] [allgather]
[b13-3210s:00803] [mpi::coll-select::show-decision-process::info] Any algorithm is not selected. [info-rules] [allgather]
[b13-3210s:00803] [mpi::coll-select::show-decision-process::info] Any algorithm is not selected. [user-files] [allgather]
[b13-3210s:00803] [mpi::coll-select::show-decision-process::info] An algorithm is selected. [system-files] [allgather] [3]
[b13-3210s:00803] [mpi::coll-select::show-decision-process::info] The algorithm is judged as applicable. [system-files] [allgather] [3]
[b13-3210s:00803] [mpi::coll-select::show-decision-process::info] Any algorithm is not selected. [MCA-parameter] [allgather]
[b13-3210s:00803] [mpi::coll-select::show-decision-process::info] Any algorithm is not selected. [info-oneshot] [allgather]
[b13-3210s:00803] [mpi::coll-select::show-decision-process::info] Any algorithm is not selected. [info-rules] [allgather]
[b13-3210s:00803] [mpi::coll-select::show-decision-process::info] Any algorithm is not selected. [user-files] [allgather]
[b13-3210s:00803] [mpi::coll-select::show-decision-process::info] An algorithm is selected. [system-files] [allgather] [3]
[b13-3210s:00803] [mpi::coll-select::show-decision-process::info] The algorithm is judged as applicable. [system-files] [allgather] [3]
[b13-3210s:00803] [mpi::coll-select::show-decision-process::info] Any algorithm is not selected. [MCA-parameter] [allgather]
[b13-3210s:00803] [mpi::coll-select::show-decision-process::info] Any algorithm is not selected. [info-oneshot] [allgather]
[b13-3210s:00803] [mpi::coll-select::show-decision-process::info] Any algorithm is not selected. [info-rules] [allgather]
[b13-3210s:00803] [mpi::coll-select::show-decision-process::info] Any algorithm is not selected. [user-files] [allgather]
[b13-3210s:00803] [mpi::coll-select::show-decision-process::info] An algorithm is selected. [system-files] [allgather] [3]
[b13-3210s:00803] [mpi::coll-select::show-decision-process::info] The algorithm is judged as applicable. [system-files] [allgather] [3]
[b13-3210s:00803] [mpi::coll-select::show-decision-process::info] Any algorithm is not selected. [MCA-parameter] [allgather]
[b13-3210s:00803] [mpi::coll-select::show-decision-process::info] Any algorithm is not selected. [info-oneshot] [allgather]
[b13-3210s:00803] [mpi::coll-select::show-decision-process::info] Any algorithm is not selected. [info-rules] [allgather]
[b13-3210s:00803] [mpi::coll-select::show-decision-process::info] Any algorithm is not selected. [user-files] [allgather]
[b13-3210s:00803] [mpi::coll-select::show-decision-process::info] An algorithm is selected. [system-files] [allgather] [3]
[b13-3210s:00803] [mpi::coll-select::show-decision-process::info] The algorithm is judged as applicable. [system-files] [allgather] [3]
[b13-3210s:00803] [mpi::coll-select::show-decision-process::info] Any algorithm is not selected. [MCA-parameter] [allgather]
[b13-3210s:00803] [mpi::coll-select::show-decision-process::info] Any algorithm is not selected. [info-oneshot] [allgather]
[b13-3210s:00803] [mpi::coll-select::show-decision-process::info] Any algorithm is not selected. [info-rules] [allgather]
[b13-3210s:00803] [mpi::coll-select::show-decision-process::info] Any algorithm is not selected. [user-files] [allgather]
[b13-3210s:00803] [mpi::coll-select::show-decision-process::info] An algorithm is selected. [system-files] [allgather] [3]
[b13-3210s:00803] [mpi::coll-select::show-decision-process::info] The algorithm is judged as applicable. [system-files] [allgather] [3]
[b13-3210s:00803] [mpi::coll-select::show-decision-process::info] Any algorithm is not selected. [MCA-parameter] [bcast]
[b13-3210s:00803] [mpi::coll-select::show-decision-process::info] Any algorithm is not selected. [info-oneshot] [bcast]
[b13-3210s:00803] [mpi::coll-select::show-decision-process::info] Any algorithm is not selected. [info-rules] [bcast]
[b13-3210s:00803] [mpi::coll-select::show-decision-process::info] Any algorithm is not selected. [user-files] [bcast]
[b13-3210s:00803] [mpi::coll-select::show-decision-process::info] An algorithm is selected. [system-files] [bcast] [101]
[b13-3210s:00803] [mpi::coll-select::show-decision-process::info] An algorithm is selected. [special-route] [allreduce] [200] [0]
[b13-3210s:00803] [mpi::coll-select::show-decision-process::info] The algorithm is judged as applicable. [system-files] [bcast] [101(segsize=1024)]
[b13-3210s:00803] [mpi::coll-select::show-decision-process::info] An algorithm is selected. [special-route] [barrier] [200] [0]
[b13-3210s:00803] [mpi::coll-select::show-decision-process::info] An algorithm is selected. [special-route] [barrier] [200] [0]
[b13-3210s:00803] [mpi::coll-select::show-decision-process::info] An algorithm is selected. [special-route] [barrier] [200] [0]
[b13-3210s:00803] [mpi::coll-select::show-decision-process::info] Any algorithm is not selected. [MCA-parameter] [bcast]
[b13-3210s:00803] [mpi::coll-select::show-decision-process::info] Any algorithm is not selected. [info-oneshot] [bcast]
[b13-3210s:00803] [mpi::coll-select::show-decision-process::info] Any algorithm is not selected. [info-rules] [bcast]
[b13-3210s:00803] [mpi::coll-select::show-decision-process::info] Any algorithm is not selected. [user-files] [bcast]
[b13-3210s:00803] [mpi::coll-select::show-decision-process::info] An algorithm is selected. [system-files] [bcast] [101]
[b13-3210s:00803] [mpi::coll-select::show-decision-process::info] An algorithm is selected. [special-route] [allreduce] [200] [0]
[b13-3210s:00803] [mpi::coll-select::show-decision-process::info] The algorithm is judged as applicable. [system-files] [bcast] [101(segsize=1024)]
[b13-3210s:00803] [mpi::coll-select::show-decision-process::info] An algorithm is selected. [special-route] [barrier] [200] [0]
[b13-3210s:00803] [mpi::coll-select::show-decision-process::info] An algorithm is selected. [special-route] [barrier] [200] [0]
[b13-3210s:00803] [mpi::coll-select::show-decision-process::info] An algorithm is selected. [special-route] [barrier] [200] [0]
[b13-3210s:00803] [mpi::coll-select::show-decision-process::info] Any algorithm is not selected. [MCA-parameter] [bcast]
[b13-3210s:00803] [mpi::coll-select::show-decision-process::info] Any algorithm is not selected. [info-oneshot] [bcast]
[b13-3210s:00803] [mpi::coll-select::show-decision-process::info] Any algorithm is not selected. [info-rules] [bcast]
[b13-3210s:00803] [mpi::coll-select::show-decision-process::info] Any algorithm is not selected. [user-files] [bcast]
[b13-3210s:00803] [mpi::coll-select::show-decision-process::info] An algorithm is selected. [system-files] [bcast] [101]
[b13-3210s:00803] [mpi::coll-select::show-decision-process::info] An algorithm is selected. [special-route] [allreduce] [200] [0]
[b13-3210s:00803] [mpi::coll-select::show-decision-process::info] The algorithm is judged as applicable. [system-files] [bcast] [101(segsize=1024)]
[b13-3210s:00803] [mpi::coll-select::show-decision-process::info] An algorithm is selected. [special-route] [barrier] [200] [0]
[b13-3210s:00803] [mpi::coll-select::show-decision-process::info] An algorithm is selected. [special-route] [barrier] [200] [0]
[b13-3210s:00803] [mpi::coll-select::show-decision-process::info] An algorithm is selected. [special-route] [barrier] [200] [0]
[b13-3210s:00803] [mpi::coll-select::show-decision-process::info] Any algorithm is not selected. [MCA-parameter] [bcast]
[b13-3210s:00803] [mpi::coll-select::show-decision-process::info] Any algorithm is not selected. [info-oneshot] [bcast]
[b13-3210s:00803] [mpi::coll-select::show-decision-process::info] Any algorithm is not selected. [info-rules] [bcast]
[b13-3210s:00803] [mpi::coll-select::show-decision-process::info] Any algorithm is not selected. [user-files] [bcast]
[b13-3210s:00803] [mpi::coll-select::show-decision-process::info] An algorithm is selected. [system-files] [bcast] [101]
[b13-3210s:00803] [mpi::coll-select::show-decision-process::info] An algorithm is selected. [special-route] [allreduce] [200] [0]
[b13-3210s:00803] [mpi::coll-select::show-decision-process::info] The algorithm is judged as applicable. [system-files] [bcast] [101(segsize=1024)]
[b13-3210s:00803] [mpi::coll-select::show-decision-process::info] An algorithm is selected. [special-route] [barrier] [200] [0]
[b13-3210s:00803] [mpi::coll-select::show-decision-process::info] An algorithm is selected. [special-route] [barrier] [200] [0]
[b13-3210s:00803] [mpi::coll-select::show-decision-process::info] An algorithm is selected. [special-route] [barrier] [200] [0]
[b13-3210s:00803] [mpi::coll-select::show-decision-process::info] Any algorithm is not selected. [MCA-parameter] [bcast]
[b13-3210s:00803] [mpi::coll-select::show-decision-process::info] Any algorithm is not selected. [info-oneshot] [bcast]
[b13-3210s:00803] [mpi::coll-select::show-decision-process::info] Any algorithm is not selected. [info-rules] [bcast]
[b13-3210s:00803] [mpi::coll-select::show-decision-process::info] Any algorithm is not selected. [user-files] [bcast]
[b13-3210s:00803] [mpi::coll-select::show-decision-process::info] An algorithm is selected. [system-files] [bcast] [101]
[b13-3210s:00803] [mpi::coll-select::show-decision-process::info] An algorithm is selected. [special-route] [allreduce] [200] [0]
[b13-3210s:00803] [mpi::coll-select::show-decision-process::info] The algorithm is judged as applicable. [system-files] [bcast] [101(segsize=1024)]
[b13-3210s:00803] [mpi::coll-select::show-decision-process::info] An algorithm is selected. [special-route] [barrier] [200] [0]
[b13-3210s:00803] [mpi::coll-select::show-decision-process::info] An algorithm is selected. [special-route] [barrier] [200] [0]
[b13-3210s:00803] [mpi::coll-select::show-decision-process::info] An algorithm is selected. [special-route] [barrier] [200] [0]
[b13-3210s:00803] [mpi::coll-select::show-decision-process::info] Any algorithm is not selected. [MCA-parameter] [bcast]
[b13-3210s:00803] [mpi::coll-select::show-decision-process::info] Any algorithm is not selected. [info-oneshot] [bcast]
[b13-3210s:00803] [mpi::coll-select::show-decision-process::info] Any algorithm is not selected. [info-rules] [bcast]
[b13-3210s:00803] [mpi::coll-select::show-decision-process::info] Any algorithm is not selected. [user-files] [bcast]
[b13-3210s:00803] [mpi::coll-select::show-decision-process::info] An algorithm is selected. [system-files] [bcast] [101]
[b13-3210s:00803] [mpi::coll-select::show-decision-process::info] An algorithm is selected. [special-route] [allreduce] [200] [0]
[b13-3210s:00803] [mpi::coll-select::show-decision-process::info] The algorithm is judged as applicable. [system-files] [bcast] [101(segsize=1024)]
[b13-3210s:00803] [mpi::coll-select::show-decision-process::info] An algorithm is selected. [special-route] [barrier] [200] [0]
[b13-3210s:00803] [mpi::coll-select::show-decision-process::info] An algorithm is selected. [special-route] [barrier] [200] [0]
[b13-3210s:00803] [mpi::coll-select::show-decision-process::info] An algorithm is selected. [special-route] [barrier] [200] [0]
[b13-3210s:00803] [mpi::coll-select::show-decision-process::info] Any algorithm is not selected. [MCA-parameter] [bcast]
[b13-3210s:00803] [mpi::coll-select::show-decision-process::info] Any algorithm is not selected. [info-oneshot] [bcast]
[b13-3210s:00803] [mpi::coll-select::show-decision-process::info] Any algorithm is not selected. [info-rules] [bcast]
[b13-3210s:00803] [mpi::coll-select::show-decision-process::info] Any algorithm is not selected. [user-files] [bcast]
[b13-3210s:00803] [mpi::coll-select::show-decision-process::info] An algorithm is selected. [system-files] [bcast] [101]
[b13-3210s:00803] [mpi::coll-select::show-decision-process::info] An algorithm is selected. [special-route] [allreduce] [200] [0]
[b13-3210s:00803] [mpi::coll-select::show-decision-process::info] The algorithm is judged as applicable. [system-files] [bcast] [101(segsize=1024)]
[b13-3210s:00803] [mpi::coll-select::show-decision-process::info] An algorithm is selected. [special-route] [barrier] [200] [0]
[b13-3210s:00803] [mpi::coll-select::show-decision-process::info] An algorithm is selected. [special-route] [barrier] [200] [0]
[b13-3210s:00803] [mpi::coll-select::show-decision-process::info] An algorithm is selected. [special-route] [barrier] [200] [0]
[b13-3210s:00803] [mpi::coll-select::show-decision-process::info] Any algorithm is not selected. [MCA-parameter] [bcast]
[b13-3210s:00803] [mpi::coll-select::show-decision-process::info] Any algorithm is not selected. [info-oneshot] [bcast]
[b13-3210s:00803] [mpi::coll-select::show-decision-process::info] Any algorithm is not selected. [info-rules] [bcast]
[b13-3210s:00803] [mpi::coll-select::show-decision-process::info] Any algorithm is not selected. [user-files] [bcast]
[b13-3210s:00803] [mpi::coll-select::show-decision-process::info] An algorithm is selected. [system-files] [bcast] [101]
[b13-3210s:00803] [mpi::coll-select::show-decision-process::info] An algorithm is selected. [special-route] [allreduce] [200] [0]
[b13-3210s:00803] [mpi::coll-select::show-decision-process::info] The algorithm is judged as applicable. [system-files] [bcast] [101(segsize=1024)]
[b13-3210s:00803] [mpi::coll-select::show-decision-process::info] An algorithm is selected. [special-route] [barrier] [200] [0]
[b13-3210s:00803] [mpi::coll-select::show-decision-process::info] An algorithm is selected. [special-route] [barrier] [200] [0]
[b13-3210s:00803] [mpi::coll-select::show-decision-process::info] An algorithm is selected. [special-route] [barrier] [200] [0]
[b13-3210s:00803] [mpi::coll-select::show-decision-process::info] Any algorithm is not selected. [MCA-parameter] [bcast]
[b13-3210s:00803] [mpi::coll-select::show-decision-process::info] Any algorithm is not selected. [info-oneshot] [bcast]
[b13-3210s:00803] [mpi::coll-select::show-decision-process::info] Any algorithm is not selected. [info-rules] [bcast]
[b13-3210s:00803] [mpi::coll-select::show-decision-process::info] Any algorithm is not selected. [user-files] [bcast]
[b13-3210s:00803] [mpi::coll-select::show-decision-process::info] An algorithm is selected. [system-files] [bcast] [101]
[b13-3210s:00803] [mpi::coll-select::show-decision-process::info] An algorithm is selected. [special-route] [allreduce] [200] [0]
[b13-3210s:00803] [mpi::coll-select::show-decision-process::info] The algorithm is judged as applicable. [system-files] [bcast] [101(segsize=1024)]
[b13-3210s:00803] [mpi::coll-select::show-decision-process::info] An algorithm is selected. [special-route] [barrier] [200] [0]
[b13-3210s:00803] [mpi::coll-select::show-decision-process::info] An algorithm is selected. [special-route] [barrier] [200] [0]
[b13-3210s:00803] [mpi::coll-select::show-decision-process::info] An algorithm is selected. [special-route] [barrier] [200] [0]
[b13-3210s:00803] [mpi::coll-select::show-decision-process::info] Any algorithm is not selected. [MCA-parameter] [bcast]
[b13-3210s:00803] [mpi::coll-select::show-decision-process::info] Any algorithm is not selected. [info-oneshot] [bcast]
[b13-3210s:00803] [mpi::coll-select::show-decision-process::info] Any algorithm is not selected. [info-rules] [bcast]
[b13-3210s:00803] [mpi::coll-select::show-decision-process::info] Any algorithm is not selected. [user-files] [bcast]
[b13-3210s:00803] [mpi::coll-select::show-decision-process::info] An algorithm is selected. [system-files] [bcast] [101]
[b13-3210s:00803] [mpi::coll-select::show-decision-process::info] An algorithm is selected. [special-route] [allreduce] [200] [0]
[b13-3210s:00803] [mpi::coll-select::show-decision-process::info] The algorithm is judged as applicable. [system-files] [bcast] [101(segsize=1024)]
[b13-3210s:00803] [mpi::coll-select::show-decision-process::info] An algorithm is selected. [special-route] [barrier] [200] [0]
[b13-3210s:00803] [mpi::coll-select::show-decision-process::info] An algorithm is selected. [special-route] [barrier] [200] [0]
[b13-3210s:00803] [mpi::coll-select::show-decision-process::info] An algorithm is selected. [special-route] [barrier] [200] [0]
[b13-3210s:00803] [mpi::coll-select::show-decision-process::info] Any algorithm is not selected. [MCA-parameter] [bcast]
[b13-3210s:00803] [mpi::coll-select::show-decision-process::info] Any algorithm is not selected. [info-oneshot] [bcast]
[b13-3210s:00803] [mpi::coll-select::show-decision-process::info] Any algorithm is not selected. [info-rules] [bcast]
[b13-3210s:00803] [mpi::coll-select::show-decision-process::info] Any algorithm is not selected. [user-files] [bcast]
[b13-3210s:00803] [mpi::coll-select::show-decision-process::info] An algorithm is selected. [system-files] [bcast] [101]
[b13-3210s:00803] [mpi::coll-select::show-decision-process::info] An algorithm is selected. [special-route] [allreduce] [200] [0]
[b13-3210s:00803] [mpi::coll-select::show-decision-process::info] The algorithm is judged as applicable. [system-files] [bcast] [101(segsize=1024)]
[b13-3210s:00803] [mpi::coll-select::show-decision-process::info] An algorithm is selected. [special-route] [barrier] [200] [0]
[b13-3210s:00803] [mpi::coll-select::show-decision-process::info] An algorithm is selected. [special-route] [reduce] [200] [0]
