[b13-3210s:00275] [mpi::coll-select::show-decision-process::info] An algorithm is selected. [special-route] [bcast] [200] [0]
[b13-3210s:00275] [mpi::coll-select::show-decision-process::info] An algorithm is selected. [special-route] [barrier] [200] [0]
[b13-3210s:00275] [mpi::coll-select::show-decision-process::info] An algorithm is selected. [special-route] [barrier] [200] [0]
[b13-3210s:00275] [mpi::coll-select::show-decision-process::info] Any algorithm is not selected. [MCA-parameter] [allgather]
[b13-3210s:00275] [mpi::coll-select::show-decision-process::info] Any algorithm is not selected. [info-oneshot] [allgather]
[b13-3210s:00275] [mpi::coll-select::show-decision-process::info] Any algorithm is not selected. [info-rules] [allgather]
[b13-3210s:00275] [mpi::coll-select::show-decision-process::info] Any algorithm is not selected. [user-files] [allgather]
[b13-3210s:00275] [mpi::coll-select::show-decision-process::info] An algorithm is selected. [system-files] [allgather] [3]
[b13-3210s:00275] [mpi::coll-select::show-decision-process::info] The algorithm is judged as applicable. [system-files] [allgather] [3]
[b13-3210s:00275] [mpi::coll-select::show-decision-process::info] Any algorithm is not selected. [MCA-parameter] [allgather]
[b13-3210s:00275] [mpi::coll-select::show-decision-process::info] Any algorithm is not selected. [info-oneshot] [allgather]
[b13-3210s:00275] [mpi::coll-select::show-decision-process::info] Any algorithm is not selected. [info-rules] [allgather]
[b13-3210s:00275] [mpi::coll-select::show-decision-process::info] Any algorithm is not selected. [user-files] [allgather]
[b13-3210s:00275] [mpi::coll-select::show-decision-process::info] An algorithm is selected. [system-files] [allgather] [3]
[b13-3210s:00275] [mpi::coll-select::show-decision-process::info] The algorithm is judged as applicable. [system-files] [allgather] [3]
[b13-3210s:00275] [mpi::coll-select::show-decision-process::info] Any algorithm is not selected. [MCA-parameter] [allgather]
[b13-3210s:00275] [mpi::coll-select::show-decision-process::info] Any algorithm is not selected. [info-oneshot] [allgather]
[b13-3210s:00275] [mpi::coll-select::show-decision-process::info] Any algorithm is not selected. [info-rules] [allgather]
[b13-3210s:00275] [mpi::coll-select::show-decision-process::info] Any algorithm is not selected. [user-files] [allgather]
[b13-3210s:00275] [mpi::coll-select::show-decision-process::info] An algorithm is selected. [system-files] [allgather] [3]
[b13-3210s:00275] [mpi::coll-select::show-decision-process::info] The algorithm is judged as applicable. [system-files] [allgather] [3]
[b13-3210s:00275] [mpi::coll-select::show-decision-process::info] Any algorithm is not selected. [MCA-parameter] [allgather]
[b13-3210s:00275] [mpi::coll-select::show-decision-process::info] Any algorithm is not selected. [info-oneshot] [allgather]
[b13-3210s:00275] [mpi::coll-select::show-decision-process::info] Any algorithm is not selected. [info-rules] [allgather]
[b13-3210s:00275] [mpi::coll-select::show-decision-process::info] Any algorithm is not selected. [user-files] [allgather]
[b13-3210s:00275] [mpi::coll-select::show-decision-process::info] An algorithm is selected. [system-files] [allgather] [3]
[b13-3210s:00275] [mpi::coll-select::show-decision-process::info] The algorithm is judged as applicable. [system-files] [allgather] [3]
[b13-3210s:00275] [mpi::coll-select::show-decision-process::info] Any algorithm is not selected. [MCA-parameter] [allgather]
[b13-3210s:00275] [mpi::coll-select::show-decision-process::info] Any algorithm is not selected. [info-oneshot] [allgather]
[b13-3210s:00275] [mpi::coll-select::show-decision-process::info] Any algorithm is not selected. [info-rules] [allgather]
[b13-3210s:00275] [mpi::coll-select::show-decision-process::info] Any algorithm is not selected. [user-files] [allgather]
[b13-3210s:00275] [mpi::coll-select::show-decision-process::info] An algorithm is selected. [system-files] [allgather] [3]
[b13-3210s:00275] [mpi::coll-select::show-decision-process::info] The algorithm is judged as applicable. [system-files] [allgather] [3]
[b13-3210s:00275] [mpi::coll-select::show-decision-process::info] Any algorithm is not selected. [MCA-parameter] [allgather]
[b13-3210s:00275] [mpi::coll-select::show-decision-process::info] Any algorithm is not selected. [info-oneshot] [allgather]
[b13-3210s:00275] [mpi::coll-select::show-decision-process::info] Any algorithm is not selected. [info-rules] [allgather]
[b13-3210s:00275] [mpi::coll-select::show-decision-process::info] Any algorithm is not selected. [user-files] [allgather]
[b13-3210s:00275] [mpi::coll-select::show-decision-process::info] An algorithm is selected. [system-files] [allgather] [3]
[b13-3210s:00275] [mpi::coll-select::show-decision-process::info] The algorithm is judged as applicable. [system-files] [allgather] [3]
[b13-3210s:00275] [mpi::coll-select::show-decision-process::info] Any algorithm is not selected. [MCA-parameter] [allgather]
[b13-3210s:00275] [mpi::coll-select::show-decision-process::info] Any algorithm is not selected. [info-oneshot] [allgather]
[b13-3210s:00275] [mpi::coll-select::show-decision-process::info] Any algorithm is not selected. [info-rules] [allgather]
[b13-3210s:00275] [mpi::coll-select::show-decision-process::info] Any algorithm is not selected. [user-files] [allgather]
[b13-3210s:00275] [mpi::coll-select::show-decision-process::info] An algorithm is selected. [system-files] [allgather] [3]
[b13-3210s:00275] [mpi::coll-select::show-decision-process::info] The algorithm is judged as applicable. [system-files] [allgather] [3]
[b13-3210s:00275] [mpi::coll-select::show-decision-process::info] Any algorithm is not selected. [MCA-parameter] [allgather]
[b13-3210s:00275] [mpi::coll-select::show-decision-process::info] Any algorithm is not selected. [info-oneshot] [allgather]
[b13-3210s:00275] [mpi::coll-select::show-decision-process::info] Any algorithm is not selected. [info-rules] [allgather]
[b13-3210s:00275] [mpi::coll-select::show-decision-process::info] Any algorithm is not selected. [user-files] [allgather]
[b13-3210s:00275] [mpi::coll-select::show-decision-process::info] An algorithm is selected. [system-files] [allgather] [3]
[b13-3210s:00275] [mpi::coll-select::show-decision-process::info] The algorithm is judged as applicable. [system-files] [allgather] [3]
[b13-3210s:00275] [mpi::coll-select::show-decision-process::info] Any algorithm is not selected. [MCA-parameter] [allgather]
[b13-3210s:00275] [mpi::coll-select::show-decision-process::info] Any algorithm is not selected. [info-oneshot] [allgather]
[b13-3210s:00275] [mpi::coll-select::show-decision-process::info] Any algorithm is not selected. [info-rules] [allgather]
[b13-3210s:00275] [mpi::coll-select::show-decision-process::info] Any algorithm is not selected. [user-files] [allgather]
[b13-3210s:00275] [mpi::coll-select::show-decision-process::info] An algorithm is selected. [system-files] [allgather] [3]
[b13-3210s:00275] [mpi::coll-select::show-decision-process::info] The algorithm is judged as applicable. [system-files] [allgather] [3]
[b13-3210s:00275] [mpi::coll-select::show-decision-process::info] Any algorithm is not selected. [MCA-parameter] [allgather]
[b13-3210s:00275] [mpi::coll-select::show-decision-process::info] Any algorithm is not selected. [info-oneshot] [allgather]
[b13-3210s:00275] [mpi::coll-select::show-decision-process::info] Any algorithm is not selected. [info-rules] [allgather]
[b13-3210s:00275] [mpi::coll-select::show-decision-process::info] Any algorithm is not selected. [user-files] [allgather]
[b13-3210s:00275] [mpi::coll-select::show-decision-process::info] An algorithm is selected. [system-files] [allgather] [3]
[b13-3210s:00275] [mpi::coll-select::show-decision-process::info] The algorithm is judged as applicable. [system-files] [allgather] [3]
[b13-3210s:00275] [mpi::coll-select::show-decision-process::info] Any algorithm is not selected. [MCA-parameter] [allgather]
[b13-3210s:00275] [mpi::coll-select::show-decision-process::info] Any algorithm is not selected. [info-oneshot] [allgather]
[b13-3210s:00275] [mpi::coll-select::show-decision-process::info] Any algorithm is not selected. [info-rules] [allgather]
[b13-3210s:00275] [mpi::coll-select::show-decision-process::info] Any algorithm is not selected. [user-files] [allgather]
[b13-3210s:00275] [mpi::coll-select::show-decision-process::info] An algorithm is selected. [system-files] [allgather] [3]
[b13-3210s:00275] [mpi::coll-select::show-decision-process::info] The algorithm is judged as applicable. [system-files] [allgather] [3]
[b13-3210s:00275] [mpi::coll-select::show-decision-process::info] Any algorithm is not selected. [MCA-parameter] [allgather]
[b13-3210s:00275] [mpi::coll-select::show-decision-process::info] Any algorithm is not selected. [info-oneshot] [allgather]
[b13-3210s:00275] [mpi::coll-select::show-decision-process::info] Any algorithm is not selected. [info-rules] [allgather]
[b13-3210s:00275] [mpi::coll-select::show-decision-process::info] Any algorithm is not selected. [user-files] [allgather]
[b13-3210s:00275] [mpi::coll-select::show-decision-process::info] An algorithm is selected. [system-files] [allgather] [3]
[b13-3210s:00275] [mpi::coll-select::show-decision-process::info] The algorithm is judged as applicable. [system-files] [allgather] [3]
[b13-3210s:00275] [mpi::coll-select::show-decision-process::info] An algorithm is selected. [special-route] [bcast] [200] [0]
[b13-3210s:00275] [mpi::coll-select::show-decision-process::info] An algorithm is selected. [special-route] [barrier] [200] [0]
[b13-3210s:00275] [mpi::coll-select::show-decision-process::info] An algorithm is selected. [special-route] [barrier] [200] [0]
[b13-3210s:00275] [mpi::coll-select::show-decision-process::info] An algorithm is selected. [special-route] [bcast] [200] [0]
[b13-3210s:00275] [mpi::coll-select::show-decision-process::info] An algorithm is selected. [special-route] [barrier] [200] [0]
[b13-3210s:00275] [mpi::coll-select::show-decision-process::info] An algorithm is selected. [special-route] [barrier] [200] [0]
[b13-3210s:00275] [mpi::coll-select::show-decision-process::info] An algorithm is selected. [special-route] [bcast] [200] [0]
[b13-3210s:00275] [mpi::coll-select::show-decision-process::info] An algorithm is selected. [special-route] [barrier] [200] [0]
[b13-3210s:00275] [mpi::coll-select::show-decision-process::info] An algorithm is selected. [special-route] [barrier] [200] [0]
[b13-3210s:00275] [mpi::coll-select::show-decision-process::info] An algorithm is selected. [special-route] [bcast] [200] [0]
[b13-3210s:00275] [mpi::coll-select::show-decision-process::info] An algorithm is selected. [special-route] [barrier] [200] [0]
[b13-3210s:00275] [mpi::coll-select::show-decision-process::info] An algorithm is selected. [special-route] [barrier] [200] [0]
[b13-3210s:00275] [mpi::coll-select::show-decision-process::info] An algorithm is selected. [special-route] [bcast] [200] [0]
[b13-3210s:00275] [mpi::coll-select::show-decision-process::info] An algorithm is selected. [special-route] [barrier] [200] [0]
[b13-3210s:00275] [mpi::coll-select::show-decision-process::info] An algorithm is selected. [special-route] [barrier] [200] [0]
[b13-3210s:00275] [mpi::coll-select::show-decision-process::info] An algorithm is selected. [special-route] [bcast] [200] [0]
[b13-3210s:00275] [mpi::coll-select::show-decision-process::info] An algorithm is selected. [special-route] [barrier] [200] [0]
[b13-3210s:00275] [mpi::coll-select::show-decision-process::info] An algorithm is selected. [special-route] [barrier] [200] [0]
[b13-3210s:00275] [mpi::coll-select::show-decision-process::info] An algorithm is selected. [special-route] [bcast] [200] [0]
[b13-3210s:00275] [mpi::coll-select::show-decision-process::info] An algorithm is selected. [special-route] [barrier] [200] [0]
[b13-3210s:00275] [mpi::coll-select::show-decision-process::info] An algorithm is selected. [special-route] [barrier] [200] [0]
[b13-3210s:00275] [mpi::coll-select::show-decision-process::info] An algorithm is selected. [special-route] [bcast] [200] [0]
[b13-3210s:00275] [mpi::coll-select::show-decision-process::info] An algorithm is selected. [special-route] [barrier] [200] [0]
[b13-3210s:00275] [mpi::coll-select::show-decision-process::info] An algorithm is selected. [special-route] [barrier] [200] [0]
[b13-3210s:00275] [mpi::coll-select::show-decision-process::info] An algorithm is selected. [special-route] [bcast] [200] [0]
[b13-3210s:00275] [mpi::coll-select::show-decision-process::info] An algorithm is selected. [special-route] [barrier] [200] [0]
[b13-3210s:00275] [mpi::coll-select::show-decision-process::info] An algorithm is selected. [special-route] [barrier] [200] [0]
[b13-3210s:00275] [mpi::coll-select::show-decision-process::info] An algorithm is selected. [special-route] [bcast] [200] [0]
[b13-3210s:00275] [mpi::coll-select::show-decision-process::info] An algorithm is selected. [special-route] [barrier] [200] [0]
[b13-3210s:00275] [mpi::coll-select::show-decision-process::info] An algorithm is selected. [special-route] [barrier] [200] [0]
[b13-3210s:00275] [mpi::coll-select::show-decision-process::info] An algorithm is selected. [special-route] [bcast] [200] [0]
[b13-3210s:00275] [mpi::coll-select::show-decision-process::info] An algorithm is selected. [special-route] [reduce] [200] [0]
