[i08-7010s:00660] [mpi::coll-select::show-decision-process::info] Any algorithm is not selected. [MCA-parameter] [alltoall]
[i08-7010s:00660] [mpi::coll-select::show-decision-process::info] Any algorithm is not selected. [info-oneshot] [alltoall]
[i08-7010s:00660] [mpi::coll-select::show-decision-process::info] Any algorithm is not selected. [info-rules] [alltoall]
[i08-7010s:00660] [mpi::coll-select::show-decision-process::info] Any algorithm is not selected. [user-files] [alltoall]
[i08-7010s:00660] [mpi::coll-select::show-decision-process::info] An algorithm is selected. [system-files] [alltoall] [100]
[i08-7010s:00660] [mpi::coll-select::show-decision-process::info] An algorithm is selected. [special-route] [allreduce] [200] [0]
[i08-7010s:00660] [mpi::coll-select::show-decision-process::info] The algorithm is judged as applicable. [system-files] [alltoall] [100]
[i08-7010s:00660] [mpi::coll-select::show-decision-process::info] An algorithm is selected. [system-files] [allgather] [100]
[i08-7010s:00660] [mpi::coll-select::show-decision-process::info] The algorithm is judged as applicable. [system-files] [allgather] [100]
[i08-7010s:00660] [mpi::coll-select::show-decision-process::info] An algorithm is selected. [system-files] [gather] [2]
[i08-7010s:00660] [mpi::coll-select::show-decision-process::info] The algorithm is judged as applicable. [system-files] [gather] [2]
[i08-7010s:00660] [mpi::coll-select::show-decision-process::info] An algorithm is selected. [special-route] [barrier] [200] [0]
[i08-7010s:00660] [mpi::coll-select::show-decision-process::info] An algorithm is selected. [system-files] [bcast] [100]
[i08-7010s:00660] [mpi::coll-select::show-decision-process::info] The algorithm is judged as applicable. [system-files] [bcast] [100(segsize=4096)]
[i08-7010s:00660] [mpi::coll-select::show-decision-process::info] An algorithm is selected. [special-route] [barrier] [200] [0]
[i08-7010s:00660] [mpi::coll-select::show-decision-process::info] An algorithm is selected. [special-route] [barrier] [200] [0]
[i08-7010s:00660] [mpi::coll-select::show-decision-process::info] An algorithm is selected. [special-route] [barrier] [200] [0]
[i08-7010s:00660] [mpi::coll-select::show-decision-process::info] An algorithm is selected. [special-route] [barrier] [200] [0]
[i08-7010s:00660] [mpi::coll-select::show-decision-process::info] An algorithm is selected. [special-route] [barrier] [200] [0]
[i08-7010s:00660] [mpi::coll-select::show-decision-process::info] Any algorithm is not selected. [MCA-parameter] [allgather]
[i08-7010s:00660] [mpi::coll-select::show-decision-process::info] Any algorithm is not selected. [info-oneshot] [allgather]
[i08-7010s:00660] [mpi::coll-select::show-decision-process::info] Any algorithm is not selected. [info-rules] [allgather]
[i08-7010s:00660] [mpi::coll-select::show-decision-process::info] Any algorithm is not selected. [user-files] [allgather]
[i08-7010s:00660] [mpi::coll-select::show-decision-process::info] An algorithm is selected. [system-files] [allgather] [3]
[i08-7010s:00660] [mpi::coll-select::show-decision-process::info] The algorithm is judged as applicable. [system-files] [allgather] [3]
[i08-7010s:00660] [mpi::coll-select::show-decision-process::info] Any algorithm is not selected. [MCA-parameter] [allgather]
[i08-7010s:00660] [mpi::coll-select::show-decision-process::info] Any algorithm is not selected. [info-oneshot] [allgather]
[i08-7010s:00660] [mpi::coll-select::show-decision-process::info] Any algorithm is not selected. [info-rules] [allgather]
[i08-7010s:00660] [mpi::coll-select::show-decision-process::info] Any algorithm is not selected. [user-files] [allgather]
[i08-7010s:00660] [mpi::coll-select::show-decision-process::info] An algorithm is selected. [system-files] [allgather] [3]
[i08-7010s:00660] [mpi::coll-select::show-decision-process::info] The algorithm is judged as applicable. [system-files] [allgather] [3]
[i08-7010s:00660] [mpi::coll-select::show-decision-process::info] Any algorithm is not selected. [MCA-parameter] [allgather]
[i08-7010s:00660] [mpi::coll-select::show-decision-process::info] Any algorithm is not selected. [info-oneshot] [allgather]
[i08-7010s:00660] [mpi::coll-select::show-decision-process::info] Any algorithm is not selected. [info-rules] [allgather]
[i08-7010s:00660] [mpi::coll-select::show-decision-process::info] Any algorithm is not selected. [user-files] [allgather]
[i08-7010s:00660] [mpi::coll-select::show-decision-process::info] An algorithm is selected. [system-files] [allgather] [3]
[i08-7010s:00660] [mpi::coll-select::show-decision-process::info] The algorithm is judged as applicable. [system-files] [allgather] [3]
[i08-7010s:00660] [mpi::coll-select::show-decision-process::info] Any algorithm is not selected. [MCA-parameter] [allgather]
[i08-7010s:00660] [mpi::coll-select::show-decision-process::info] Any algorithm is not selected. [info-oneshot] [allgather]
[i08-7010s:00660] [mpi::coll-select::show-decision-process::info] Any algorithm is not selected. [info-rules] [allgather]
[i08-7010s:00660] [mpi::coll-select::show-decision-process::info] Any algorithm is not selected. [user-files] [allgather]
[i08-7010s:00660] [mpi::coll-select::show-decision-process::info] An algorithm is selected. [system-files] [allgather] [3]
[i08-7010s:00660] [mpi::coll-select::show-decision-process::info] The algorithm is judged as applicable. [system-files] [allgather] [3]
[i08-7010s:00660] [mpi::coll-select::show-decision-process::info] Any algorithm is not selected. [MCA-parameter] [allgather]
[i08-7010s:00660] [mpi::coll-select::show-decision-process::info] Any algorithm is not selected. [info-oneshot] [allgather]
[i08-7010s:00660] [mpi::coll-select::show-decision-process::info] Any algorithm is not selected. [info-rules] [allgather]
[i08-7010s:00660] [mpi::coll-select::show-decision-process::info] Any algorithm is not selected. [user-files] [allgather]
[i08-7010s:00660] [mpi::coll-select::show-decision-process::info] An algorithm is selected. [system-files] [allgather] [3]
[i08-7010s:00660] [mpi::coll-select::show-decision-process::info] The algorithm is judged as applicable. [system-files] [allgather] [3]
[i08-7010s:00660] [mpi::coll-select::show-decision-process::info] Any algorithm is not selected. [MCA-parameter] [allgather]
[i08-7010s:00660] [mpi::coll-select::show-decision-process::info] Any algorithm is not selected. [info-oneshot] [allgather]
[i08-7010s:00660] [mpi::coll-select::show-decision-process::info] Any algorithm is not selected. [info-rules] [allgather]
[i08-7010s:00660] [mpi::coll-select::show-decision-process::info] Any algorithm is not selected. [user-files] [allgather]
[i08-7010s:00660] [mpi::coll-select::show-decision-process::info] An algorithm is selected. [system-files] [allgather] [3]
[i08-7010s:00660] [mpi::coll-select::show-decision-process::info] The algorithm is judged as applicable. [system-files] [allgather] [3]
[i08-7010s:00660] [mpi::coll-select::show-decision-process::info] Any algorithm is not selected. [MCA-parameter] [allgather]
[i08-7010s:00660] [mpi::coll-select::show-decision-process::info] Any algorithm is not selected. [info-oneshot] [allgather]
[i08-7010s:00660] [mpi::coll-select::show-decision-process::info] Any algorithm is not selected. [info-rules] [allgather]
[i08-7010s:00660] [mpi::coll-select::show-decision-process::info] Any algorithm is not selected. [user-files] [allgather]
[i08-7010s:00660] [mpi::coll-select::show-decision-process::info] An algorithm is selected. [system-files] [allgather] [3]
[i08-7010s:00660] [mpi::coll-select::show-decision-process::info] The algorithm is judged as applicable. [system-files] [allgather] [3]
[i08-7010s:00660] [mpi::coll-select::show-decision-process::info] Any algorithm is not selected. [MCA-parameter] [allgather]
[i08-7010s:00660] [mpi::coll-select::show-decision-process::info] Any algorithm is not selected. [info-oneshot] [allgather]
[i08-7010s:00660] [mpi::coll-select::show-decision-process::info] Any algorithm is not selected. [info-rules] [allgather]
[i08-7010s:00660] [mpi::coll-select::show-decision-process::info] Any algorithm is not selected. [user-files] [allgather]
[i08-7010s:00660] [mpi::coll-select::show-decision-process::info] An algorithm is selected. [system-files] [allgather] [3]
[i08-7010s:00660] [mpi::coll-select::show-decision-process::info] The algorithm is judged as applicable. [system-files] [allgather] [3]
[i08-7010s:00660] [mpi::coll-select::show-decision-process::info] Any algorithm is not selected. [MCA-parameter] [allgather]
[i08-7010s:00660] [mpi::coll-select::show-decision-process::info] Any algorithm is not selected. [info-oneshot] [allgather]
[i08-7010s:00660] [mpi::coll-select::show-decision-process::info] Any algorithm is not selected. [info-rules] [allgather]
[i08-7010s:00660] [mpi::coll-select::show-decision-process::info] Any algorithm is not selected. [user-files] [allgather]
[i08-7010s:00660] [mpi::coll-select::show-decision-process::info] An algorithm is selected. [system-files] [allgather] [3]
[i08-7010s:00660] [mpi::coll-select::show-decision-process::info] The algorithm is judged as applicable. [system-files] [allgather] [3]
[i08-7010s:00660] [mpi::coll-select::show-decision-process::info] Any algorithm is not selected. [MCA-parameter] [allgather]
[i08-7010s:00660] [mpi::coll-select::show-decision-process::info] Any algorithm is not selected. [info-oneshot] [allgather]
[i08-7010s:00660] [mpi::coll-select::show-decision-process::info] Any algorithm is not selected. [info-rules] [allgather]
[i08-7010s:00660] [mpi::coll-select::show-decision-process::info] Any algorithm is not selected. [user-files] [allgather]
[i08-7010s:00660] [mpi::coll-select::show-decision-process::info] An algorithm is selected. [system-files] [allgather] [3]
[i08-7010s:00660] [mpi::coll-select::show-decision-process::info] The algorithm is judged as applicable. [system-files] [allgather] [3]
[i08-7010s:00660] [mpi::coll-select::show-decision-process::info] Any algorithm is not selected. [MCA-parameter] [allgather]
[i08-7010s:00660] [mpi::coll-select::show-decision-process::info] Any algorithm is not selected. [info-oneshot] [allgather]
[i08-7010s:00660] [mpi::coll-select::show-decision-process::info] Any algorithm is not selected. [info-rules] [allgather]
[i08-7010s:00660] [mpi::coll-select::show-decision-process::info] Any algorithm is not selected. [user-files] [allgather]
[i08-7010s:00660] [mpi::coll-select::show-decision-process::info] An algorithm is selected. [system-files] [allgather] [3]
[i08-7010s:00660] [mpi::coll-select::show-decision-process::info] The algorithm is judged as applicable. [system-files] [allgather] [3]
[i08-7010s:00660] [mpi::coll-select::show-decision-process::info] Any algorithm is not selected. [MCA-parameter] [allgather]
[i08-7010s:00660] [mpi::coll-select::show-decision-process::info] Any algorithm is not selected. [info-oneshot] [allgather]
[i08-7010s:00660] [mpi::coll-select::show-decision-process::info] Any algorithm is not selected. [info-rules] [allgather]
[i08-7010s:00660] [mpi::coll-select::show-decision-process::info] Any algorithm is not selected. [user-files] [allgather]
[i08-7010s:00660] [mpi::coll-select::show-decision-process::info] An algorithm is selected. [system-files] [allgather] [3]
[i08-7010s:00660] [mpi::coll-select::show-decision-process::info] The algorithm is judged as applicable. [system-files] [allgather] [3]
[i08-7010s:00660] [mpi::coll-select::show-decision-process::info] Any algorithm is not selected. [MCA-parameter] [alltoall]
[i08-7010s:00660] [mpi::coll-select::show-decision-process::info] Any algorithm is not selected. [info-oneshot] [alltoall]
[i08-7010s:00660] [mpi::coll-select::show-decision-process::info] Any algorithm is not selected. [info-rules] [alltoall]
[i08-7010s:00660] [mpi::coll-select::show-decision-process::info] Any algorithm is not selected. [user-files] [alltoall]
[i08-7010s:00660] [mpi::coll-select::show-decision-process::info] An algorithm is selected. [system-files] [alltoall] [100]
[i08-7010s:00660] [mpi::coll-select::show-decision-process::info] An algorithm is selected. [special-route] [allreduce] [200] [0]
[i08-7010s:00660] [mpi::coll-select::show-decision-process::info] The algorithm is judged as applicable. [system-files] [alltoall] [100]
[i08-7010s:00660] [mpi::coll-select::show-decision-process::info] An algorithm is selected. [system-files] [allgather] [100]
[i08-7010s:00660] [mpi::coll-select::show-decision-process::info] The algorithm is judged as applicable. [system-files] [allgather] [100]
[i08-7010s:00660] [mpi::coll-select::show-decision-process::info] An algorithm is selected. [system-files] [gather] [2]
[i08-7010s:00660] [mpi::coll-select::show-decision-process::info] The algorithm is judged as applicable. [system-files] [gather] [2]
[i08-7010s:00660] [mpi::coll-select::show-decision-process::info] An algorithm is selected. [special-route] [barrier] [200] [0]
[i08-7010s:00660] [mpi::coll-select::show-decision-process::info] An algorithm is selected. [system-files] [bcast] [100]
[i08-7010s:00660] [mpi::coll-select::show-decision-process::info] The algorithm is judged as applicable. [system-files] [bcast] [100(segsize=4096)]
[i08-7010s:00660] [mpi::coll-select::show-decision-process::info] An algorithm is selected. [special-route] [barrier] [200] [0]
[i08-7010s:00660] [mpi::coll-select::show-decision-process::info] An algorithm is selected. [special-route] [barrier] [200] [0]
[i08-7010s:00660] [mpi::coll-select::show-decision-process::info] An algorithm is selected. [special-route] [barrier] [200] [0]
[i08-7010s:00660] [mpi::coll-select::show-decision-process::info] An algorithm is selected. [special-route] [barrier] [200] [0]
[i08-7010s:00660] [mpi::coll-select::show-decision-process::info] An algorithm is selected. [special-route] [barrier] [200] [0]
[i08-7010s:00660] [mpi::coll-select::show-decision-process::info] Any algorithm is not selected. [MCA-parameter] [alltoall]
[i08-7010s:00660] [mpi::coll-select::show-decision-process::info] Any algorithm is not selected. [info-oneshot] [alltoall]
[i08-7010s:00660] [mpi::coll-select::show-decision-process::info] Any algorithm is not selected. [info-rules] [alltoall]
[i08-7010s:00660] [mpi::coll-select::show-decision-process::info] Any algorithm is not selected. [user-files] [alltoall]
[i08-7010s:00660] [mpi::coll-select::show-decision-process::info] An algorithm is selected. [system-files] [alltoall] [100]
[i08-7010s:00660] [mpi::coll-select::show-decision-process::info] An algorithm is selected. [special-route] [allreduce] [200] [0]
[i08-7010s:00660] [mpi::coll-select::show-decision-process::info] The algorithm is judged as applicable. [system-files] [alltoall] [100]
[i08-7010s:00660] [mpi::coll-select::show-decision-process::info] An algorithm is selected. [system-files] [allgather] [100]
[i08-7010s:00660] [mpi::coll-select::show-decision-process::info] The algorithm is judged as applicable. [system-files] [allgather] [100]
[i08-7010s:00660] [mpi::coll-select::show-decision-process::info] An algorithm is selected. [system-files] [gather] [2]
[i08-7010s:00660] [mpi::coll-select::show-decision-process::info] The algorithm is judged as applicable. [system-files] [gather] [2]
[i08-7010s:00660] [mpi::coll-select::show-decision-process::info] An algorithm is selected. [special-route] [barrier] [200] [0]
[i08-7010s:00660] [mpi::coll-select::show-decision-process::info] An algorithm is selected. [system-files] [bcast] [100]
[i08-7010s:00660] [mpi::coll-select::show-decision-process::info] The algorithm is judged as applicable. [system-files] [bcast] [100(segsize=4096)]
[i08-7010s:00660] [mpi::coll-select::show-decision-process::info] An algorithm is selected. [special-route] [barrier] [200] [0]
[i08-7010s:00660] [mpi::coll-select::show-decision-process::info] An algorithm is selected. [special-route] [barrier] [200] [0]
[i08-7010s:00660] [mpi::coll-select::show-decision-process::info] An algorithm is selected. [special-route] [barrier] [200] [0]
[i08-7010s:00660] [mpi::coll-select::show-decision-process::info] An algorithm is selected. [special-route] [barrier] [200] [0]
[i08-7010s:00660] [mpi::coll-select::show-decision-process::info] An algorithm is selected. [special-route] [barrier] [200] [0]
[i08-7010s:00660] [mpi::coll-select::show-decision-process::info] Any algorithm is not selected. [MCA-parameter] [alltoall]
[i08-7010s:00660] [mpi::coll-select::show-decision-process::info] Any algorithm is not selected. [info-oneshot] [alltoall]
[i08-7010s:00660] [mpi::coll-select::show-decision-process::info] Any algorithm is not selected. [info-rules] [alltoall]
[i08-7010s:00660] [mpi::coll-select::show-decision-process::info] Any algorithm is not selected. [user-files] [alltoall]
[i08-7010s:00660] [mpi::coll-select::show-decision-process::info] An algorithm is selected. [system-files] [alltoall] [100]
[i08-7010s:00660] [mpi::coll-select::show-decision-process::info] An algorithm is selected. [special-route] [allreduce] [200] [0]
[i08-7010s:00660] [mpi::coll-select::show-decision-process::info] The algorithm is judged as applicable. [system-files] [alltoall] [100]
[i08-7010s:00660] [mpi::coll-select::show-decision-process::info] An algorithm is selected. [system-files] [allgather] [100]
[i08-7010s:00660] [mpi::coll-select::show-decision-process::info] The algorithm is judged as applicable. [system-files] [allgather] [100]
[i08-7010s:00660] [mpi::coll-select::show-decision-process::info] An algorithm is selected. [system-files] [gather] [2]
[i08-7010s:00660] [mpi::coll-select::show-decision-process::info] The algorithm is judged as applicable. [system-files] [gather] [2]
[i08-7010s:00660] [mpi::coll-select::show-decision-process::info] An algorithm is selected. [special-route] [barrier] [200] [0]
[i08-7010s:00660] [mpi::coll-select::show-decision-process::info] An algorithm is selected. [system-files] [bcast] [100]
[i08-7010s:00660] [mpi::coll-select::show-decision-process::info] The algorithm is judged as applicable. [system-files] [bcast] [100(segsize=4096)]
[i08-7010s:00660] [mpi::coll-select::show-decision-process::info] An algorithm is selected. [special-route] [barrier] [200] [0]
[i08-7010s:00660] [mpi::coll-select::show-decision-process::info] An algorithm is selected. [special-route] [barrier] [200] [0]
[i08-7010s:00660] [mpi::coll-select::show-decision-process::info] An algorithm is selected. [special-route] [barrier] [200] [0]
[i08-7010s:00660] [mpi::coll-select::show-decision-process::info] An algorithm is selected. [special-route] [barrier] [200] [0]
[i08-7010s:00660] [mpi::coll-select::show-decision-process::info] An algorithm is selected. [special-route] [barrier] [200] [0]
[i08-7010s:00660] [mpi::coll-select::show-decision-process::info] Any algorithm is not selected. [MCA-parameter] [alltoall]
[i08-7010s:00660] [mpi::coll-select::show-decision-process::info] Any algorithm is not selected. [info-oneshot] [alltoall]
[i08-7010s:00660] [mpi::coll-select::show-decision-process::info] Any algorithm is not selected. [info-rules] [alltoall]
[i08-7010s:00660] [mpi::coll-select::show-decision-process::info] Any algorithm is not selected. [user-files] [alltoall]
[i08-7010s:00660] [mpi::coll-select::show-decision-process::info] An algorithm is selected. [system-files] [alltoall] [100]
[i08-7010s:00660] [mpi::coll-select::show-decision-process::info] An algorithm is selected. [special-route] [allreduce] [200] [0]
[i08-7010s:00660] [mpi::coll-select::show-decision-process::info] The algorithm is judged as applicable. [system-files] [alltoall] [100]
[i08-7010s:00660] [mpi::coll-select::show-decision-process::info] An algorithm is selected. [system-files] [allgather] [100]
[i08-7010s:00660] [mpi::coll-select::show-decision-process::info] The algorithm is judged as applicable. [system-files] [allgather] [100]
[i08-7010s:00660] [mpi::coll-select::show-decision-process::info] An algorithm is selected. [system-files] [gather] [2]
[i08-7010s:00660] [mpi::coll-select::show-decision-process::info] The algorithm is judged as applicable. [system-files] [gather] [2]
[i08-7010s:00660] [mpi::coll-select::show-decision-process::info] An algorithm is selected. [special-route] [barrier] [200] [0]
[i08-7010s:00660] [mpi::coll-select::show-decision-process::info] An algorithm is selected. [system-files] [bcast] [100]
[i08-7010s:00660] [mpi::coll-select::show-decision-process::info] The algorithm is judged as applicable. [system-files] [bcast] [100(segsize=4096)]
[i08-7010s:00660] [mpi::coll-select::show-decision-process::info] An algorithm is selected. [special-route] [barrier] [200] [0]
[i08-7010s:00660] [mpi::coll-select::show-decision-process::info] An algorithm is selected. [special-route] [barrier] [200] [0]
[i08-7010s:00660] [mpi::coll-select::show-decision-process::info] An algorithm is selected. [special-route] [barrier] [200] [0]
[i08-7010s:00660] [mpi::coll-select::show-decision-process::info] An algorithm is selected. [special-route] [barrier] [200] [0]
[i08-7010s:00660] [mpi::coll-select::show-decision-process::info] An algorithm is selected. [special-route] [barrier] [200] [0]
[i08-7010s:00660] [mpi::coll-select::show-decision-process::info] Any algorithm is not selected. [MCA-parameter] [alltoall]
[i08-7010s:00660] [mpi::coll-select::show-decision-process::info] Any algorithm is not selected. [info-oneshot] [alltoall]
[i08-7010s:00660] [mpi::coll-select::show-decision-process::info] Any algorithm is not selected. [info-rules] [alltoall]
[i08-7010s:00660] [mpi::coll-select::show-decision-process::info] Any algorithm is not selected. [user-files] [alltoall]
[i08-7010s:00660] [mpi::coll-select::show-decision-process::info] An algorithm is selected. [system-files] [alltoall] [100]
[i08-7010s:00660] [mpi::coll-select::show-decision-process::info] An algorithm is selected. [special-route] [allreduce] [200] [0]
[i08-7010s:00660] [mpi::coll-select::show-decision-process::info] The algorithm is judged as applicable. [system-files] [alltoall] [100]
[i08-7010s:00660] [mpi::coll-select::show-decision-process::info] An algorithm is selected. [system-files] [allgather] [100]
[i08-7010s:00660] [mpi::coll-select::show-decision-process::info] The algorithm is judged as applicable. [system-files] [allgather] [100]
[i08-7010s:00660] [mpi::coll-select::show-decision-process::info] An algorithm is selected. [system-files] [gather] [2]
[i08-7010s:00660] [mpi::coll-select::show-decision-process::info] The algorithm is judged as applicable. [system-files] [gather] [2]
[i08-7010s:00660] [mpi::coll-select::show-decision-process::info] An algorithm is selected. [special-route] [barrier] [200] [0]
[i08-7010s:00660] [mpi::coll-select::show-decision-process::info] An algorithm is selected. [system-files] [bcast] [100]
[i08-7010s:00660] [mpi::coll-select::show-decision-process::info] The algorithm is judged as applicable. [system-files] [bcast] [100(segsize=4096)]
[i08-7010s:00660] [mpi::coll-select::show-decision-process::info] An algorithm is selected. [special-route] [barrier] [200] [0]
[i08-7010s:00660] [mpi::coll-select::show-decision-process::info] An algorithm is selected. [special-route] [barrier] [200] [0]
[i08-7010s:00660] [mpi::coll-select::show-decision-process::info] An algorithm is selected. [special-route] [barrier] [200] [0]
[i08-7010s:00660] [mpi::coll-select::show-decision-process::info] An algorithm is selected. [special-route] [barrier] [200] [0]
[i08-7010s:00660] [mpi::coll-select::show-decision-process::info] An algorithm is selected. [special-route] [barrier] [200] [0]
[i08-7010s:00660] [mpi::coll-select::show-decision-process::info] Any algorithm is not selected. [MCA-parameter] [alltoall]
[i08-7010s:00660] [mpi::coll-select::show-decision-process::info] Any algorithm is not selected. [info-oneshot] [alltoall]
[i08-7010s:00660] [mpi::coll-select::show-decision-process::info] Any algorithm is not selected. [info-rules] [alltoall]
[i08-7010s:00660] [mpi::coll-select::show-decision-process::info] Any algorithm is not selected. [user-files] [alltoall]
[i08-7010s:00660] [mpi::coll-select::show-decision-process::info] An algorithm is selected. [system-files] [alltoall] [100]
[i08-7010s:00660] [mpi::coll-select::show-decision-process::info] An algorithm is selected. [special-route] [allreduce] [200] [0]
[i08-7010s:00660] [mpi::coll-select::show-decision-process::info] The algorithm is judged as applicable. [system-files] [alltoall] [100]
[i08-7010s:00660] [mpi::coll-select::show-decision-process::info] An algorithm is selected. [system-files] [allgather] [100]
[i08-7010s:00660] [mpi::coll-select::show-decision-process::info] The algorithm is judged as applicable. [system-files] [allgather] [100]
[i08-7010s:00660] [mpi::coll-select::show-decision-process::info] An algorithm is selected. [system-files] [gather] [2]
[i08-7010s:00660] [mpi::coll-select::show-decision-process::info] The algorithm is judged as applicable. [system-files] [gather] [2]
[i08-7010s:00660] [mpi::coll-select::show-decision-process::info] An algorithm is selected. [special-route] [barrier] [200] [0]
[i08-7010s:00660] [mpi::coll-select::show-decision-process::info] An algorithm is selected. [system-files] [bcast] [100]
[i08-7010s:00660] [mpi::coll-select::show-decision-process::info] The algorithm is judged as applicable. [system-files] [bcast] [100(segsize=4096)]
[i08-7010s:00660] [mpi::coll-select::show-decision-process::info] An algorithm is selected. [special-route] [barrier] [200] [0]
[i08-7010s:00660] [mpi::coll-select::show-decision-process::info] An algorithm is selected. [special-route] [barrier] [200] [0]
[i08-7010s:00660] [mpi::coll-select::show-decision-process::info] An algorithm is selected. [special-route] [barrier] [200] [0]
[i08-7010s:00660] [mpi::coll-select::show-decision-process::info] An algorithm is selected. [special-route] [barrier] [200] [0]
[i08-7010s:00660] [mpi::coll-select::show-decision-process::info] An algorithm is selected. [special-route] [barrier] [200] [0]
[i08-7010s:00660] [mpi::coll-select::show-decision-process::info] Any algorithm is not selected. [MCA-parameter] [alltoall]
[i08-7010s:00660] [mpi::coll-select::show-decision-process::info] Any algorithm is not selected. [info-oneshot] [alltoall]
[i08-7010s:00660] [mpi::coll-select::show-decision-process::info] Any algorithm is not selected. [info-rules] [alltoall]
[i08-7010s:00660] [mpi::coll-select::show-decision-process::info] Any algorithm is not selected. [user-files] [alltoall]
[i08-7010s:00660] [mpi::coll-select::show-decision-process::info] An algorithm is selected. [system-files] [alltoall] [100]
[i08-7010s:00660] [mpi::coll-select::show-decision-process::info] An algorithm is selected. [special-route] [allreduce] [200] [0]
[i08-7010s:00660] [mpi::coll-select::show-decision-process::info] The algorithm is judged as applicable. [system-files] [alltoall] [100]
[i08-7010s:00660] [mpi::coll-select::show-decision-process::info] An algorithm is selected. [system-files] [allgather] [100]
[i08-7010s:00660] [mpi::coll-select::show-decision-process::info] The algorithm is judged as applicable. [system-files] [allgather] [100]
[i08-7010s:00660] [mpi::coll-select::show-decision-process::info] An algorithm is selected. [system-files] [gather] [2]
[i08-7010s:00660] [mpi::coll-select::show-decision-process::info] The algorithm is judged as applicable. [system-files] [gather] [2]
[i08-7010s:00660] [mpi::coll-select::show-decision-process::info] An algorithm is selected. [special-route] [barrier] [200] [0]
[i08-7010s:00660] [mpi::coll-select::show-decision-process::info] An algorithm is selected. [system-files] [bcast] [100]
[i08-7010s:00660] [mpi::coll-select::show-decision-process::info] The algorithm is judged as applicable. [system-files] [bcast] [100(segsize=4096)]
[i08-7010s:00660] [mpi::coll-select::show-decision-process::info] An algorithm is selected. [special-route] [barrier] [200] [0]
[i08-7010s:00660] [mpi::coll-select::show-decision-process::info] An algorithm is selected. [special-route] [barrier] [200] [0]
[i08-7010s:00660] [mpi::coll-select::show-decision-process::info] An algorithm is selected. [special-route] [barrier] [200] [0]
[i08-7010s:00660] [mpi::coll-select::show-decision-process::info] An algorithm is selected. [special-route] [barrier] [200] [0]
[i08-7010s:00660] [mpi::coll-select::show-decision-process::info] An algorithm is selected. [special-route] [barrier] [200] [0]
[i08-7010s:00660] [mpi::coll-select::show-decision-process::info] Any algorithm is not selected. [MCA-parameter] [alltoall]
[i08-7010s:00660] [mpi::coll-select::show-decision-process::info] Any algorithm is not selected. [info-oneshot] [alltoall]
[i08-7010s:00660] [mpi::coll-select::show-decision-process::info] Any algorithm is not selected. [info-rules] [alltoall]
[i08-7010s:00660] [mpi::coll-select::show-decision-process::info] Any algorithm is not selected. [user-files] [alltoall]
[i08-7010s:00660] [mpi::coll-select::show-decision-process::info] An algorithm is selected. [system-files] [alltoall] [100]
[i08-7010s:00660] [mpi::coll-select::show-decision-process::info] An algorithm is selected. [special-route] [allreduce] [200] [0]
[i08-7010s:00660] [mpi::coll-select::show-decision-process::info] The algorithm is judged as applicable. [system-files] [alltoall] [100]
[i08-7010s:00660] [mpi::coll-select::show-decision-process::info] An algorithm is selected. [system-files] [allgather] [100]
[i08-7010s:00660] [mpi::coll-select::show-decision-process::info] The algorithm is judged as applicable. [system-files] [allgather] [100]
[i08-7010s:00660] [mpi::coll-select::show-decision-process::info] An algorithm is selected. [system-files] [gather] [2]
[i08-7010s:00660] [mpi::coll-select::show-decision-process::info] The algorithm is judged as applicable. [system-files] [gather] [2]
[i08-7010s:00660] [mpi::coll-select::show-decision-process::info] An algorithm is selected. [special-route] [barrier] [200] [0]
[i08-7010s:00660] [mpi::coll-select::show-decision-process::info] An algorithm is selected. [system-files] [bcast] [100]
[i08-7010s:00660] [mpi::coll-select::show-decision-process::info] The algorithm is judged as applicable. [system-files] [bcast] [100(segsize=4096)]
[i08-7010s:00660] [mpi::coll-select::show-decision-process::info] An algorithm is selected. [special-route] [barrier] [200] [0]
[i08-7010s:00660] [mpi::coll-select::show-decision-process::info] An algorithm is selected. [special-route] [barrier] [200] [0]
[i08-7010s:00660] [mpi::coll-select::show-decision-process::info] An algorithm is selected. [special-route] [barrier] [200] [0]
[i08-7010s:00660] [mpi::coll-select::show-decision-process::info] An algorithm is selected. [special-route] [barrier] [200] [0]
[i08-7010s:00660] [mpi::coll-select::show-decision-process::info] An algorithm is selected. [special-route] [barrier] [200] [0]
[i08-7010s:00660] [mpi::coll-select::show-decision-process::info] Any algorithm is not selected. [MCA-parameter] [alltoall]
[i08-7010s:00660] [mpi::coll-select::show-decision-process::info] Any algorithm is not selected. [info-oneshot] [alltoall]
[i08-7010s:00660] [mpi::coll-select::show-decision-process::info] Any algorithm is not selected. [info-rules] [alltoall]
[i08-7010s:00660] [mpi::coll-select::show-decision-process::info] Any algorithm is not selected. [user-files] [alltoall]
[i08-7010s:00660] [mpi::coll-select::show-decision-process::info] An algorithm is selected. [system-files] [alltoall] [100]
[i08-7010s:00660] [mpi::coll-select::show-decision-process::info] An algorithm is selected. [special-route] [allreduce] [200] [0]
[i08-7010s:00660] [mpi::coll-select::show-decision-process::info] The algorithm is judged as applicable. [system-files] [alltoall] [100]
[i08-7010s:00660] [mpi::coll-select::show-decision-process::info] An algorithm is selected. [system-files] [allgather] [100]
[i08-7010s:00660] [mpi::coll-select::show-decision-process::info] The algorithm is judged as applicable. [system-files] [allgather] [100]
[i08-7010s:00660] [mpi::coll-select::show-decision-process::info] An algorithm is selected. [system-files] [gather] [2]
[i08-7010s:00660] [mpi::coll-select::show-decision-process::info] The algorithm is judged as applicable. [system-files] [gather] [2]
[i08-7010s:00660] [mpi::coll-select::show-decision-process::info] An algorithm is selected. [special-route] [barrier] [200] [0]
[i08-7010s:00660] [mpi::coll-select::show-decision-process::info] An algorithm is selected. [system-files] [bcast] [100]
[i08-7010s:00660] [mpi::coll-select::show-decision-process::info] The algorithm is judged as applicable. [system-files] [bcast] [100(segsize=4096)]
[i08-7010s:00660] [mpi::coll-select::show-decision-process::info] An algorithm is selected. [special-route] [barrier] [200] [0]
[i08-7010s:00660] [mpi::coll-select::show-decision-process::info] An algorithm is selected. [special-route] [barrier] [200] [0]
[i08-7010s:00660] [mpi::coll-select::show-decision-process::info] An algorithm is selected. [special-route] [barrier] [200] [0]
[i08-7010s:00660] [mpi::coll-select::show-decision-process::info] An algorithm is selected. [special-route] [barrier] [200] [0]
[i08-7010s:00660] [mpi::coll-select::show-decision-process::info] An algorithm is selected. [special-route] [barrier] [200] [0]
[i08-7010s:00660] [mpi::coll-select::show-decision-process::info] Any algorithm is not selected. [MCA-parameter] [alltoall]
[i08-7010s:00660] [mpi::coll-select::show-decision-process::info] Any algorithm is not selected. [info-oneshot] [alltoall]
[i08-7010s:00660] [mpi::coll-select::show-decision-process::info] Any algorithm is not selected. [info-rules] [alltoall]
[i08-7010s:00660] [mpi::coll-select::show-decision-process::info] Any algorithm is not selected. [user-files] [alltoall]
[i08-7010s:00660] [mpi::coll-select::show-decision-process::info] An algorithm is selected. [system-files] [alltoall] [100]
[i08-7010s:00660] [mpi::coll-select::show-decision-process::info] An algorithm is selected. [special-route] [allreduce] [200] [0]
[i08-7010s:00660] [mpi::coll-select::show-decision-process::info] The algorithm is judged as applicable. [system-files] [alltoall] [100]
[i08-7010s:00660] [mpi::coll-select::show-decision-process::info] An algorithm is selected. [system-files] [allgather] [100]
[i08-7010s:00660] [mpi::coll-select::show-decision-process::info] The algorithm is judged as applicable. [system-files] [allgather] [100]
[i08-7010s:00660] [mpi::coll-select::show-decision-process::info] An algorithm is selected. [system-files] [gather] [2]
[i08-7010s:00660] [mpi::coll-select::show-decision-process::info] The algorithm is judged as applicable. [system-files] [gather] [2]
[i08-7010s:00660] [mpi::coll-select::show-decision-process::info] An algorithm is selected. [special-route] [barrier] [200] [0]
[i08-7010s:00660] [mpi::coll-select::show-decision-process::info] An algorithm is selected. [system-files] [bcast] [100]
[i08-7010s:00660] [mpi::coll-select::show-decision-process::info] The algorithm is judged as applicable. [system-files] [bcast] [100(segsize=4096)]
[i08-7010s:00660] [mpi::coll-select::show-decision-process::info] An algorithm is selected. [special-route] [barrier] [200] [0]
[i08-7010s:00660] [mpi::coll-select::show-decision-process::info] An algorithm is selected. [special-route] [barrier] [200] [0]
[i08-7010s:00660] [mpi::coll-select::show-decision-process::info] An algorithm is selected. [special-route] [barrier] [200] [0]
[i08-7010s:00660] [mpi::coll-select::show-decision-process::info] An algorithm is selected. [special-route] [barrier] [200] [0]
[i08-7010s:00660] [mpi::coll-select::show-decision-process::info] An algorithm is selected. [special-route] [barrier] [200] [0]
[i08-7010s:00660] [mpi::coll-select::show-decision-process::info] Any algorithm is not selected. [MCA-parameter] [alltoall]
[i08-7010s:00660] [mpi::coll-select::show-decision-process::info] Any algorithm is not selected. [info-oneshot] [alltoall]
[i08-7010s:00660] [mpi::coll-select::show-decision-process::info] Any algorithm is not selected. [info-rules] [alltoall]
[i08-7010s:00660] [mpi::coll-select::show-decision-process::info] Any algorithm is not selected. [user-files] [alltoall]
[i08-7010s:00660] [mpi::coll-select::show-decision-process::info] An algorithm is selected. [system-files] [alltoall] [100]
[i08-7010s:00660] [mpi::coll-select::show-decision-process::info] An algorithm is selected. [special-route] [allreduce] [200] [0]
[i08-7010s:00660] [mpi::coll-select::show-decision-process::info] The algorithm is judged as applicable. [system-files] [alltoall] [100]
[i08-7010s:00660] [mpi::coll-select::show-decision-process::info] An algorithm is selected. [system-files] [allgather] [100]
[i08-7010s:00660] [mpi::coll-select::show-decision-process::info] The algorithm is judged as applicable. [system-files] [allgather] [100]
[i08-7010s:00660] [mpi::coll-select::show-decision-process::info] An algorithm is selected. [system-files] [gather] [2]
[i08-7010s:00660] [mpi::coll-select::show-decision-process::info] The algorithm is judged as applicable. [system-files] [gather] [2]
[i08-7010s:00660] [mpi::coll-select::show-decision-process::info] An algorithm is selected. [special-route] [barrier] [200] [0]
[i08-7010s:00660] [mpi::coll-select::show-decision-process::info] An algorithm is selected. [system-files] [bcast] [100]
[i08-7010s:00660] [mpi::coll-select::show-decision-process::info] The algorithm is judged as applicable. [system-files] [bcast] [100(segsize=4096)]
[i08-7010s:00660] [mpi::coll-select::show-decision-process::info] An algorithm is selected. [special-route] [barrier] [200] [0]
[i08-7010s:00660] [mpi::coll-select::show-decision-process::info] An algorithm is selected. [special-route] [barrier] [200] [0]
[i08-7010s:00660] [mpi::coll-select::show-decision-process::info] An algorithm is selected. [special-route] [barrier] [200] [0]
[i08-7010s:00660] [mpi::coll-select::show-decision-process::info] An algorithm is selected. [special-route] [reduce] [200] [0]
