[a01-4012c:08908] [mpi::coll-select::show-decision-process::info] Any algorithm is not selected. [MCA-parameter] [reduce_scatter]
[a01-4012c:08908] [mpi::coll-select::show-decision-process::info] Any algorithm is not selected. [info-oneshot] [reduce_scatter]
[a01-4012c:08908] [mpi::coll-select::show-decision-process::info] Any algorithm is not selected. [info-rules] [reduce_scatter]
[a01-4012c:08908] [mpi::coll-select::show-decision-process::info] Any algorithm is not selected. [user-files] [reduce_scatter]
[a01-4012c:08908] [mpi::coll-select::show-decision-process::info] An algorithm is selected. [system-files] [reduce_scatter] [2]
[a01-4012c:08908] [mpi::coll-select::show-decision-process::info] The algorithm is judged as applicable. [system-files] [reduce_scatter] [2]
[a01-4012c:08908] [mpi::coll-select::show-decision-process::info] An algorithm is selected. [special-route] [barrier] [200] [0]
[a01-4012c:08908] [mpi::coll-select::show-decision-process::info] Any algorithm is not selected. [MCA-parameter] [allgather]
[a01-4012c:08908] [mpi::coll-select::show-decision-process::info] Any algorithm is not selected. [info-oneshot] [allgather]
[a01-4012c:08908] [mpi::coll-select::show-decision-process::info] Any algorithm is not selected. [info-rules] [allgather]
[a01-4012c:08908] [mpi::coll-select::show-decision-process::info] Any algorithm is not selected. [user-files] [allgather]
[a01-4012c:08908] [mpi::coll-select::show-decision-process::info] An algorithm is selected. [system-files] [allgather] [3]
[a01-4012c:08908] [mpi::coll-select::show-decision-process::info] The algorithm is judged as applicable. [system-files] [allgather] [3]
[a01-4012c:08908] [mpi::coll-select::show-decision-process::info] Any algorithm is not selected. [MCA-parameter] [allgather]
[a01-4012c:08908] [mpi::coll-select::show-decision-process::info] Any algorithm is not selected. [info-oneshot] [allgather]
[a01-4012c:08908] [mpi::coll-select::show-decision-process::info] Any algorithm is not selected. [info-rules] [allgather]
[a01-4012c:08908] [mpi::coll-select::show-decision-process::info] Any algorithm is not selected. [user-files] [allgather]
[a01-4012c:08908] [mpi::coll-select::show-decision-process::info] An algorithm is selected. [system-files] [allgather] [3]
[a01-4012c:08908] [mpi::coll-select::show-decision-process::info] The algorithm is judged as applicable. [system-files] [allgather] [3]
[a01-4012c:08908] [mpi::coll-select::show-decision-process::info] Any algorithm is not selected. [MCA-parameter] [allgather]
[a01-4012c:08908] [mpi::coll-select::show-decision-process::info] Any algorithm is not selected. [info-oneshot] [allgather]
[a01-4012c:08908] [mpi::coll-select::show-decision-process::info] Any algorithm is not selected. [info-rules] [allgather]
[a01-4012c:08908] [mpi::coll-select::show-decision-process::info] Any algorithm is not selected. [user-files] [allgather]
[a01-4012c:08908] [mpi::coll-select::show-decision-process::info] An algorithm is selected. [system-files] [allgather] [3]
[a01-4012c:08908] [mpi::coll-select::show-decision-process::info] The algorithm is judged as applicable. [system-files] [allgather] [3]
[a01-4012c:08908] [mpi::coll-select::show-decision-process::info] Any algorithm is not selected. [MCA-parameter] [allgather]
[a01-4012c:08908] [mpi::coll-select::show-decision-process::info] Any algorithm is not selected. [info-oneshot] [allgather]
[a01-4012c:08908] [mpi::coll-select::show-decision-process::info] Any algorithm is not selected. [info-rules] [allgather]
[a01-4012c:08908] [mpi::coll-select::show-decision-process::info] Any algorithm is not selected. [user-files] [allgather]
[a01-4012c:08908] [mpi::coll-select::show-decision-process::info] An algorithm is selected. [system-files] [allgather] [3]
[a01-4012c:08908] [mpi::coll-select::show-decision-process::info] The algorithm is judged as applicable. [system-files] [allgather] [3]
[a01-4012c:08908] [mpi::coll-select::show-decision-process::info] Any algorithm is not selected. [MCA-parameter] [allgather]
[a01-4012c:08908] [mpi::coll-select::show-decision-process::info] Any algorithm is not selected. [info-oneshot] [allgather]
[a01-4012c:08908] [mpi::coll-select::show-decision-process::info] Any algorithm is not selected. [info-rules] [allgather]
[a01-4012c:08908] [mpi::coll-select::show-decision-process::info] Any algorithm is not selected. [user-files] [allgather]
[a01-4012c:08908] [mpi::coll-select::show-decision-process::info] An algorithm is selected. [system-files] [allgather] [3]
[a01-4012c:08908] [mpi::coll-select::show-decision-process::info] The algorithm is judged as applicable. [system-files] [allgather] [3]
[a01-4012c:08908] [mpi::coll-select::show-decision-process::info] Any algorithm is not selected. [MCA-parameter] [allgather]
[a01-4012c:08908] [mpi::coll-select::show-decision-process::info] Any algorithm is not selected. [info-oneshot] [allgather]
[a01-4012c:08908] [mpi::coll-select::show-decision-process::info] Any algorithm is not selected. [info-rules] [allgather]
[a01-4012c:08908] [mpi::coll-select::show-decision-process::info] Any algorithm is not selected. [user-files] [allgather]
[a01-4012c:08908] [mpi::coll-select::show-decision-process::info] An algorithm is selected. [system-files] [allgather] [3]
[a01-4012c:08908] [mpi::coll-select::show-decision-process::info] The algorithm is judged as applicable. [system-files] [allgather] [3]
[a01-4012c:08908] [mpi::coll-select::show-decision-process::info] Any algorithm is not selected. [MCA-parameter] [allgather]
[a01-4012c:08908] [mpi::coll-select::show-decision-process::info] Any algorithm is not selected. [info-oneshot] [allgather]
[a01-4012c:08908] [mpi::coll-select::show-decision-process::info] Any algorithm is not selected. [info-rules] [allgather]
[a01-4012c:08908] [mpi::coll-select::show-decision-process::info] Any algorithm is not selected. [user-files] [allgather]
[a01-4012c:08908] [mpi::coll-select::show-decision-process::info] An algorithm is selected. [system-files] [allgather] [3]
[a01-4012c:08908] [mpi::coll-select::show-decision-process::info] The algorithm is judged as applicable. [system-files] [allgather] [3]
[a01-4012c:08908] [mpi::coll-select::show-decision-process::info] Any algorithm is not selected. [MCA-parameter] [allgather]
[a01-4012c:08908] [mpi::coll-select::show-decision-process::info] Any algorithm is not selected. [info-oneshot] [allgather]
[a01-4012c:08908] [mpi::coll-select::show-decision-process::info] Any algorithm is not selected. [info-rules] [allgather]
[a01-4012c:08908] [mpi::coll-select::show-decision-process::info] Any algorithm is not selected. [user-files] [allgather]
[a01-4012c:08908] [mpi::coll-select::show-decision-process::info] An algorithm is selected. [system-files] [allgather] [3]
[a01-4012c:08908] [mpi::coll-select::show-decision-process::info] The algorithm is judged as applicable. [system-files] [allgather] [3]
[a01-4012c:08908] [mpi::coll-select::show-decision-process::info] Any algorithm is not selected. [MCA-parameter] [allgather]
[a01-4012c:08908] [mpi::coll-select::show-decision-process::info] Any algorithm is not selected. [info-oneshot] [allgather]
[a01-4012c:08908] [mpi::coll-select::show-decision-process::info] Any algorithm is not selected. [info-rules] [allgather]
[a01-4012c:08908] [mpi::coll-select::show-decision-process::info] Any algorithm is not selected. [user-files] [allgather]
[a01-4012c:08908] [mpi::coll-select::show-decision-process::info] An algorithm is selected. [system-files] [allgather] [3]
[a01-4012c:08908] [mpi::coll-select::show-decision-process::info] The algorithm is judged as applicable. [system-files] [allgather] [3]
[a01-4012c:08908] [mpi::coll-select::show-decision-process::info] Any algorithm is not selected. [MCA-parameter] [allgather]
[a01-4012c:08908] [mpi::coll-select::show-decision-process::info] Any algorithm is not selected. [info-oneshot] [allgather]
[a01-4012c:08908] [mpi::coll-select::show-decision-process::info] Any algorithm is not selected. [info-rules] [allgather]
[a01-4012c:08908] [mpi::coll-select::show-decision-process::info] Any algorithm is not selected. [user-files] [allgather]
[a01-4012c:08908] [mpi::coll-select::show-decision-process::info] An algorithm is selected. [system-files] [allgather] [3]
[a01-4012c:08908] [mpi::coll-select::show-decision-process::info] The algorithm is judged as applicable. [system-files] [allgather] [3]
[a01-4012c:08908] [mpi::coll-select::show-decision-process::info] Any algorithm is not selected. [MCA-parameter] [allgather]
[a01-4012c:08908] [mpi::coll-select::show-decision-process::info] Any algorithm is not selected. [info-oneshot] [allgather]
[a01-4012c:08908] [mpi::coll-select::show-decision-process::info] Any algorithm is not selected. [info-rules] [allgather]
[a01-4012c:08908] [mpi::coll-select::show-decision-process::info] Any algorithm is not selected. [user-files] [allgather]
[a01-4012c:08908] [mpi::coll-select::show-decision-process::info] An algorithm is selected. [system-files] [allgather] [3]
[a01-4012c:08908] [mpi::coll-select::show-decision-process::info] The algorithm is judged as applicable. [system-files] [allgather] [3]
[a01-4012c:08908] [mpi::coll-select::show-decision-process::info] Any algorithm is not selected. [MCA-parameter] [allgather]
[a01-4012c:08908] [mpi::coll-select::show-decision-process::info] Any algorithm is not selected. [info-oneshot] [allgather]
[a01-4012c:08908] [mpi::coll-select::show-decision-process::info] Any algorithm is not selected. [info-rules] [allgather]
[a01-4012c:08908] [mpi::coll-select::show-decision-process::info] Any algorithm is not selected. [user-files] [allgather]
[a01-4012c:08908] [mpi::coll-select::show-decision-process::info] An algorithm is selected. [system-files] [allgather] [3]
[a01-4012c:08908] [mpi::coll-select::show-decision-process::info] The algorithm is judged as applicable. [system-files] [allgather] [3]
[a01-4012c:08908] [mpi::coll-select::show-decision-process::info] Any algorithm is not selected. [MCA-parameter] [reduce_scatter]
[a01-4012c:08908] [mpi::coll-select::show-decision-process::info] Any algorithm is not selected. [info-oneshot] [reduce_scatter]
[a01-4012c:08908] [mpi::coll-select::show-decision-process::info] Any algorithm is not selected. [info-rules] [reduce_scatter]
[a01-4012c:08908] [mpi::coll-select::show-decision-process::info] Any algorithm is not selected. [user-files] [reduce_scatter]
[a01-4012c:08908] [mpi::coll-select::show-decision-process::info] An algorithm is selected. [system-files] [reduce_scatter] [2]
[a01-4012c:08908] [mpi::coll-select::show-decision-process::info] The algorithm is judged as applicable. [system-files] [reduce_scatter] [2]
[a01-4012c:08908] [mpi::coll-select::show-decision-process::info] An algorithm is selected. [special-route] [barrier] [200] [0]
[a01-4012c:08908] [mpi::coll-select::show-decision-process::info] Any algorithm is not selected. [MCA-parameter] [reduce_scatter]
[a01-4012c:08908] [mpi::coll-select::show-decision-process::info] Any algorithm is not selected. [info-oneshot] [reduce_scatter]
[a01-4012c:08908] [mpi::coll-select::show-decision-process::info] Any algorithm is not selected. [info-rules] [reduce_scatter]
[a01-4012c:08908] [mpi::coll-select::show-decision-process::info] Any algorithm is not selected. [user-files] [reduce_scatter]
[a01-4012c:08908] [mpi::coll-select::show-decision-process::info] An algorithm is selected. [system-files] [reduce_scatter] [2]
[a01-4012c:08908] [mpi::coll-select::show-decision-process::info] The algorithm is judged as applicable. [system-files] [reduce_scatter] [2]
[a01-4012c:08908] [mpi::coll-select::show-decision-process::info] An algorithm is selected. [special-route] [barrier] [200] [0]
[a01-4012c:08908] [mpi::coll-select::show-decision-process::info] Any algorithm is not selected. [MCA-parameter] [reduce_scatter]
[a01-4012c:08908] [mpi::coll-select::show-decision-process::info] Any algorithm is not selected. [info-oneshot] [reduce_scatter]
[a01-4012c:08908] [mpi::coll-select::show-decision-process::info] Any algorithm is not selected. [info-rules] [reduce_scatter]
[a01-4012c:08908] [mpi::coll-select::show-decision-process::info] Any algorithm is not selected. [user-files] [reduce_scatter]
[a01-4012c:08908] [mpi::coll-select::show-decision-process::info] An algorithm is selected. [system-files] [reduce_scatter] [2]
[a01-4012c:08908] [mpi::coll-select::show-decision-process::info] The algorithm is judged as applicable. [system-files] [reduce_scatter] [2]
[a01-4012c:08908] [mpi::coll-select::show-decision-process::info] An algorithm is selected. [special-route] [barrier] [200] [0]
[a01-4012c:08908] [mpi::coll-select::show-decision-process::info] Any algorithm is not selected. [MCA-parameter] [reduce_scatter]
[a01-4012c:08908] [mpi::coll-select::show-decision-process::info] Any algorithm is not selected. [info-oneshot] [reduce_scatter]
[a01-4012c:08908] [mpi::coll-select::show-decision-process::info] Any algorithm is not selected. [info-rules] [reduce_scatter]
[a01-4012c:08908] [mpi::coll-select::show-decision-process::info] Any algorithm is not selected. [user-files] [reduce_scatter]
[a01-4012c:08908] [mpi::coll-select::show-decision-process::info] An algorithm is selected. [system-files] [reduce_scatter] [2]
[a01-4012c:08908] [mpi::coll-select::show-decision-process::info] The algorithm is judged as applicable. [system-files] [reduce_scatter] [2]
[a01-4012c:08908] [mpi::coll-select::show-decision-process::info] An algorithm is selected. [special-route] [barrier] [200] [0]
[a01-4012c:08908] [mpi::coll-select::show-decision-process::info] Any algorithm is not selected. [MCA-parameter] [reduce_scatter]
[a01-4012c:08908] [mpi::coll-select::show-decision-process::info] Any algorithm is not selected. [info-oneshot] [reduce_scatter]
[a01-4012c:08908] [mpi::coll-select::show-decision-process::info] Any algorithm is not selected. [info-rules] [reduce_scatter]
[a01-4012c:08908] [mpi::coll-select::show-decision-process::info] Any algorithm is not selected. [user-files] [reduce_scatter]
[a01-4012c:08908] [mpi::coll-select::show-decision-process::info] An algorithm is selected. [system-files] [reduce_scatter] [2]
[a01-4012c:08908] [mpi::coll-select::show-decision-process::info] The algorithm is judged as applicable. [system-files] [reduce_scatter] [2]
[a01-4012c:08908] [mpi::coll-select::show-decision-process::info] An algorithm is selected. [special-route] [barrier] [200] [0]
[a01-4012c:08908] [mpi::coll-select::show-decision-process::info] Any algorithm is not selected. [MCA-parameter] [reduce_scatter]
[a01-4012c:08908] [mpi::coll-select::show-decision-process::info] Any algorithm is not selected. [info-oneshot] [reduce_scatter]
[a01-4012c:08908] [mpi::coll-select::show-decision-process::info] Any algorithm is not selected. [info-rules] [reduce_scatter]
[a01-4012c:08908] [mpi::coll-select::show-decision-process::info] Any algorithm is not selected. [user-files] [reduce_scatter]
[a01-4012c:08908] [mpi::coll-select::show-decision-process::info] An algorithm is selected. [system-files] [reduce_scatter] [2]
[a01-4012c:08908] [mpi::coll-select::show-decision-process::info] The algorithm is judged as applicable. [system-files] [reduce_scatter] [2]
[a01-4012c:08908] [mpi::coll-select::show-decision-process::info] An algorithm is selected. [special-route] [barrier] [200] [0]
[a01-4012c:08908] [mpi::coll-select::show-decision-process::info] Any algorithm is not selected. [MCA-parameter] [reduce_scatter]
[a01-4012c:08908] [mpi::coll-select::show-decision-process::info] Any algorithm is not selected. [info-oneshot] [reduce_scatter]
[a01-4012c:08908] [mpi::coll-select::show-decision-process::info] Any algorithm is not selected. [info-rules] [reduce_scatter]
[a01-4012c:08908] [mpi::coll-select::show-decision-process::info] Any algorithm is not selected. [user-files] [reduce_scatter]
[a01-4012c:08908] [mpi::coll-select::show-decision-process::info] An algorithm is selected. [system-files] [reduce_scatter] [2]
[a01-4012c:08908] [mpi::coll-select::show-decision-process::info] The algorithm is judged as applicable. [system-files] [reduce_scatter] [2]
[a01-4012c:08908] [mpi::coll-select::show-decision-process::info] An algorithm is selected. [special-route] [barrier] [200] [0]
[a01-4012c:08908] [mpi::coll-select::show-decision-process::info] Any algorithm is not selected. [MCA-parameter] [reduce_scatter]
[a01-4012c:08908] [mpi::coll-select::show-decision-process::info] Any algorithm is not selected. [info-oneshot] [reduce_scatter]
[a01-4012c:08908] [mpi::coll-select::show-decision-process::info] Any algorithm is not selected. [info-rules] [reduce_scatter]
[a01-4012c:08908] [mpi::coll-select::show-decision-process::info] Any algorithm is not selected. [user-files] [reduce_scatter]
[a01-4012c:08908] [mpi::coll-select::show-decision-process::info] An algorithm is selected. [system-files] [reduce_scatter] [2]
[a01-4012c:08908] [mpi::coll-select::show-decision-process::info] The algorithm is judged as applicable. [system-files] [reduce_scatter] [2]
[a01-4012c:08908] [mpi::coll-select::show-decision-process::info] An algorithm is selected. [special-route] [barrier] [200] [0]
[a01-4012c:08908] [mpi::coll-select::show-decision-process::info] Any algorithm is not selected. [MCA-parameter] [reduce_scatter]
[a01-4012c:08908] [mpi::coll-select::show-decision-process::info] Any algorithm is not selected. [info-oneshot] [reduce_scatter]
[a01-4012c:08908] [mpi::coll-select::show-decision-process::info] Any algorithm is not selected. [info-rules] [reduce_scatter]
[a01-4012c:08908] [mpi::coll-select::show-decision-process::info] Any algorithm is not selected. [user-files] [reduce_scatter]
[a01-4012c:08908] [mpi::coll-select::show-decision-process::info] An algorithm is selected. [system-files] [reduce_scatter] [2]
[a01-4012c:08908] [mpi::coll-select::show-decision-process::info] The algorithm is judged as applicable. [system-files] [reduce_scatter] [2]
[a01-4012c:08908] [mpi::coll-select::show-decision-process::info] An algorithm is selected. [special-route] [barrier] [200] [0]
[a01-4012c:08908] [mpi::coll-select::show-decision-process::info] Any algorithm is not selected. [MCA-parameter] [reduce_scatter]
[a01-4012c:08908] [mpi::coll-select::show-decision-process::info] Any algorithm is not selected. [info-oneshot] [reduce_scatter]
[a01-4012c:08908] [mpi::coll-select::show-decision-process::info] Any algorithm is not selected. [info-rules] [reduce_scatter]
[a01-4012c:08908] [mpi::coll-select::show-decision-process::info] Any algorithm is not selected. [user-files] [reduce_scatter]
[a01-4012c:08908] [mpi::coll-select::show-decision-process::info] An algorithm is selected. [system-files] [reduce_scatter] [2]
[a01-4012c:08908] [mpi::coll-select::show-decision-process::info] The algorithm is judged as applicable. [system-files] [reduce_scatter] [2]
[a01-4012c:08908] [mpi::coll-select::show-decision-process::info] An algorithm is selected. [special-route] [barrier] [200] [0]
[a01-4012c:08908] [mpi::coll-select::show-decision-process::info] Any algorithm is not selected. [MCA-parameter] [reduce_scatter]
[a01-4012c:08908] [mpi::coll-select::show-decision-process::info] Any algorithm is not selected. [info-oneshot] [reduce_scatter]
[a01-4012c:08908] [mpi::coll-select::show-decision-process::info] Any algorithm is not selected. [info-rules] [reduce_scatter]
[a01-4012c:08908] [mpi::coll-select::show-decision-process::info] Any algorithm is not selected. [user-files] [reduce_scatter]
[a01-4012c:08908] [mpi::coll-select::show-decision-process::info] An algorithm is selected. [system-files] [reduce_scatter] [2]
[a01-4012c:08908] [mpi::coll-select::show-decision-process::info] The algorithm is judged as applicable. [system-files] [reduce_scatter] [2]
[a01-4012c:08908] [mpi::coll-select::show-decision-process::info] An algorithm is selected. [special-route] [reduce] [200] [0]
