Error -193 polling MRQ.
bench: ./lib/fugaku/swing_utofu.cc:270: void swing_utofu_wait_recv(swing_utofu_comm_d *, unsigned int, unsigned long, unsigned long): Assertion `rc == UTOFU_ERR_NOT_FOUND' failed.
[a01-4012c:11049] *** Process received signal ***
[a01-4012c:11049] Signal: Aborted (6)
[a01-4012c:11049] Signal code:  (-6)
[a01-4012c:11049] [ 0] linux-vdso.so.1(__kernel_rt_sigreturn+0x0)[0x4000000707a0]
[a01-4012c:11049] [ 1] /lib64/libc.so.6(gsignal+0xac)[0x400001566274]
[a01-4012c:11049] [ 2] /lib64/libc.so.6(abort+0x114)[0x400001550a2c]
[a01-4012c:11049] [ 3] /lib64/libc.so.6(+0x2fba0)[0x40000155fba0]
[a01-4012c:11049] [ 4] /lib64/libc.so.6(__assert_perror_fail+0x0)[0x40000155fc18]
[a01-4012c:11049] [ 5] ./bench[0x435658]
[a01-4012c:11049] [ 6] ./bench[0x42f0a4]
[a01-4012c:11049] [ 7] /opt/FJSVxtclanga/tcsds-1.2.40/lib64/libfjomp.so(+0x74a48)[0x400000864a48]
[a01-4012c:11049] [ 8] /opt/FJSVxtclanga/tcsds-1.2.40/lib64/libfjomp.so(__kmp_invoke_microtask+0xa0)[0x400000884600]
[a01-4012c:11049] [ 9] /opt/FJSVxtclanga/tcsds-1.2.40/lib64/libfjomp.so(+0x37604)[0x400000827604]
[a01-4012c:11049] [10] /opt/FJSVxtclanga/tcsds-1.2.40/lib64/libfjomp.so(__kmp_launch_thread+0x10c)[0x40000082608c]
[a01-4012c:11049] [11] /opt/FJSVxtclanga/tcsds-1.2.40/lib64/libfjomphk.so(__kmp_launch_thread+0x5c)[0x4000007d219c]
[a01-4012c:11049] [12] /opt/FJSVxtclanga/tcsds-1.2.40/lib64/libfjomp.so(+0x854a0)[0x4000008754a0]
[a01-4012c:11049] [13] /lib64/libpthread.so.0(+0x78b8)[0x4000013d78b8]
[a01-4012c:11049] [14] /lib64/libc.so.6(+0x23afc)[0x400001553afc]
[a01-4012c:11049] *** End of error message ***
