[i15-3000c:01560] [mpi::coll-select::show-decision-process::info] Any algorithm is not selected. [MCA-parameter] [bcast]
[i15-3000c:01560] [mpi::coll-select::show-decision-process::info] Any algorithm is not selected. [info-oneshot] [bcast]
[i15-3000c:01560] [mpi::coll-select::show-decision-process::info] Any algorithm is not selected. [info-rules] [bcast]
[i15-3000c:01560] [mpi::coll-select::show-decision-process::info] Any algorithm is not selected. [user-files] [bcast]
[i15-3000c:01560] [mpi::coll-select::show-decision-process::info] An algorithm is selected. [system-files] [bcast] [100]
[i15-3000c:01560] [mpi::coll-select::show-decision-process::info] An algorithm is selected. [special-route] [allreduce] [200] [0]
[i15-3000c:01560] [mpi::coll-select::show-decision-process::info] The algorithm is judged as applicable. [system-files] [bcast] [100(segsize=4096)]
[i15-3000c:01560] [mpi::coll-select::show-decision-process::info] An algorithm is selected. [special-route] [barrier] [200] [0]
[i15-3000c:01560] [mpi::coll-select::show-decision-process::info] An algorithm is selected. [special-route] [barrier] [200] [0]
[i15-3000c:01560] [mpi::coll-select::show-decision-process::info] An algorithm is selected. [special-route] [barrier] [200] [0]
[i15-3000c:01560] [mpi::coll-select::show-decision-process::info] Any algorithm is not selected. [MCA-parameter] [allgather]
[i15-3000c:01560] [mpi::coll-select::show-decision-process::info] Any algorithm is not selected. [info-oneshot] [allgather]
[i15-3000c:01560] [mpi::coll-select::show-decision-process::info] Any algorithm is not selected. [info-rules] [allgather]
[i15-3000c:01560] [mpi::coll-select::show-decision-process::info] Any algorithm is not selected. [user-files] [allgather]
[i15-3000c:01560] [mpi::coll-select::show-decision-process::info] An algorithm is selected. [system-files] [allgather] [3]
[i15-3000c:01560] [mpi::coll-select::show-decision-process::info] The algorithm is judged as applicable. [system-files] [allgather] [3]
[i15-3000c:01560] [mpi::coll-select::show-decision-process::info] Any algorithm is not selected. [MCA-parameter] [allgather]
[i15-3000c:01560] [mpi::coll-select::show-decision-process::info] Any algorithm is not selected. [info-oneshot] [allgather]
[i15-3000c:01560] [mpi::coll-select::show-decision-process::info] Any algorithm is not selected. [info-rules] [allgather]
[i15-3000c:01560] [mpi::coll-select::show-decision-process::info] Any algorithm is not selected. [user-files] [allgather]
[i15-3000c:01560] [mpi::coll-select::show-decision-process::info] An algorithm is selected. [system-files] [allgather] [3]
[i15-3000c:01560] [mpi::coll-select::show-decision-process::info] The algorithm is judged as applicable. [system-files] [allgather] [3]
[i15-3000c:01560] [mpi::coll-select::show-decision-process::info] Any algorithm is not selected. [MCA-parameter] [allgather]
[i15-3000c:01560] [mpi::coll-select::show-decision-process::info] Any algorithm is not selected. [info-oneshot] [allgather]
[i15-3000c:01560] [mpi::coll-select::show-decision-process::info] Any algorithm is not selected. [info-rules] [allgather]
[i15-3000c:01560] [mpi::coll-select::show-decision-process::info] Any algorithm is not selected. [user-files] [allgather]
[i15-3000c:01560] [mpi::coll-select::show-decision-process::info] An algorithm is selected. [system-files] [allgather] [3]
[i15-3000c:01560] [mpi::coll-select::show-decision-process::info] The algorithm is judged as applicable. [system-files] [allgather] [3]
[i15-3000c:01560] [mpi::coll-select::show-decision-process::info] Any algorithm is not selected. [MCA-parameter] [allgather]
[i15-3000c:01560] [mpi::coll-select::show-decision-process::info] Any algorithm is not selected. [info-oneshot] [allgather]
[i15-3000c:01560] [mpi::coll-select::show-decision-process::info] Any algorithm is not selected. [info-rules] [allgather]
[i15-3000c:01560] [mpi::coll-select::show-decision-process::info] Any algorithm is not selected. [user-files] [allgather]
[i15-3000c:01560] [mpi::coll-select::show-decision-process::info] An algorithm is selected. [system-files] [allgather] [3]
[i15-3000c:01560] [mpi::coll-select::show-decision-process::info] The algorithm is judged as applicable. [system-files] [allgather] [3]
[i15-3000c:01560] [mpi::coll-select::show-decision-process::info] Any algorithm is not selected. [MCA-parameter] [allgather]
[i15-3000c:01560] [mpi::coll-select::show-decision-process::info] Any algorithm is not selected. [info-oneshot] [allgather]
[i15-3000c:01560] [mpi::coll-select::show-decision-process::info] Any algorithm is not selected. [info-rules] [allgather]
[i15-3000c:01560] [mpi::coll-select::show-decision-process::info] Any algorithm is not selected. [user-files] [allgather]
[i15-3000c:01560] [mpi::coll-select::show-decision-process::info] An algorithm is selected. [system-files] [allgather] [3]
[i15-3000c:01560] [mpi::coll-select::show-decision-process::info] The algorithm is judged as applicable. [system-files] [allgather] [3]
[i15-3000c:01560] [mpi::coll-select::show-decision-process::info] Any algorithm is not selected. [MCA-parameter] [allgather]
[i15-3000c:01560] [mpi::coll-select::show-decision-process::info] Any algorithm is not selected. [info-oneshot] [allgather]
[i15-3000c:01560] [mpi::coll-select::show-decision-process::info] Any algorithm is not selected. [info-rules] [allgather]
[i15-3000c:01560] [mpi::coll-select::show-decision-process::info] Any algorithm is not selected. [user-files] [allgather]
[i15-3000c:01560] [mpi::coll-select::show-decision-process::info] An algorithm is selected. [system-files] [allgather] [3]
[i15-3000c:01560] [mpi::coll-select::show-decision-process::info] The algorithm is judged as applicable. [system-files] [allgather] [3]
[i15-3000c:01560] [mpi::coll-select::show-decision-process::info] Any algorithm is not selected. [MCA-parameter] [allgather]
[i15-3000c:01560] [mpi::coll-select::show-decision-process::info] Any algorithm is not selected. [info-oneshot] [allgather]
[i15-3000c:01560] [mpi::coll-select::show-decision-process::info] Any algorithm is not selected. [info-rules] [allgather]
[i15-3000c:01560] [mpi::coll-select::show-decision-process::info] Any algorithm is not selected. [user-files] [allgather]
[i15-3000c:01560] [mpi::coll-select::show-decision-process::info] An algorithm is selected. [system-files] [allgather] [3]
[i15-3000c:01560] [mpi::coll-select::show-decision-process::info] The algorithm is judged as applicable. [system-files] [allgather] [3]
[i15-3000c:01560] [mpi::coll-select::show-decision-process::info] Any algorithm is not selected. [MCA-parameter] [allgather]
[i15-3000c:01560] [mpi::coll-select::show-decision-process::info] Any algorithm is not selected. [info-oneshot] [allgather]
[i15-3000c:01560] [mpi::coll-select::show-decision-process::info] Any algorithm is not selected. [info-rules] [allgather]
[i15-3000c:01560] [mpi::coll-select::show-decision-process::info] Any algorithm is not selected. [user-files] [allgather]
[i15-3000c:01560] [mpi::coll-select::show-decision-process::info] An algorithm is selected. [system-files] [allgather] [3]
[i15-3000c:01560] [mpi::coll-select::show-decision-process::info] The algorithm is judged as applicable. [system-files] [allgather] [3]
[i15-3000c:01560] [mpi::coll-select::show-decision-process::info] Any algorithm is not selected. [MCA-parameter] [allgather]
[i15-3000c:01560] [mpi::coll-select::show-decision-process::info] Any algorithm is not selected. [info-oneshot] [allgather]
[i15-3000c:01560] [mpi::coll-select::show-decision-process::info] Any algorithm is not selected. [info-rules] [allgather]
[i15-3000c:01560] [mpi::coll-select::show-decision-process::info] Any algorithm is not selected. [user-files] [allgather]
[i15-3000c:01560] [mpi::coll-select::show-decision-process::info] An algorithm is selected. [system-files] [allgather] [3]
[i15-3000c:01560] [mpi::coll-select::show-decision-process::info] The algorithm is judged as applicable. [system-files] [allgather] [3]
[i15-3000c:01560] [mpi::coll-select::show-decision-process::info] Any algorithm is not selected. [MCA-parameter] [allgather]
[i15-3000c:01560] [mpi::coll-select::show-decision-process::info] Any algorithm is not selected. [info-oneshot] [allgather]
[i15-3000c:01560] [mpi::coll-select::show-decision-process::info] Any algorithm is not selected. [info-rules] [allgather]
[i15-3000c:01560] [mpi::coll-select::show-decision-process::info] Any algorithm is not selected. [user-files] [allgather]
[i15-3000c:01560] [mpi::coll-select::show-decision-process::info] An algorithm is selected. [system-files] [allgather] [3]
[i15-3000c:01560] [mpi::coll-select::show-decision-process::info] The algorithm is judged as applicable. [system-files] [allgather] [3]
[i15-3000c:01560] [mpi::coll-select::show-decision-process::info] Any algorithm is not selected. [MCA-parameter] [allgather]
[i15-3000c:01560] [mpi::coll-select::show-decision-process::info] Any algorithm is not selected. [info-oneshot] [allgather]
[i15-3000c:01560] [mpi::coll-select::show-decision-process::info] Any algorithm is not selected. [info-rules] [allgather]
[i15-3000c:01560] [mpi::coll-select::show-decision-process::info] Any algorithm is not selected. [user-files] [allgather]
[i15-3000c:01560] [mpi::coll-select::show-decision-process::info] An algorithm is selected. [system-files] [allgather] [3]
[i15-3000c:01560] [mpi::coll-select::show-decision-process::info] The algorithm is judged as applicable. [system-files] [allgather] [3]
[i15-3000c:01560] [mpi::coll-select::show-decision-process::info] Any algorithm is not selected. [MCA-parameter] [allgather]
[i15-3000c:01560] [mpi::coll-select::show-decision-process::info] Any algorithm is not selected. [info-oneshot] [allgather]
[i15-3000c:01560] [mpi::coll-select::show-decision-process::info] Any algorithm is not selected. [info-rules] [allgather]
[i15-3000c:01560] [mpi::coll-select::show-decision-process::info] Any algorithm is not selected. [user-files] [allgather]
[i15-3000c:01560] [mpi::coll-select::show-decision-process::info] An algorithm is selected. [system-files] [allgather] [3]
[i15-3000c:01560] [mpi::coll-select::show-decision-process::info] The algorithm is judged as applicable. [system-files] [allgather] [3]
[i15-3000c:01560] [mpi::coll-select::show-decision-process::info] Any algorithm is not selected. [MCA-parameter] [bcast]
[i15-3000c:01560] [mpi::coll-select::show-decision-process::info] Any algorithm is not selected. [info-oneshot] [bcast]
[i15-3000c:01560] [mpi::coll-select::show-decision-process::info] Any algorithm is not selected. [info-rules] [bcast]
[i15-3000c:01560] [mpi::coll-select::show-decision-process::info] Any algorithm is not selected. [user-files] [bcast]
[i15-3000c:01560] [mpi::coll-select::show-decision-process::info] An algorithm is selected. [system-files] [bcast] [100]
[i15-3000c:01560] [mpi::coll-select::show-decision-process::info] An algorithm is selected. [special-route] [allreduce] [200] [0]
[i15-3000c:01560] [mpi::coll-select::show-decision-process::info] The algorithm is judged as applicable. [system-files] [bcast] [100(segsize=4096)]
[i15-3000c:01560] [mpi::coll-select::show-decision-process::info] An algorithm is selected. [special-route] [barrier] [200] [0]
[i15-3000c:01560] [mpi::coll-select::show-decision-process::info] An algorithm is selected. [special-route] [barrier] [200] [0]
[i15-3000c:01560] [mpi::coll-select::show-decision-process::info] An algorithm is selected. [special-route] [barrier] [200] [0]
[i15-3000c:01560] [mpi::coll-select::show-decision-process::info] Any algorithm is not selected. [MCA-parameter] [bcast]
[i15-3000c:01560] [mpi::coll-select::show-decision-process::info] Any algorithm is not selected. [info-oneshot] [bcast]
[i15-3000c:01560] [mpi::coll-select::show-decision-process::info] Any algorithm is not selected. [info-rules] [bcast]
[i15-3000c:01560] [mpi::coll-select::show-decision-process::info] Any algorithm is not selected. [user-files] [bcast]
[i15-3000c:01560] [mpi::coll-select::show-decision-process::info] An algorithm is selected. [system-files] [bcast] [100]
[i15-3000c:01560] [mpi::coll-select::show-decision-process::info] An algorithm is selected. [special-route] [allreduce] [200] [0]
[i15-3000c:01560] [mpi::coll-select::show-decision-process::info] The algorithm is judged as applicable. [system-files] [bcast] [100(segsize=4096)]
[i15-3000c:01560] [mpi::coll-select::show-decision-process::info] An algorithm is selected. [special-route] [barrier] [200] [0]
[i15-3000c:01560] [mpi::coll-select::show-decision-process::info] An algorithm is selected. [special-route] [barrier] [200] [0]
[i15-3000c:01560] [mpi::coll-select::show-decision-process::info] An algorithm is selected. [special-route] [barrier] [200] [0]
[i15-3000c:01560] [mpi::coll-select::show-decision-process::info] Any algorithm is not selected. [MCA-parameter] [bcast]
[i15-3000c:01560] [mpi::coll-select::show-decision-process::info] Any algorithm is not selected. [info-oneshot] [bcast]
[i15-3000c:01560] [mpi::coll-select::show-decision-process::info] Any algorithm is not selected. [info-rules] [bcast]
[i15-3000c:01560] [mpi::coll-select::show-decision-process::info] Any algorithm is not selected. [user-files] [bcast]
[i15-3000c:01560] [mpi::coll-select::show-decision-process::info] An algorithm is selected. [system-files] [bcast] [100]
[i15-3000c:01560] [mpi::coll-select::show-decision-process::info] An algorithm is selected. [special-route] [allreduce] [200] [0]
[i15-3000c:01560] [mpi::coll-select::show-decision-process::info] The algorithm is judged as applicable. [system-files] [bcast] [100(segsize=4096)]
[i15-3000c:01560] [mpi::coll-select::show-decision-process::info] An algorithm is selected. [special-route] [barrier] [200] [0]
[i15-3000c:01560] [mpi::coll-select::show-decision-process::info] An algorithm is selected. [special-route] [barrier] [200] [0]
[i15-3000c:01560] [mpi::coll-select::show-decision-process::info] An algorithm is selected. [special-route] [barrier] [200] [0]
[i15-3000c:01560] [mpi::coll-select::show-decision-process::info] Any algorithm is not selected. [MCA-parameter] [bcast]
[i15-3000c:01560] [mpi::coll-select::show-decision-process::info] Any algorithm is not selected. [info-oneshot] [bcast]
[i15-3000c:01560] [mpi::coll-select::show-decision-process::info] Any algorithm is not selected. [info-rules] [bcast]
[i15-3000c:01560] [mpi::coll-select::show-decision-process::info] Any algorithm is not selected. [user-files] [bcast]
[i15-3000c:01560] [mpi::coll-select::show-decision-process::info] An algorithm is selected. [system-files] [bcast] [100]
[i15-3000c:01560] [mpi::coll-select::show-decision-process::info] An algorithm is selected. [special-route] [allreduce] [200] [0]
[i15-3000c:01560] [mpi::coll-select::show-decision-process::info] The algorithm is judged as applicable. [system-files] [bcast] [100(segsize=4096)]
[i15-3000c:01560] [mpi::coll-select::show-decision-process::info] An algorithm is selected. [special-route] [barrier] [200] [0]
[i15-3000c:01560] [mpi::coll-select::show-decision-process::info] An algorithm is selected. [special-route] [barrier] [200] [0]
[i15-3000c:01560] [mpi::coll-select::show-decision-process::info] An algorithm is selected. [special-route] [barrier] [200] [0]
[i15-3000c:01560] [mpi::coll-select::show-decision-process::info] Any algorithm is not selected. [MCA-parameter] [bcast]
[i15-3000c:01560] [mpi::coll-select::show-decision-process::info] Any algorithm is not selected. [info-oneshot] [bcast]
[i15-3000c:01560] [mpi::coll-select::show-decision-process::info] Any algorithm is not selected. [info-rules] [bcast]
[i15-3000c:01560] [mpi::coll-select::show-decision-process::info] Any algorithm is not selected. [user-files] [bcast]
[i15-3000c:01560] [mpi::coll-select::show-decision-process::info] An algorithm is selected. [system-files] [bcast] [100]
[i15-3000c:01560] [mpi::coll-select::show-decision-process::info] An algorithm is selected. [special-route] [allreduce] [200] [0]
[i15-3000c:01560] [mpi::coll-select::show-decision-process::info] The algorithm is judged as applicable. [system-files] [bcast] [100(segsize=4096)]
[i15-3000c:01560] [mpi::coll-select::show-decision-process::info] An algorithm is selected. [special-route] [barrier] [200] [0]
[i15-3000c:01560] [mpi::coll-select::show-decision-process::info] An algorithm is selected. [special-route] [barrier] [200] [0]
[i15-3000c:01560] [mpi::coll-select::show-decision-process::info] An algorithm is selected. [special-route] [barrier] [200] [0]
[i15-3000c:01560] [mpi::coll-select::show-decision-process::info] Any algorithm is not selected. [MCA-parameter] [bcast]
[i15-3000c:01560] [mpi::coll-select::show-decision-process::info] Any algorithm is not selected. [info-oneshot] [bcast]
[i15-3000c:01560] [mpi::coll-select::show-decision-process::info] Any algorithm is not selected. [info-rules] [bcast]
[i15-3000c:01560] [mpi::coll-select::show-decision-process::info] Any algorithm is not selected. [user-files] [bcast]
[i15-3000c:01560] [mpi::coll-select::show-decision-process::info] An algorithm is selected. [system-files] [bcast] [100]
[i15-3000c:01560] [mpi::coll-select::show-decision-process::info] An algorithm is selected. [special-route] [allreduce] [200] [0]
[i15-3000c:01560] [mpi::coll-select::show-decision-process::info] The algorithm is judged as applicable. [system-files] [bcast] [100(segsize=4096)]
[i15-3000c:01560] [mpi::coll-select::show-decision-process::info] An algorithm is selected. [special-route] [barrier] [200] [0]
[i15-3000c:01560] [mpi::coll-select::show-decision-process::info] An algorithm is selected. [special-route] [barrier] [200] [0]
[i15-3000c:01560] [mpi::coll-select::show-decision-process::info] An algorithm is selected. [special-route] [barrier] [200] [0]
[i15-3000c:01560] [mpi::coll-select::show-decision-process::info] Any algorithm is not selected. [MCA-parameter] [bcast]
[i15-3000c:01560] [mpi::coll-select::show-decision-process::info] Any algorithm is not selected. [info-oneshot] [bcast]
[i15-3000c:01560] [mpi::coll-select::show-decision-process::info] Any algorithm is not selected. [info-rules] [bcast]
[i15-3000c:01560] [mpi::coll-select::show-decision-process::info] Any algorithm is not selected. [user-files] [bcast]
[i15-3000c:01560] [mpi::coll-select::show-decision-process::info] An algorithm is selected. [system-files] [bcast] [100]
[i15-3000c:01560] [mpi::coll-select::show-decision-process::info] An algorithm is selected. [special-route] [allreduce] [200] [0]
[i15-3000c:01560] [mpi::coll-select::show-decision-process::info] The algorithm is judged as applicable. [system-files] [bcast] [100(segsize=4096)]
[i15-3000c:01560] [mpi::coll-select::show-decision-process::info] An algorithm is selected. [special-route] [barrier] [200] [0]
[i15-3000c:01560] [mpi::coll-select::show-decision-process::info] An algorithm is selected. [special-route] [barrier] [200] [0]
[i15-3000c:01560] [mpi::coll-select::show-decision-process::info] An algorithm is selected. [special-route] [barrier] [200] [0]
[i15-3000c:01560] [mpi::coll-select::show-decision-process::info] Any algorithm is not selected. [MCA-parameter] [bcast]
[i15-3000c:01560] [mpi::coll-select::show-decision-process::info] Any algorithm is not selected. [info-oneshot] [bcast]
[i15-3000c:01560] [mpi::coll-select::show-decision-process::info] Any algorithm is not selected. [info-rules] [bcast]
[i15-3000c:01560] [mpi::coll-select::show-decision-process::info] Any algorithm is not selected. [user-files] [bcast]
[i15-3000c:01560] [mpi::coll-select::show-decision-process::info] An algorithm is selected. [system-files] [bcast] [100]
[i15-3000c:01560] [mpi::coll-select::show-decision-process::info] An algorithm is selected. [special-route] [allreduce] [200] [0]
[i15-3000c:01560] [mpi::coll-select::show-decision-process::info] The algorithm is judged as applicable. [system-files] [bcast] [100(segsize=4096)]
[i15-3000c:01560] [mpi::coll-select::show-decision-process::info] An algorithm is selected. [special-route] [barrier] [200] [0]
[i15-3000c:01560] [mpi::coll-select::show-decision-process::info] An algorithm is selected. [special-route] [barrier] [200] [0]
[i15-3000c:01560] [mpi::coll-select::show-decision-process::info] An algorithm is selected. [special-route] [barrier] [200] [0]
[i15-3000c:01560] [mpi::coll-select::show-decision-process::info] Any algorithm is not selected. [MCA-parameter] [bcast]
[i15-3000c:01560] [mpi::coll-select::show-decision-process::info] Any algorithm is not selected. [info-oneshot] [bcast]
[i15-3000c:01560] [mpi::coll-select::show-decision-process::info] Any algorithm is not selected. [info-rules] [bcast]
[i15-3000c:01560] [mpi::coll-select::show-decision-process::info] Any algorithm is not selected. [user-files] [bcast]
[i15-3000c:01560] [mpi::coll-select::show-decision-process::info] An algorithm is selected. [system-files] [bcast] [100]
[i15-3000c:01560] [mpi::coll-select::show-decision-process::info] An algorithm is selected. [special-route] [allreduce] [200] [0]
[i15-3000c:01560] [mpi::coll-select::show-decision-process::info] The algorithm is judged as applicable. [system-files] [bcast] [100(segsize=4096)]
[i15-3000c:01560] [mpi::coll-select::show-decision-process::info] An algorithm is selected. [special-route] [barrier] [200] [0]
[i15-3000c:01560] [mpi::coll-select::show-decision-process::info] An algorithm is selected. [special-route] [barrier] [200] [0]
[i15-3000c:01560] [mpi::coll-select::show-decision-process::info] An algorithm is selected. [special-route] [barrier] [200] [0]
[i15-3000c:01560] [mpi::coll-select::show-decision-process::info] Any algorithm is not selected. [MCA-parameter] [bcast]
[i15-3000c:01560] [mpi::coll-select::show-decision-process::info] Any algorithm is not selected. [info-oneshot] [bcast]
[i15-3000c:01560] [mpi::coll-select::show-decision-process::info] Any algorithm is not selected. [info-rules] [bcast]
[i15-3000c:01560] [mpi::coll-select::show-decision-process::info] Any algorithm is not selected. [user-files] [bcast]
[i15-3000c:01560] [mpi::coll-select::show-decision-process::info] An algorithm is selected. [system-files] [bcast] [100]
[i15-3000c:01560] [mpi::coll-select::show-decision-process::info] An algorithm is selected. [special-route] [allreduce] [200] [0]
[i15-3000c:01560] [mpi::coll-select::show-decision-process::info] The algorithm is judged as applicable. [system-files] [bcast] [100(segsize=4096)]
[i15-3000c:01560] [mpi::coll-select::show-decision-process::info] An algorithm is selected. [special-route] [barrier] [200] [0]
[i15-3000c:01560] [mpi::coll-select::show-decision-process::info] An algorithm is selected. [special-route] [barrier] [200] [0]
[i15-3000c:01560] [mpi::coll-select::show-decision-process::info] An algorithm is selected. [special-route] [barrier] [200] [0]
[i15-3000c:01560] [mpi::coll-select::show-decision-process::info] Any algorithm is not selected. [MCA-parameter] [bcast]
[i15-3000c:01560] [mpi::coll-select::show-decision-process::info] Any algorithm is not selected. [info-oneshot] [bcast]
[i15-3000c:01560] [mpi::coll-select::show-decision-process::info] Any algorithm is not selected. [info-rules] [bcast]
[i15-3000c:01560] [mpi::coll-select::show-decision-process::info] Any algorithm is not selected. [user-files] [bcast]
[i15-3000c:01560] [mpi::coll-select::show-decision-process::info] An algorithm is selected. [system-files] [bcast] [100]
[i15-3000c:01560] [mpi::coll-select::show-decision-process::info] An algorithm is selected. [special-route] [allreduce] [200] [0]
[i15-3000c:01560] [mpi::coll-select::show-decision-process::info] The algorithm is judged as applicable. [system-files] [bcast] [100(segsize=4096)]
[i15-3000c:01560] [mpi::coll-select::show-decision-process::info] An algorithm is selected. [special-route] [barrier] [200] [0]
[i15-3000c:01560] [mpi::coll-select::show-decision-process::info] An algorithm is selected. [special-route] [reduce] [200] [0]
