[i15-3000c:05334] [mpi::coll-select::show-decision-process::info] Any algorithm is not selected. [MCA-parameter] [alltoall]
[i15-3000c:05334] [mpi::coll-select::show-decision-process::info] Any algorithm is not selected. [info-oneshot] [alltoall]
[i15-3000c:05334] [mpi::coll-select::show-decision-process::info] Any algorithm is not selected. [info-rules] [alltoall]
[i15-3000c:05334] [mpi::coll-select::show-decision-process::info] Any algorithm is not selected. [user-files] [alltoall]
[i15-3000c:05334] [mpi::coll-select::show-decision-process::info] An algorithm is selected. [system-files] [alltoall] [3]
[i15-3000c:05334] [mpi::coll-select::show-decision-process::info] The algorithm is judged as applicable. [system-files] [alltoall] [3]
[i15-3000c:05334] [mpi::coll-select::show-decision-process::info] An algorithm is selected. [special-route] [barrier] [200] [0]
[i15-3000c:05334] [mpi::coll-select::show-decision-process::info] An algorithm is selected. [special-route] [barrier] [200] [0]
[i15-3000c:05334] [mpi::coll-select::show-decision-process::info] Any algorithm is not selected. [MCA-parameter] [allgather]
[i15-3000c:05334] [mpi::coll-select::show-decision-process::info] Any algorithm is not selected. [info-oneshot] [allgather]
[i15-3000c:05334] [mpi::coll-select::show-decision-process::info] Any algorithm is not selected. [info-rules] [allgather]
[i15-3000c:05334] [mpi::coll-select::show-decision-process::info] Any algorithm is not selected. [user-files] [allgather]
[i15-3000c:05334] [mpi::coll-select::show-decision-process::info] An algorithm is selected. [system-files] [allgather] [3]
[i15-3000c:05334] [mpi::coll-select::show-decision-process::info] The algorithm is judged as applicable. [system-files] [allgather] [3]
[i15-3000c:05334] [mpi::coll-select::show-decision-process::info] Any algorithm is not selected. [MCA-parameter] [alltoall]
[i15-3000c:05334] [mpi::coll-select::show-decision-process::info] Any algorithm is not selected. [info-oneshot] [alltoall]
[i15-3000c:05334] [mpi::coll-select::show-decision-process::info] Any algorithm is not selected. [info-rules] [alltoall]
[i15-3000c:05334] [mpi::coll-select::show-decision-process::info] Any algorithm is not selected. [user-files] [alltoall]
[i15-3000c:05334] [mpi::coll-select::show-decision-process::info] An algorithm is selected. [system-files] [alltoall] [3]
[i15-3000c:05334] [mpi::coll-select::show-decision-process::info] The algorithm is judged as applicable. [system-files] [alltoall] [3]
[i15-3000c:05334] [mpi::coll-select::show-decision-process::info] An algorithm is selected. [special-route] [barrier] [200] [0]
[i15-3000c:05334] [mpi::coll-select::show-decision-process::info] An algorithm is selected. [special-route] [barrier] [200] [0]
[i15-3000c:05334] [mpi::coll-select::show-decision-process::info] Any algorithm is not selected. [MCA-parameter] [alltoall]
[i15-3000c:05334] [mpi::coll-select::show-decision-process::info] Any algorithm is not selected. [info-oneshot] [alltoall]
[i15-3000c:05334] [mpi::coll-select::show-decision-process::info] Any algorithm is not selected. [info-rules] [alltoall]
[i15-3000c:05334] [mpi::coll-select::show-decision-process::info] Any algorithm is not selected. [user-files] [alltoall]
[i15-3000c:05334] [mpi::coll-select::show-decision-process::info] An algorithm is selected. [system-files] [alltoall] [3]
[i15-3000c:05334] [mpi::coll-select::show-decision-process::info] The algorithm is judged as applicable. [system-files] [alltoall] [3]
[i15-3000c:05334] [mpi::coll-select::show-decision-process::info] An algorithm is selected. [special-route] [barrier] [200] [0]
[i15-3000c:05334] [mpi::coll-select::show-decision-process::info] An algorithm is selected. [special-route] [barrier] [200] [0]
[i15-3000c:05334] [mpi::coll-select::show-decision-process::info] Any algorithm is not selected. [MCA-parameter] [alltoall]
[i15-3000c:05334] [mpi::coll-select::show-decision-process::info] Any algorithm is not selected. [info-oneshot] [alltoall]
[i15-3000c:05334] [mpi::coll-select::show-decision-process::info] Any algorithm is not selected. [info-rules] [alltoall]
[i15-3000c:05334] [mpi::coll-select::show-decision-process::info] Any algorithm is not selected. [user-files] [alltoall]
[i15-3000c:05334] [mpi::coll-select::show-decision-process::info] An algorithm is selected. [system-files] [alltoall] [3]
[i15-3000c:05334] [mpi::coll-select::show-decision-process::info] The algorithm is judged as applicable. [system-files] [alltoall] [3]
[i15-3000c:05334] [mpi::coll-select::show-decision-process::info] An algorithm is selected. [special-route] [barrier] [200] [0]
[i15-3000c:05334] [mpi::coll-select::show-decision-process::info] An algorithm is selected. [special-route] [barrier] [200] [0]
[i15-3000c:05334] [mpi::coll-select::show-decision-process::info] Any algorithm is not selected. [MCA-parameter] [alltoall]
[i15-3000c:05334] [mpi::coll-select::show-decision-process::info] Any algorithm is not selected. [info-oneshot] [alltoall]
[i15-3000c:05334] [mpi::coll-select::show-decision-process::info] Any algorithm is not selected. [info-rules] [alltoall]
[i15-3000c:05334] [mpi::coll-select::show-decision-process::info] Any algorithm is not selected. [user-files] [alltoall]
[i15-3000c:05334] [mpi::coll-select::show-decision-process::info] An algorithm is selected. [system-files] [alltoall] [3]
[i15-3000c:05334] [mpi::coll-select::show-decision-process::info] The algorithm is judged as applicable. [system-files] [alltoall] [3]
[i15-3000c:05334] [mpi::coll-select::show-decision-process::info] An algorithm is selected. [special-route] [barrier] [200] [0]
[i15-3000c:05334] [mpi::coll-select::show-decision-process::info] An algorithm is selected. [special-route] [barrier] [200] [0]
[i15-3000c:05334] [mpi::coll-select::show-decision-process::info] Any algorithm is not selected. [MCA-parameter] [alltoall]
[i15-3000c:05334] [mpi::coll-select::show-decision-process::info] Any algorithm is not selected. [info-oneshot] [alltoall]
[i15-3000c:05334] [mpi::coll-select::show-decision-process::info] Any algorithm is not selected. [info-rules] [alltoall]
[i15-3000c:05334] [mpi::coll-select::show-decision-process::info] Any algorithm is not selected. [user-files] [alltoall]
[i15-3000c:05334] [mpi::coll-select::show-decision-process::info] An algorithm is selected. [system-files] [alltoall] [3]
[i15-3000c:05334] [mpi::coll-select::show-decision-process::info] The algorithm is judged as applicable. [system-files] [alltoall] [3]
[i15-3000c:05334] [mpi::coll-select::show-decision-process::info] An algorithm is selected. [special-route] [barrier] [200] [0]
[i15-3000c:05334] [mpi::coll-select::show-decision-process::info] An algorithm is selected. [special-route] [barrier] [200] [0]
[i15-3000c:05334] [mpi::coll-select::show-decision-process::info] Any algorithm is not selected. [MCA-parameter] [alltoall]
[i15-3000c:05334] [mpi::coll-select::show-decision-process::info] Any algorithm is not selected. [info-oneshot] [alltoall]
[i15-3000c:05334] [mpi::coll-select::show-decision-process::info] Any algorithm is not selected. [info-rules] [alltoall]
[i15-3000c:05334] [mpi::coll-select::show-decision-process::info] Any algorithm is not selected. [user-files] [alltoall]
[i15-3000c:05334] [mpi::coll-select::show-decision-process::info] An algorithm is selected. [system-files] [alltoall] [3]
[i15-3000c:05334] [mpi::coll-select::show-decision-process::info] The algorithm is judged as applicable. [system-files] [alltoall] [3]
[i15-3000c:05334] [mpi::coll-select::show-decision-process::info] An algorithm is selected. [special-route] [barrier] [200] [0]
[i15-3000c:05334] [mpi::coll-select::show-decision-process::info] An algorithm is selected. [special-route] [barrier] [200] [0]
[i15-3000c:05334] [mpi::coll-select::show-decision-process::info] Any algorithm is not selected. [MCA-parameter] [alltoall]
[i15-3000c:05334] [mpi::coll-select::show-decision-process::info] Any algorithm is not selected. [info-oneshot] [alltoall]
[i15-3000c:05334] [mpi::coll-select::show-decision-process::info] Any algorithm is not selected. [info-rules] [alltoall]
[i15-3000c:05334] [mpi::coll-select::show-decision-process::info] Any algorithm is not selected. [user-files] [alltoall]
[i15-3000c:05334] [mpi::coll-select::show-decision-process::info] An algorithm is selected. [system-files] [alltoall] [3]
[i15-3000c:05334] [mpi::coll-select::show-decision-process::info] The algorithm is judged as applicable. [system-files] [alltoall] [3]
[i15-3000c:05334] [mpi::coll-select::show-decision-process::info] An algorithm is selected. [special-route] [barrier] [200] [0]
[i15-3000c:05334] [mpi::coll-select::show-decision-process::info] An algorithm is selected. [special-route] [barrier] [200] [0]
[i15-3000c:05334] [mpi::coll-select::show-decision-process::info] Any algorithm is not selected. [MCA-parameter] [alltoall]
[i15-3000c:05334] [mpi::coll-select::show-decision-process::info] Any algorithm is not selected. [info-oneshot] [alltoall]
[i15-3000c:05334] [mpi::coll-select::show-decision-process::info] Any algorithm is not selected. [info-rules] [alltoall]
[i15-3000c:05334] [mpi::coll-select::show-decision-process::info] Any algorithm is not selected. [user-files] [alltoall]
[i15-3000c:05334] [mpi::coll-select::show-decision-process::info] An algorithm is selected. [system-files] [alltoall] [3]
[i15-3000c:05334] [mpi::coll-select::show-decision-process::info] The algorithm is judged as applicable. [system-files] [alltoall] [3]
[i15-3000c:05334] [mpi::coll-select::show-decision-process::info] An algorithm is selected. [special-route] [barrier] [200] [0]
[i15-3000c:05334] [mpi::coll-select::show-decision-process::info] An algorithm is selected. [special-route] [barrier] [200] [0]
[i15-3000c:05334] [mpi::coll-select::show-decision-process::info] Any algorithm is not selected. [MCA-parameter] [alltoall]
[i15-3000c:05334] [mpi::coll-select::show-decision-process::info] Any algorithm is not selected. [info-oneshot] [alltoall]
[i15-3000c:05334] [mpi::coll-select::show-decision-process::info] Any algorithm is not selected. [info-rules] [alltoall]
[i15-3000c:05334] [mpi::coll-select::show-decision-process::info] Any algorithm is not selected. [user-files] [alltoall]
[i15-3000c:05334] [mpi::coll-select::show-decision-process::info] An algorithm is selected. [system-files] [alltoall] [3]
[i15-3000c:05334] [mpi::coll-select::show-decision-process::info] The algorithm is judged as applicable. [system-files] [alltoall] [3]
[i15-3000c:05334] [mpi::coll-select::show-decision-process::info] An algorithm is selected. [special-route] [barrier] [200] [0]
[i15-3000c:05334] [mpi::coll-select::show-decision-process::info] An algorithm is selected. [special-route] [barrier] [200] [0]
[i15-3000c:05334] [mpi::coll-select::show-decision-process::info] Any algorithm is not selected. [MCA-parameter] [alltoall]
[i15-3000c:05334] [mpi::coll-select::show-decision-process::info] Any algorithm is not selected. [info-oneshot] [alltoall]
[i15-3000c:05334] [mpi::coll-select::show-decision-process::info] Any algorithm is not selected. [info-rules] [alltoall]
[i15-3000c:05334] [mpi::coll-select::show-decision-process::info] Any algorithm is not selected. [user-files] [alltoall]
[i15-3000c:05334] [mpi::coll-select::show-decision-process::info] An algorithm is selected. [system-files] [alltoall] [3]
[i15-3000c:05334] [mpi::coll-select::show-decision-process::info] The algorithm is judged as applicable. [system-files] [alltoall] [3]
[i15-3000c:05334] [mpi::coll-select::show-decision-process::info] An algorithm is selected. [special-route] [barrier] [200] [0]
[i15-3000c:05334] [mpi::coll-select::show-decision-process::info] An algorithm is selected. [special-route] [barrier] [200] [0]
[i15-3000c:05334] [mpi::coll-select::show-decision-process::info] Any algorithm is not selected. [MCA-parameter] [alltoall]
[i15-3000c:05334] [mpi::coll-select::show-decision-process::info] Any algorithm is not selected. [info-oneshot] [alltoall]
[i15-3000c:05334] [mpi::coll-select::show-decision-process::info] Any algorithm is not selected. [info-rules] [alltoall]
[i15-3000c:05334] [mpi::coll-select::show-decision-process::info] Any algorithm is not selected. [user-files] [alltoall]
[i15-3000c:05334] [mpi::coll-select::show-decision-process::info] An algorithm is selected. [system-files] [alltoall] [3]
[i15-3000c:05334] [mpi::coll-select::show-decision-process::info] The algorithm is judged as applicable. [system-files] [alltoall] [3]
[i15-3000c:05334] [mpi::coll-select::show-decision-process::info] An algorithm is selected. [special-route] [reduce] [200] [0]
