[g08-0202c:13894] [mpi::coll-select::show-decision-process::info] Any algorithm is not selected. [MCA-parameter] [reduce]
[g08-0202c:13894] [mpi::coll-select::show-decision-process::info] Any algorithm is not selected. [info-oneshot] [reduce]
[g08-0202c:13894] [mpi::coll-select::show-decision-process::info] Any algorithm is not selected. [info-rules] [reduce]
[g08-0202c:13894] [mpi::coll-select::show-decision-process::info] Any algorithm is not selected. [user-files] [reduce]
[g08-0202c:13894] [mpi::coll-select::show-decision-process::info] An algorithm is selected. [system-files] [reduce] [101]
[g08-0202c:13894] [mpi::coll-select::show-decision-process::info] An algorithm is selected. [special-route] [allreduce] [200] [0]
[g08-0202c:13894] [mpi::coll-select::show-decision-process::info] The algorithm is judged as applicable. [system-files] [reduce] [101(segsize=16384)]
[g08-0202c:13894] [mpi::coll-select::show-decision-process::info] An algorithm is selected. [special-route] [barrier] [200] [0]
[g08-0202c:13894] [mpi::coll-select::show-decision-process::info] An algorithm is selected. [special-route] [barrier] [200] [0]
[g08-0202c:13894] [mpi::coll-select::show-decision-process::info] An algorithm is selected. [special-route] [barrier] [200] [0]
[g08-0202c:13894] [mpi::coll-select::show-decision-process::info] Any algorithm is not selected. [MCA-parameter] [allgather]
[g08-0202c:13894] [mpi::coll-select::show-decision-process::info] Any algorithm is not selected. [info-oneshot] [allgather]
[g08-0202c:13894] [mpi::coll-select::show-decision-process::info] Any algorithm is not selected. [info-rules] [allgather]
[g08-0202c:13894] [mpi::coll-select::show-decision-process::info] Any algorithm is not selected. [user-files] [allgather]
[g08-0202c:13894] [mpi::coll-select::show-decision-process::info] An algorithm is selected. [system-files] [allgather] [3]
[g08-0202c:13894] [mpi::coll-select::show-decision-process::info] The algorithm is judged as applicable. [system-files] [allgather] [3]
[g08-0202c:13894] [mpi::coll-select::show-decision-process::info] Any algorithm is not selected. [MCA-parameter] [allgather]
[g08-0202c:13894] [mpi::coll-select::show-decision-process::info] Any algorithm is not selected. [info-oneshot] [allgather]
[g08-0202c:13894] [mpi::coll-select::show-decision-process::info] Any algorithm is not selected. [info-rules] [allgather]
[g08-0202c:13894] [mpi::coll-select::show-decision-process::info] Any algorithm is not selected. [user-files] [allgather]
[g08-0202c:13894] [mpi::coll-select::show-decision-process::info] An algorithm is selected. [system-files] [allgather] [3]
[g08-0202c:13894] [mpi::coll-select::show-decision-process::info] The algorithm is judged as applicable. [system-files] [allgather] [3]
[g08-0202c:13894] [mpi::coll-select::show-decision-process::info] Any algorithm is not selected. [MCA-parameter] [allgather]
[g08-0202c:13894] [mpi::coll-select::show-decision-process::info] Any algorithm is not selected. [info-oneshot] [allgather]
[g08-0202c:13894] [mpi::coll-select::show-decision-process::info] Any algorithm is not selected. [info-rules] [allgather]
[g08-0202c:13894] [mpi::coll-select::show-decision-process::info] Any algorithm is not selected. [user-files] [allgather]
[g08-0202c:13894] [mpi::coll-select::show-decision-process::info] An algorithm is selected. [system-files] [allgather] [3]
[g08-0202c:13894] [mpi::coll-select::show-decision-process::info] The algorithm is judged as applicable. [system-files] [allgather] [3]
[g08-0202c:13894] [mpi::coll-select::show-decision-process::info] Any algorithm is not selected. [MCA-parameter] [allgather]
[g08-0202c:13894] [mpi::coll-select::show-decision-process::info] Any algorithm is not selected. [info-oneshot] [allgather]
[g08-0202c:13894] [mpi::coll-select::show-decision-process::info] Any algorithm is not selected. [info-rules] [allgather]
[g08-0202c:13894] [mpi::coll-select::show-decision-process::info] Any algorithm is not selected. [user-files] [allgather]
[g08-0202c:13894] [mpi::coll-select::show-decision-process::info] An algorithm is selected. [system-files] [allgather] [3]
[g08-0202c:13894] [mpi::coll-select::show-decision-process::info] The algorithm is judged as applicable. [system-files] [allgather] [3]
[g08-0202c:13894] [mpi::coll-select::show-decision-process::info] Any algorithm is not selected. [MCA-parameter] [allgather]
[g08-0202c:13894] [mpi::coll-select::show-decision-process::info] Any algorithm is not selected. [info-oneshot] [allgather]
[g08-0202c:13894] [mpi::coll-select::show-decision-process::info] Any algorithm is not selected. [info-rules] [allgather]
[g08-0202c:13894] [mpi::coll-select::show-decision-process::info] Any algorithm is not selected. [user-files] [allgather]
[g08-0202c:13894] [mpi::coll-select::show-decision-process::info] An algorithm is selected. [system-files] [allgather] [3]
[g08-0202c:13894] [mpi::coll-select::show-decision-process::info] The algorithm is judged as applicable. [system-files] [allgather] [3]
[g08-0202c:13894] [mpi::coll-select::show-decision-process::info] Any algorithm is not selected. [MCA-parameter] [allgather]
[g08-0202c:13894] [mpi::coll-select::show-decision-process::info] Any algorithm is not selected. [info-oneshot] [allgather]
[g08-0202c:13894] [mpi::coll-select::show-decision-process::info] Any algorithm is not selected. [info-rules] [allgather]
[g08-0202c:13894] [mpi::coll-select::show-decision-process::info] Any algorithm is not selected. [user-files] [allgather]
[g08-0202c:13894] [mpi::coll-select::show-decision-process::info] An algorithm is selected. [system-files] [allgather] [3]
[g08-0202c:13894] [mpi::coll-select::show-decision-process::info] The algorithm is judged as applicable. [system-files] [allgather] [3]
[g08-0202c:13894] [mpi::coll-select::show-decision-process::info] Any algorithm is not selected. [MCA-parameter] [allgather]
[g08-0202c:13894] [mpi::coll-select::show-decision-process::info] Any algorithm is not selected. [info-oneshot] [allgather]
[g08-0202c:13894] [mpi::coll-select::show-decision-process::info] Any algorithm is not selected. [info-rules] [allgather]
[g08-0202c:13894] [mpi::coll-select::show-decision-process::info] Any algorithm is not selected. [user-files] [allgather]
[g08-0202c:13894] [mpi::coll-select::show-decision-process::info] An algorithm is selected. [system-files] [allgather] [3]
[g08-0202c:13894] [mpi::coll-select::show-decision-process::info] The algorithm is judged as applicable. [system-files] [allgather] [3]
[g08-0202c:13894] [mpi::coll-select::show-decision-process::info] Any algorithm is not selected. [MCA-parameter] [allgather]
[g08-0202c:13894] [mpi::coll-select::show-decision-process::info] Any algorithm is not selected. [info-oneshot] [allgather]
[g08-0202c:13894] [mpi::coll-select::show-decision-process::info] Any algorithm is not selected. [info-rules] [allgather]
[g08-0202c:13894] [mpi::coll-select::show-decision-process::info] Any algorithm is not selected. [user-files] [allgather]
[g08-0202c:13894] [mpi::coll-select::show-decision-process::info] An algorithm is selected. [system-files] [allgather] [3]
[g08-0202c:13894] [mpi::coll-select::show-decision-process::info] The algorithm is judged as applicable. [system-files] [allgather] [3]
[g08-0202c:13894] [mpi::coll-select::show-decision-process::info] Any algorithm is not selected. [MCA-parameter] [allgather]
[g08-0202c:13894] [mpi::coll-select::show-decision-process::info] Any algorithm is not selected. [info-oneshot] [allgather]
[g08-0202c:13894] [mpi::coll-select::show-decision-process::info] Any algorithm is not selected. [info-rules] [allgather]
[g08-0202c:13894] [mpi::coll-select::show-decision-process::info] Any algorithm is not selected. [user-files] [allgather]
[g08-0202c:13894] [mpi::coll-select::show-decision-process::info] An algorithm is selected. [system-files] [allgather] [3]
[g08-0202c:13894] [mpi::coll-select::show-decision-process::info] The algorithm is judged as applicable. [system-files] [allgather] [3]
[g08-0202c:13894] [mpi::coll-select::show-decision-process::info] Any algorithm is not selected. [MCA-parameter] [allgather]
[g08-0202c:13894] [mpi::coll-select::show-decision-process::info] Any algorithm is not selected. [info-oneshot] [allgather]
[g08-0202c:13894] [mpi::coll-select::show-decision-process::info] Any algorithm is not selected. [info-rules] [allgather]
[g08-0202c:13894] [mpi::coll-select::show-decision-process::info] Any algorithm is not selected. [user-files] [allgather]
[g08-0202c:13894] [mpi::coll-select::show-decision-process::info] An algorithm is selected. [system-files] [allgather] [3]
[g08-0202c:13894] [mpi::coll-select::show-decision-process::info] The algorithm is judged as applicable. [system-files] [allgather] [3]
[g08-0202c:13894] [mpi::coll-select::show-decision-process::info] Any algorithm is not selected. [MCA-parameter] [allgather]
[g08-0202c:13894] [mpi::coll-select::show-decision-process::info] Any algorithm is not selected. [info-oneshot] [allgather]
[g08-0202c:13894] [mpi::coll-select::show-decision-process::info] Any algorithm is not selected. [info-rules] [allgather]
[g08-0202c:13894] [mpi::coll-select::show-decision-process::info] Any algorithm is not selected. [user-files] [allgather]
[g08-0202c:13894] [mpi::coll-select::show-decision-process::info] An algorithm is selected. [system-files] [allgather] [3]
[g08-0202c:13894] [mpi::coll-select::show-decision-process::info] The algorithm is judged as applicable. [system-files] [allgather] [3]
[g08-0202c:13894] [mpi::coll-select::show-decision-process::info] Any algorithm is not selected. [MCA-parameter] [allgather]
[g08-0202c:13894] [mpi::coll-select::show-decision-process::info] Any algorithm is not selected. [info-oneshot] [allgather]
[g08-0202c:13894] [mpi::coll-select::show-decision-process::info] Any algorithm is not selected. [info-rules] [allgather]
[g08-0202c:13894] [mpi::coll-select::show-decision-process::info] Any algorithm is not selected. [user-files] [allgather]
[g08-0202c:13894] [mpi::coll-select::show-decision-process::info] An algorithm is selected. [system-files] [allgather] [3]
[g08-0202c:13894] [mpi::coll-select::show-decision-process::info] The algorithm is judged as applicable. [system-files] [allgather] [3]
[g08-0202c:13894] [mpi::coll-select::show-decision-process::info] Any algorithm is not selected. [MCA-parameter] [reduce]
[g08-0202c:13894] [mpi::coll-select::show-decision-process::info] Any algorithm is not selected. [info-oneshot] [reduce]
[g08-0202c:13894] [mpi::coll-select::show-decision-process::info] Any algorithm is not selected. [info-rules] [reduce]
[g08-0202c:13894] [mpi::coll-select::show-decision-process::info] Any algorithm is not selected. [user-files] [reduce]
[g08-0202c:13894] [mpi::coll-select::show-decision-process::info] An algorithm is selected. [system-files] [reduce] [101]
[g08-0202c:13894] [mpi::coll-select::show-decision-process::info] An algorithm is selected. [special-route] [allreduce] [200] [0]
[g08-0202c:13894] [mpi::coll-select::show-decision-process::info] The algorithm is judged as applicable. [system-files] [reduce] [101(segsize=16384)]
[g08-0202c:13894] [mpi::coll-select::show-decision-process::info] An algorithm is selected. [special-route] [barrier] [200] [0]
[g08-0202c:13894] [mpi::coll-select::show-decision-process::info] An algorithm is selected. [special-route] [barrier] [200] [0]
[g08-0202c:13894] [mpi::coll-select::show-decision-process::info] An algorithm is selected. [special-route] [barrier] [200] [0]
[g08-0202c:13894] [mpi::coll-select::show-decision-process::info] Any algorithm is not selected. [MCA-parameter] [reduce]
[g08-0202c:13894] [mpi::coll-select::show-decision-process::info] Any algorithm is not selected. [info-oneshot] [reduce]
[g08-0202c:13894] [mpi::coll-select::show-decision-process::info] Any algorithm is not selected. [info-rules] [reduce]
[g08-0202c:13894] [mpi::coll-select::show-decision-process::info] Any algorithm is not selected. [user-files] [reduce]
[g08-0202c:13894] [mpi::coll-select::show-decision-process::info] An algorithm is selected. [system-files] [reduce] [101]
[g08-0202c:13894] [mpi::coll-select::show-decision-process::info] An algorithm is selected. [special-route] [allreduce] [200] [0]
[g08-0202c:13894] [mpi::coll-select::show-decision-process::info] The algorithm is judged as applicable. [system-files] [reduce] [101(segsize=16384)]
[g08-0202c:13894] [mpi::coll-select::show-decision-process::info] An algorithm is selected. [special-route] [barrier] [200] [0]
[g08-0202c:13894] [mpi::coll-select::show-decision-process::info] An algorithm is selected. [special-route] [barrier] [200] [0]
[g08-0202c:13894] [mpi::coll-select::show-decision-process::info] An algorithm is selected. [special-route] [barrier] [200] [0]
[g08-0202c:13894] [mpi::coll-select::show-decision-process::info] Any algorithm is not selected. [MCA-parameter] [reduce]
[g08-0202c:13894] [mpi::coll-select::show-decision-process::info] Any algorithm is not selected. [info-oneshot] [reduce]
[g08-0202c:13894] [mpi::coll-select::show-decision-process::info] Any algorithm is not selected. [info-rules] [reduce]
[g08-0202c:13894] [mpi::coll-select::show-decision-process::info] Any algorithm is not selected. [user-files] [reduce]
[g08-0202c:13894] [mpi::coll-select::show-decision-process::info] An algorithm is selected. [system-files] [reduce] [101]
[g08-0202c:13894] [mpi::coll-select::show-decision-process::info] An algorithm is selected. [special-route] [allreduce] [200] [0]
[g08-0202c:13894] [mpi::coll-select::show-decision-process::info] The algorithm is judged as applicable. [system-files] [reduce] [101(segsize=16384)]
[g08-0202c:13894] [mpi::coll-select::show-decision-process::info] An algorithm is selected. [special-route] [barrier] [200] [0]
[g08-0202c:13894] [mpi::coll-select::show-decision-process::info] An algorithm is selected. [special-route] [barrier] [200] [0]
[g08-0202c:13894] [mpi::coll-select::show-decision-process::info] An algorithm is selected. [special-route] [barrier] [200] [0]
[g08-0202c:13894] [mpi::coll-select::show-decision-process::info] Any algorithm is not selected. [MCA-parameter] [reduce]
[g08-0202c:13894] [mpi::coll-select::show-decision-process::info] Any algorithm is not selected. [info-oneshot] [reduce]
[g08-0202c:13894] [mpi::coll-select::show-decision-process::info] Any algorithm is not selected. [info-rules] [reduce]
[g08-0202c:13894] [mpi::coll-select::show-decision-process::info] Any algorithm is not selected. [user-files] [reduce]
[g08-0202c:13894] [mpi::coll-select::show-decision-process::info] An algorithm is selected. [system-files] [reduce] [101]
[g08-0202c:13894] [mpi::coll-select::show-decision-process::info] An algorithm is selected. [special-route] [allreduce] [200] [0]
[g08-0202c:13894] [mpi::coll-select::show-decision-process::info] The algorithm is judged as applicable. [system-files] [reduce] [101(segsize=16384)]
[g08-0202c:13894] [mpi::coll-select::show-decision-process::info] An algorithm is selected. [special-route] [barrier] [200] [0]
[g08-0202c:13894] [mpi::coll-select::show-decision-process::info] An algorithm is selected. [special-route] [barrier] [200] [0]
[g08-0202c:13894] [mpi::coll-select::show-decision-process::info] An algorithm is selected. [special-route] [barrier] [200] [0]
[g08-0202c:13894] [mpi::coll-select::show-decision-process::info] Any algorithm is not selected. [MCA-parameter] [reduce]
[g08-0202c:13894] [mpi::coll-select::show-decision-process::info] Any algorithm is not selected. [info-oneshot] [reduce]
[g08-0202c:13894] [mpi::coll-select::show-decision-process::info] Any algorithm is not selected. [info-rules] [reduce]
[g08-0202c:13894] [mpi::coll-select::show-decision-process::info] Any algorithm is not selected. [user-files] [reduce]
[g08-0202c:13894] [mpi::coll-select::show-decision-process::info] An algorithm is selected. [system-files] [reduce] [101]
[g08-0202c:13894] [mpi::coll-select::show-decision-process::info] An algorithm is selected. [special-route] [allreduce] [200] [0]
[g08-0202c:13894] [mpi::coll-select::show-decision-process::info] The algorithm is judged as applicable. [system-files] [reduce] [101(segsize=16384)]
[g08-0202c:13894] [mpi::coll-select::show-decision-process::info] An algorithm is selected. [special-route] [barrier] [200] [0]
[g08-0202c:13894] [mpi::coll-select::show-decision-process::info] An algorithm is selected. [special-route] [barrier] [200] [0]
[g08-0202c:13894] [mpi::coll-select::show-decision-process::info] An algorithm is selected. [special-route] [barrier] [200] [0]
[g08-0202c:13894] [mpi::coll-select::show-decision-process::info] Any algorithm is not selected. [MCA-parameter] [reduce]
[g08-0202c:13894] [mpi::coll-select::show-decision-process::info] Any algorithm is not selected. [info-oneshot] [reduce]
[g08-0202c:13894] [mpi::coll-select::show-decision-process::info] Any algorithm is not selected. [info-rules] [reduce]
[g08-0202c:13894] [mpi::coll-select::show-decision-process::info] Any algorithm is not selected. [user-files] [reduce]
[g08-0202c:13894] [mpi::coll-select::show-decision-process::info] An algorithm is selected. [system-files] [reduce] [101]
[g08-0202c:13894] [mpi::coll-select::show-decision-process::info] An algorithm is selected. [special-route] [allreduce] [200] [0]
[g08-0202c:13894] [mpi::coll-select::show-decision-process::info] The algorithm is judged as applicable. [system-files] [reduce] [101(segsize=16384)]
[g08-0202c:13894] [mpi::coll-select::show-decision-process::info] An algorithm is selected. [special-route] [barrier] [200] [0]
[g08-0202c:13894] [mpi::coll-select::show-decision-process::info] An algorithm is selected. [special-route] [barrier] [200] [0]
[g08-0202c:13894] [mpi::coll-select::show-decision-process::info] An algorithm is selected. [special-route] [barrier] [200] [0]
[g08-0202c:13894] [mpi::coll-select::show-decision-process::info] Any algorithm is not selected. [MCA-parameter] [reduce]
[g08-0202c:13894] [mpi::coll-select::show-decision-process::info] Any algorithm is not selected. [info-oneshot] [reduce]
[g08-0202c:13894] [mpi::coll-select::show-decision-process::info] Any algorithm is not selected. [info-rules] [reduce]
[g08-0202c:13894] [mpi::coll-select::show-decision-process::info] Any algorithm is not selected. [user-files] [reduce]
[g08-0202c:13894] [mpi::coll-select::show-decision-process::info] An algorithm is selected. [system-files] [reduce] [101]
[g08-0202c:13894] [mpi::coll-select::show-decision-process::info] An algorithm is selected. [special-route] [allreduce] [200] [0]
[g08-0202c:13894] [mpi::coll-select::show-decision-process::info] The algorithm is judged as applicable. [system-files] [reduce] [101(segsize=16384)]
[g08-0202c:13894] [mpi::coll-select::show-decision-process::info] An algorithm is selected. [special-route] [barrier] [200] [0]
[g08-0202c:13894] [mpi::coll-select::show-decision-process::info] An algorithm is selected. [special-route] [barrier] [200] [0]
[g08-0202c:13894] [mpi::coll-select::show-decision-process::info] An algorithm is selected. [special-route] [barrier] [200] [0]
[g08-0202c:13894] [mpi::coll-select::show-decision-process::info] Any algorithm is not selected. [MCA-parameter] [reduce]
[g08-0202c:13894] [mpi::coll-select::show-decision-process::info] Any algorithm is not selected. [info-oneshot] [reduce]
[g08-0202c:13894] [mpi::coll-select::show-decision-process::info] Any algorithm is not selected. [info-rules] [reduce]
[g08-0202c:13894] [mpi::coll-select::show-decision-process::info] Any algorithm is not selected. [user-files] [reduce]
[g08-0202c:13894] [mpi::coll-select::show-decision-process::info] An algorithm is selected. [system-files] [reduce] [101]
[g08-0202c:13894] [mpi::coll-select::show-decision-process::info] An algorithm is selected. [special-route] [allreduce] [200] [0]
[g08-0202c:13894] [mpi::coll-select::show-decision-process::info] The algorithm is judged as applicable. [system-files] [reduce] [101(segsize=16384)]
[g08-0202c:13894] [mpi::coll-select::show-decision-process::info] An algorithm is selected. [special-route] [barrier] [200] [0]
[g08-0202c:13894] [mpi::coll-select::show-decision-process::info] An algorithm is selected. [special-route] [barrier] [200] [0]
[g08-0202c:13894] [mpi::coll-select::show-decision-process::info] An algorithm is selected. [special-route] [barrier] [200] [0]
[g08-0202c:13894] [mpi::coll-select::show-decision-process::info] Any algorithm is not selected. [MCA-parameter] [reduce]
[g08-0202c:13894] [mpi::coll-select::show-decision-process::info] Any algorithm is not selected. [info-oneshot] [reduce]
[g08-0202c:13894] [mpi::coll-select::show-decision-process::info] Any algorithm is not selected. [info-rules] [reduce]
[g08-0202c:13894] [mpi::coll-select::show-decision-process::info] Any algorithm is not selected. [user-files] [reduce]
[g08-0202c:13894] [mpi::coll-select::show-decision-process::info] An algorithm is selected. [system-files] [reduce] [101]
[g08-0202c:13894] [mpi::coll-select::show-decision-process::info] An algorithm is selected. [special-route] [allreduce] [200] [0]
[g08-0202c:13894] [mpi::coll-select::show-decision-process::info] The algorithm is judged as applicable. [system-files] [reduce] [101(segsize=16384)]
[g08-0202c:13894] [mpi::coll-select::show-decision-process::info] An algorithm is selected. [special-route] [barrier] [200] [0]
[g08-0202c:13894] [mpi::coll-select::show-decision-process::info] An algorithm is selected. [special-route] [barrier] [200] [0]
[g08-0202c:13894] [mpi::coll-select::show-decision-process::info] An algorithm is selected. [special-route] [barrier] [200] [0]
[g08-0202c:13894] [mpi::coll-select::show-decision-process::info] Any algorithm is not selected. [MCA-parameter] [reduce]
[g08-0202c:13894] [mpi::coll-select::show-decision-process::info] Any algorithm is not selected. [info-oneshot] [reduce]
[g08-0202c:13894] [mpi::coll-select::show-decision-process::info] Any algorithm is not selected. [info-rules] [reduce]
[g08-0202c:13894] [mpi::coll-select::show-decision-process::info] Any algorithm is not selected. [user-files] [reduce]
[g08-0202c:13894] [mpi::coll-select::show-decision-process::info] An algorithm is selected. [system-files] [reduce] [101]
[g08-0202c:13894] [mpi::coll-select::show-decision-process::info] An algorithm is selected. [special-route] [allreduce] [200] [0]
[g08-0202c:13894] [mpi::coll-select::show-decision-process::info] The algorithm is judged as applicable. [system-files] [reduce] [101(segsize=16384)]
[g08-0202c:13894] [mpi::coll-select::show-decision-process::info] An algorithm is selected. [special-route] [barrier] [200] [0]
[g08-0202c:13894] [mpi::coll-select::show-decision-process::info] An algorithm is selected. [special-route] [barrier] [200] [0]
[g08-0202c:13894] [mpi::coll-select::show-decision-process::info] An algorithm is selected. [special-route] [barrier] [200] [0]
[g08-0202c:13894] [mpi::coll-select::show-decision-process::info] Any algorithm is not selected. [MCA-parameter] [reduce]
[g08-0202c:13894] [mpi::coll-select::show-decision-process::info] Any algorithm is not selected. [info-oneshot] [reduce]
[g08-0202c:13894] [mpi::coll-select::show-decision-process::info] Any algorithm is not selected. [info-rules] [reduce]
[g08-0202c:13894] [mpi::coll-select::show-decision-process::info] Any algorithm is not selected. [user-files] [reduce]
[g08-0202c:13894] [mpi::coll-select::show-decision-process::info] An algorithm is selected. [system-files] [reduce] [101]
[g08-0202c:13894] [mpi::coll-select::show-decision-process::info] An algorithm is selected. [special-route] [allreduce] [200] [0]
[g08-0202c:13894] [mpi::coll-select::show-decision-process::info] The algorithm is judged as applicable. [system-files] [reduce] [101(segsize=16384)]
[g08-0202c:13894] [mpi::coll-select::show-decision-process::info] An algorithm is selected. [special-route] [barrier] [200] [0]
[g08-0202c:13894] [mpi::coll-select::show-decision-process::info] An algorithm is selected. [special-route] [reduce] [200] [0]
