[e02-0000c:08741] [mpi::coll-select::show-decision-process::info] Any algorithm is not selected. [MCA-parameter] [allgather]
[e02-0000c:08741] [mpi::coll-select::show-decision-process::info] Any algorithm is not selected. [info-oneshot] [allgather]
[e02-0000c:08741] [mpi::coll-select::show-decision-process::info] Any algorithm is not selected. [info-rules] [allgather]
[e02-0000c:08741] [mpi::coll-select::show-decision-process::info] Any algorithm is not selected. [user-files] [allgather]
[e02-0000c:08741] [mpi::coll-select::show-decision-process::info] An algorithm is selected. [system-files] [allgather] [100]
[e02-0000c:08741] [mpi::coll-select::show-decision-process::info] An algorithm is selected. [special-route] [allreduce] [200] [0]
[e02-0000c:08741] [mpi::coll-select::show-decision-process::info] The algorithm is judged as applicable. [system-files] [allgather] [100]
[e02-0000c:08741] [mpi::coll-select::show-decision-process::info] An algorithm is selected. [system-files] [gather] [2]
[e02-0000c:08741] [mpi::coll-select::show-decision-process::info] The algorithm is judged as applicable. [system-files] [gather] [2]
[e02-0000c:08741] [mpi::coll-select::show-decision-process::info] An algorithm is selected. [special-route] [barrier] [200] [0]
[e02-0000c:08741] [mpi::coll-select::show-decision-process::info] An algorithm is selected. [system-files] [bcast] [100]
[e02-0000c:08741] [mpi::coll-select::show-decision-process::info] The algorithm is judged as applicable. [system-files] [bcast] [100(segsize=4096)]
[e02-0000c:08741] [mpi::coll-select::show-decision-process::info] An algorithm is selected. [special-route] [barrier] [200] [0]
[e02-0000c:08741] [mpi::coll-select::show-decision-process::info] An algorithm is selected. [special-route] [barrier] [200] [0]
[e02-0000c:08741] [mpi::coll-select::show-decision-process::info] Any algorithm is not selected. [MCA-parameter] [allgather]
[e02-0000c:08741] [mpi::coll-select::show-decision-process::info] Any algorithm is not selected. [info-oneshot] [allgather]
[e02-0000c:08741] [mpi::coll-select::show-decision-process::info] Any algorithm is not selected. [info-rules] [allgather]
[e02-0000c:08741] [mpi::coll-select::show-decision-process::info] Any algorithm is not selected. [user-files] [allgather]
[e02-0000c:08741] [mpi::coll-select::show-decision-process::info] An algorithm is selected. [system-files] [allgather] [3]
[e02-0000c:08741] [mpi::coll-select::show-decision-process::info] The algorithm is judged as applicable. [system-files] [allgather] [3]
[e02-0000c:08741] [mpi::coll-select::show-decision-process::info] Any algorithm is not selected. [MCA-parameter] [allgather]
[e02-0000c:08741] [mpi::coll-select::show-decision-process::info] Any algorithm is not selected. [info-oneshot] [allgather]
[e02-0000c:08741] [mpi::coll-select::show-decision-process::info] Any algorithm is not selected. [info-rules] [allgather]
[e02-0000c:08741] [mpi::coll-select::show-decision-process::info] Any algorithm is not selected. [user-files] [allgather]
[e02-0000c:08741] [mpi::coll-select::show-decision-process::info] An algorithm is selected. [system-files] [allgather] [3]
[e02-0000c:08741] [mpi::coll-select::show-decision-process::info] The algorithm is judged as applicable. [system-files] [allgather] [3]
[e02-0000c:08741] [mpi::coll-select::show-decision-process::info] Any algorithm is not selected. [MCA-parameter] [allgather]
[e02-0000c:08741] [mpi::coll-select::show-decision-process::info] Any algorithm is not selected. [info-oneshot] [allgather]
[e02-0000c:08741] [mpi::coll-select::show-decision-process::info] Any algorithm is not selected. [info-rules] [allgather]
[e02-0000c:08741] [mpi::coll-select::show-decision-process::info] Any algorithm is not selected. [user-files] [allgather]
[e02-0000c:08741] [mpi::coll-select::show-decision-process::info] An algorithm is selected. [system-files] [allgather] [3]
[e02-0000c:08741] [mpi::coll-select::show-decision-process::info] The algorithm is judged as applicable. [system-files] [allgather] [3]
[e02-0000c:08741] [mpi::coll-select::show-decision-process::info] Any algorithm is not selected. [MCA-parameter] [allgather]
[e02-0000c:08741] [mpi::coll-select::show-decision-process::info] Any algorithm is not selected. [info-oneshot] [allgather]
[e02-0000c:08741] [mpi::coll-select::show-decision-process::info] Any algorithm is not selected. [info-rules] [allgather]
[e02-0000c:08741] [mpi::coll-select::show-decision-process::info] Any algorithm is not selected. [user-files] [allgather]
[e02-0000c:08741] [mpi::coll-select::show-decision-process::info] An algorithm is selected. [system-files] [allgather] [3]
[e02-0000c:08741] [mpi::coll-select::show-decision-process::info] The algorithm is judged as applicable. [system-files] [allgather] [3]
[e02-0000c:08741] [mpi::coll-select::show-decision-process::info] Any algorithm is not selected. [MCA-parameter] [allgather]
[e02-0000c:08741] [mpi::coll-select::show-decision-process::info] Any algorithm is not selected. [info-oneshot] [allgather]
[e02-0000c:08741] [mpi::coll-select::show-decision-process::info] Any algorithm is not selected. [info-rules] [allgather]
[e02-0000c:08741] [mpi::coll-select::show-decision-process::info] Any algorithm is not selected. [user-files] [allgather]
[e02-0000c:08741] [mpi::coll-select::show-decision-process::info] An algorithm is selected. [system-files] [allgather] [3]
[e02-0000c:08741] [mpi::coll-select::show-decision-process::info] The algorithm is judged as applicable. [system-files] [allgather] [3]
[e02-0000c:08741] [mpi::coll-select::show-decision-process::info] Any algorithm is not selected. [MCA-parameter] [allgather]
[e02-0000c:08741] [mpi::coll-select::show-decision-process::info] Any algorithm is not selected. [info-oneshot] [allgather]
[e02-0000c:08741] [mpi::coll-select::show-decision-process::info] Any algorithm is not selected. [info-rules] [allgather]
[e02-0000c:08741] [mpi::coll-select::show-decision-process::info] Any algorithm is not selected. [user-files] [allgather]
[e02-0000c:08741] [mpi::coll-select::show-decision-process::info] An algorithm is selected. [system-files] [allgather] [3]
[e02-0000c:08741] [mpi::coll-select::show-decision-process::info] The algorithm is judged as applicable. [system-files] [allgather] [3]
[e02-0000c:08741] [mpi::coll-select::show-decision-process::info] Any algorithm is not selected. [MCA-parameter] [allgather]
[e02-0000c:08741] [mpi::coll-select::show-decision-process::info] Any algorithm is not selected. [info-oneshot] [allgather]
[e02-0000c:08741] [mpi::coll-select::show-decision-process::info] Any algorithm is not selected. [info-rules] [allgather]
[e02-0000c:08741] [mpi::coll-select::show-decision-process::info] Any algorithm is not selected. [user-files] [allgather]
[e02-0000c:08741] [mpi::coll-select::show-decision-process::info] An algorithm is selected. [system-files] [allgather] [3]
[e02-0000c:08741] [mpi::coll-select::show-decision-process::info] The algorithm is judged as applicable. [system-files] [allgather] [3]
[e02-0000c:08741] [mpi::coll-select::show-decision-process::info] Any algorithm is not selected. [MCA-parameter] [allgather]
[e02-0000c:08741] [mpi::coll-select::show-decision-process::info] Any algorithm is not selected. [info-oneshot] [allgather]
[e02-0000c:08741] [mpi::coll-select::show-decision-process::info] Any algorithm is not selected. [info-rules] [allgather]
[e02-0000c:08741] [mpi::coll-select::show-decision-process::info] Any algorithm is not selected. [user-files] [allgather]
[e02-0000c:08741] [mpi::coll-select::show-decision-process::info] An algorithm is selected. [system-files] [allgather] [3]
[e02-0000c:08741] [mpi::coll-select::show-decision-process::info] The algorithm is judged as applicable. [system-files] [allgather] [3]
[e02-0000c:08741] [mpi::coll-select::show-decision-process::info] Any algorithm is not selected. [MCA-parameter] [allgather]
[e02-0000c:08741] [mpi::coll-select::show-decision-process::info] Any algorithm is not selected. [info-oneshot] [allgather]
[e02-0000c:08741] [mpi::coll-select::show-decision-process::info] Any algorithm is not selected. [info-rules] [allgather]
[e02-0000c:08741] [mpi::coll-select::show-decision-process::info] Any algorithm is not selected. [user-files] [allgather]
[e02-0000c:08741] [mpi::coll-select::show-decision-process::info] An algorithm is selected. [system-files] [allgather] [3]
[e02-0000c:08741] [mpi::coll-select::show-decision-process::info] The algorithm is judged as applicable. [system-files] [allgather] [3]
[e02-0000c:08741] [mpi::coll-select::show-decision-process::info] Any algorithm is not selected. [MCA-parameter] [allgather]
[e02-0000c:08741] [mpi::coll-select::show-decision-process::info] Any algorithm is not selected. [info-oneshot] [allgather]
[e02-0000c:08741] [mpi::coll-select::show-decision-process::info] Any algorithm is not selected. [info-rules] [allgather]
[e02-0000c:08741] [mpi::coll-select::show-decision-process::info] Any algorithm is not selected. [user-files] [allgather]
[e02-0000c:08741] [mpi::coll-select::show-decision-process::info] An algorithm is selected. [system-files] [allgather] [3]
[e02-0000c:08741] [mpi::coll-select::show-decision-process::info] The algorithm is judged as applicable. [system-files] [allgather] [3]
[e02-0000c:08741] [mpi::coll-select::show-decision-process::info] Any algorithm is not selected. [MCA-parameter] [allgather]
[e02-0000c:08741] [mpi::coll-select::show-decision-process::info] Any algorithm is not selected. [info-oneshot] [allgather]
[e02-0000c:08741] [mpi::coll-select::show-decision-process::info] Any algorithm is not selected. [info-rules] [allgather]
[e02-0000c:08741] [mpi::coll-select::show-decision-process::info] Any algorithm is not selected. [user-files] [allgather]
[e02-0000c:08741] [mpi::coll-select::show-decision-process::info] An algorithm is selected. [system-files] [allgather] [3]
[e02-0000c:08741] [mpi::coll-select::show-decision-process::info] The algorithm is judged as applicable. [system-files] [allgather] [3]
[e02-0000c:08741] [mpi::coll-select::show-decision-process::info] Any algorithm is not selected. [MCA-parameter] [allgather]
[e02-0000c:08741] [mpi::coll-select::show-decision-process::info] Any algorithm is not selected. [info-oneshot] [allgather]
[e02-0000c:08741] [mpi::coll-select::show-decision-process::info] Any algorithm is not selected. [info-rules] [allgather]
[e02-0000c:08741] [mpi::coll-select::show-decision-process::info] Any algorithm is not selected. [user-files] [allgather]
[e02-0000c:08741] [mpi::coll-select::show-decision-process::info] An algorithm is selected. [system-files] [allgather] [3]
[e02-0000c:08741] [mpi::coll-select::show-decision-process::info] The algorithm is judged as applicable. [system-files] [allgather] [3]
[e02-0000c:08741] [mpi::coll-select::show-decision-process::info] Any algorithm is not selected. [MCA-parameter] [allgather]
[e02-0000c:08741] [mpi::coll-select::show-decision-process::info] Any algorithm is not selected. [info-oneshot] [allgather]
[e02-0000c:08741] [mpi::coll-select::show-decision-process::info] Any algorithm is not selected. [info-rules] [allgather]
[e02-0000c:08741] [mpi::coll-select::show-decision-process::info] Any algorithm is not selected. [user-files] [allgather]
[e02-0000c:08741] [mpi::coll-select::show-decision-process::info] An algorithm is selected. [system-files] [allgather] [100]
[e02-0000c:08741] [mpi::coll-select::show-decision-process::info] An algorithm is selected. [special-route] [allreduce] [200] [0]
[e02-0000c:08741] [mpi::coll-select::show-decision-process::info] The algorithm is judged as applicable. [system-files] [allgather] [100]
[e02-0000c:08741] [mpi::coll-select::show-decision-process::info] An algorithm is selected. [system-files] [gather] [2]
[e02-0000c:08741] [mpi::coll-select::show-decision-process::info] The algorithm is judged as applicable. [system-files] [gather] [2]
[e02-0000c:08741] [mpi::coll-select::show-decision-process::info] An algorithm is selected. [special-route] [barrier] [200] [0]
[e02-0000c:08741] [mpi::coll-select::show-decision-process::info] An algorithm is selected. [system-files] [bcast] [100]
[e02-0000c:08741] [mpi::coll-select::show-decision-process::info] The algorithm is judged as applicable. [system-files] [bcast] [100(segsize=4096)]
[e02-0000c:08741] [mpi::coll-select::show-decision-process::info] An algorithm is selected. [special-route] [barrier] [200] [0]
[e02-0000c:08741] [mpi::coll-select::show-decision-process::info] An algorithm is selected. [special-route] [barrier] [200] [0]
[e02-0000c:08741] [mpi::coll-select::show-decision-process::info] Any algorithm is not selected. [MCA-parameter] [allgather]
[e02-0000c:08741] [mpi::coll-select::show-decision-process::info] Any algorithm is not selected. [info-oneshot] [allgather]
[e02-0000c:08741] [mpi::coll-select::show-decision-process::info] Any algorithm is not selected. [info-rules] [allgather]
[e02-0000c:08741] [mpi::coll-select::show-decision-process::info] Any algorithm is not selected. [user-files] [allgather]
[e02-0000c:08741] [mpi::coll-select::show-decision-process::info] An algorithm is selected. [system-files] [allgather] [100]
[e02-0000c:08741] [mpi::coll-select::show-decision-process::info] An algorithm is selected. [special-route] [allreduce] [200] [0]
[e02-0000c:08741] [mpi::coll-select::show-decision-process::info] The algorithm is judged as applicable. [system-files] [allgather] [100]
[e02-0000c:08741] [mpi::coll-select::show-decision-process::info] An algorithm is selected. [system-files] [gather] [2]
[e02-0000c:08741] [mpi::coll-select::show-decision-process::info] The algorithm is judged as applicable. [system-files] [gather] [2]
[e02-0000c:08741] [mpi::coll-select::show-decision-process::info] An algorithm is selected. [special-route] [barrier] [200] [0]
[e02-0000c:08741] [mpi::coll-select::show-decision-process::info] An algorithm is selected. [system-files] [bcast] [100]
[e02-0000c:08741] [mpi::coll-select::show-decision-process::info] The algorithm is judged as applicable. [system-files] [bcast] [100(segsize=4096)]
[e02-0000c:08741] [mpi::coll-select::show-decision-process::info] An algorithm is selected. [special-route] [barrier] [200] [0]
[e02-0000c:08741] [mpi::coll-select::show-decision-process::info] An algorithm is selected. [special-route] [barrier] [200] [0]
[e02-0000c:08741] [mpi::coll-select::show-decision-process::info] Any algorithm is not selected. [MCA-parameter] [allgather]
[e02-0000c:08741] [mpi::coll-select::show-decision-process::info] Any algorithm is not selected. [info-oneshot] [allgather]
[e02-0000c:08741] [mpi::coll-select::show-decision-process::info] Any algorithm is not selected. [info-rules] [allgather]
[e02-0000c:08741] [mpi::coll-select::show-decision-process::info] Any algorithm is not selected. [user-files] [allgather]
[e02-0000c:08741] [mpi::coll-select::show-decision-process::info] An algorithm is selected. [system-files] [allgather] [100]
[e02-0000c:08741] [mpi::coll-select::show-decision-process::info] An algorithm is selected. [special-route] [allreduce] [200] [0]
[e02-0000c:08741] [mpi::coll-select::show-decision-process::info] The algorithm is judged as applicable. [system-files] [allgather] [100]
[e02-0000c:08741] [mpi::coll-select::show-decision-process::info] An algorithm is selected. [system-files] [gather] [2]
[e02-0000c:08741] [mpi::coll-select::show-decision-process::info] The algorithm is judged as applicable. [system-files] [gather] [2]
[e02-0000c:08741] [mpi::coll-select::show-decision-process::info] An algorithm is selected. [special-route] [barrier] [200] [0]
[e02-0000c:08741] [mpi::coll-select::show-decision-process::info] An algorithm is selected. [system-files] [bcast] [100]
[e02-0000c:08741] [mpi::coll-select::show-decision-process::info] The algorithm is judged as applicable. [system-files] [bcast] [100(segsize=4096)]
[e02-0000c:08741] [mpi::coll-select::show-decision-process::info] An algorithm is selected. [special-route] [barrier] [200] [0]
[e02-0000c:08741] [mpi::coll-select::show-decision-process::info] An algorithm is selected. [special-route] [barrier] [200] [0]
[e02-0000c:08741] [mpi::coll-select::show-decision-process::info] Any algorithm is not selected. [MCA-parameter] [allgather]
[e02-0000c:08741] [mpi::coll-select::show-decision-process::info] Any algorithm is not selected. [info-oneshot] [allgather]
[e02-0000c:08741] [mpi::coll-select::show-decision-process::info] Any algorithm is not selected. [info-rules] [allgather]
[e02-0000c:08741] [mpi::coll-select::show-decision-process::info] Any algorithm is not selected. [user-files] [allgather]
[e02-0000c:08741] [mpi::coll-select::show-decision-process::info] An algorithm is selected. [system-files] [allgather] [100]
[e02-0000c:08741] [mpi::coll-select::show-decision-process::info] An algorithm is selected. [special-route] [allreduce] [200] [0]
[e02-0000c:08741] [mpi::coll-select::show-decision-process::info] The algorithm is judged as applicable. [system-files] [allgather] [100]
[e02-0000c:08741] [mpi::coll-select::show-decision-process::info] An algorithm is selected. [system-files] [gather] [2]
[e02-0000c:08741] [mpi::coll-select::show-decision-process::info] The algorithm is judged as applicable. [system-files] [gather] [2]
[e02-0000c:08741] [mpi::coll-select::show-decision-process::info] An algorithm is selected. [special-route] [barrier] [200] [0]
[e02-0000c:08741] [mpi::coll-select::show-decision-process::info] An algorithm is selected. [system-files] [bcast] [100]
[e02-0000c:08741] [mpi::coll-select::show-decision-process::info] The algorithm is judged as applicable. [system-files] [bcast] [100(segsize=4096)]
[e02-0000c:08741] [mpi::coll-select::show-decision-process::info] An algorithm is selected. [special-route] [barrier] [200] [0]
[e02-0000c:08741] [mpi::coll-select::show-decision-process::info] An algorithm is selected. [special-route] [barrier] [200] [0]
[e02-0000c:08741] [mpi::coll-select::show-decision-process::info] Any algorithm is not selected. [MCA-parameter] [allgather]
[e02-0000c:08741] [mpi::coll-select::show-decision-process::info] Any algorithm is not selected. [info-oneshot] [allgather]
[e02-0000c:08741] [mpi::coll-select::show-decision-process::info] Any algorithm is not selected. [info-rules] [allgather]
[e02-0000c:08741] [mpi::coll-select::show-decision-process::info] Any algorithm is not selected. [user-files] [allgather]
[e02-0000c:08741] [mpi::coll-select::show-decision-process::info] An algorithm is selected. [system-files] [allgather] [100]
[e02-0000c:08741] [mpi::coll-select::show-decision-process::info] An algorithm is selected. [special-route] [allreduce] [200] [0]
[e02-0000c:08741] [mpi::coll-select::show-decision-process::info] The algorithm is judged as applicable. [system-files] [allgather] [100]
[e02-0000c:08741] [mpi::coll-select::show-decision-process::info] An algorithm is selected. [system-files] [gather] [2]
[e02-0000c:08741] [mpi::coll-select::show-decision-process::info] The algorithm is judged as applicable. [system-files] [gather] [2]
[e02-0000c:08741] [mpi::coll-select::show-decision-process::info] An algorithm is selected. [special-route] [barrier] [200] [0]
[e02-0000c:08741] [mpi::coll-select::show-decision-process::info] An algorithm is selected. [system-files] [bcast] [100]
[e02-0000c:08741] [mpi::coll-select::show-decision-process::info] The algorithm is judged as applicable. [system-files] [bcast] [100(segsize=4096)]
[e02-0000c:08741] [mpi::coll-select::show-decision-process::info] An algorithm is selected. [special-route] [barrier] [200] [0]
[e02-0000c:08741] [mpi::coll-select::show-decision-process::info] An algorithm is selected. [special-route] [barrier] [200] [0]
[e02-0000c:08741] [mpi::coll-select::show-decision-process::info] Any algorithm is not selected. [MCA-parameter] [allgather]
[e02-0000c:08741] [mpi::coll-select::show-decision-process::info] Any algorithm is not selected. [info-oneshot] [allgather]
[e02-0000c:08741] [mpi::coll-select::show-decision-process::info] Any algorithm is not selected. [info-rules] [allgather]
[e02-0000c:08741] [mpi::coll-select::show-decision-process::info] Any algorithm is not selected. [user-files] [allgather]
[e02-0000c:08741] [mpi::coll-select::show-decision-process::info] An algorithm is selected. [system-files] [allgather] [100]
[e02-0000c:08741] [mpi::coll-select::show-decision-process::info] An algorithm is selected. [special-route] [allreduce] [200] [0]
[e02-0000c:08741] [mpi::coll-select::show-decision-process::info] The algorithm is judged as applicable. [system-files] [allgather] [100]
[e02-0000c:08741] [mpi::coll-select::show-decision-process::info] An algorithm is selected. [system-files] [gather] [2]
[e02-0000c:08741] [mpi::coll-select::show-decision-process::info] The algorithm is judged as applicable. [system-files] [gather] [2]
[e02-0000c:08741] [mpi::coll-select::show-decision-process::info] An algorithm is selected. [special-route] [barrier] [200] [0]
[e02-0000c:08741] [mpi::coll-select::show-decision-process::info] An algorithm is selected. [system-files] [bcast] [100]
[e02-0000c:08741] [mpi::coll-select::show-decision-process::info] The algorithm is judged as applicable. [system-files] [bcast] [100(segsize=4096)]
[e02-0000c:08741] [mpi::coll-select::show-decision-process::info] An algorithm is selected. [special-route] [barrier] [200] [0]
[e02-0000c:08741] [mpi::coll-select::show-decision-process::info] An algorithm is selected. [special-route] [barrier] [200] [0]
[e02-0000c:08741] [mpi::coll-select::show-decision-process::info] Any algorithm is not selected. [MCA-parameter] [allgather]
[e02-0000c:08741] [mpi::coll-select::show-decision-process::info] Any algorithm is not selected. [info-oneshot] [allgather]
[e02-0000c:08741] [mpi::coll-select::show-decision-process::info] Any algorithm is not selected. [info-rules] [allgather]
[e02-0000c:08741] [mpi::coll-select::show-decision-process::info] Any algorithm is not selected. [user-files] [allgather]
[e02-0000c:08741] [mpi::coll-select::show-decision-process::info] An algorithm is selected. [system-files] [allgather] [100]
[e02-0000c:08741] [mpi::coll-select::show-decision-process::info] An algorithm is selected. [special-route] [allreduce] [200] [0]
[e02-0000c:08741] [mpi::coll-select::show-decision-process::info] The algorithm is judged as applicable. [system-files] [allgather] [100]
[e02-0000c:08741] [mpi::coll-select::show-decision-process::info] An algorithm is selected. [system-files] [gather] [2]
[e02-0000c:08741] [mpi::coll-select::show-decision-process::info] The algorithm is judged as applicable. [system-files] [gather] [2]
[e02-0000c:08741] [mpi::coll-select::show-decision-process::info] An algorithm is selected. [special-route] [barrier] [200] [0]
[e02-0000c:08741] [mpi::coll-select::show-decision-process::info] An algorithm is selected. [system-files] [bcast] [100]
[e02-0000c:08741] [mpi::coll-select::show-decision-process::info] The algorithm is judged as applicable. [system-files] [bcast] [100(segsize=4096)]
[e02-0000c:08741] [mpi::coll-select::show-decision-process::info] An algorithm is selected. [special-route] [barrier] [200] [0]
[e02-0000c:08741] [mpi::coll-select::show-decision-process::info] An algorithm is selected. [special-route] [barrier] [200] [0]
[e02-0000c:08741] [mpi::coll-select::show-decision-process::info] Any algorithm is not selected. [MCA-parameter] [allgather]
[e02-0000c:08741] [mpi::coll-select::show-decision-process::info] Any algorithm is not selected. [info-oneshot] [allgather]
[e02-0000c:08741] [mpi::coll-select::show-decision-process::info] Any algorithm is not selected. [info-rules] [allgather]
[e02-0000c:08741] [mpi::coll-select::show-decision-process::info] Any algorithm is not selected. [user-files] [allgather]
[e02-0000c:08741] [mpi::coll-select::show-decision-process::info] An algorithm is selected. [system-files] [allgather] [100]
[e02-0000c:08741] [mpi::coll-select::show-decision-process::info] An algorithm is selected. [special-route] [allreduce] [200] [0]
[e02-0000c:08741] [mpi::coll-select::show-decision-process::info] The algorithm is judged as applicable. [system-files] [allgather] [100]
[e02-0000c:08741] [mpi::coll-select::show-decision-process::info] An algorithm is selected. [system-files] [gather] [2]
[e02-0000c:08741] [mpi::coll-select::show-decision-process::info] The algorithm is judged as applicable. [system-files] [gather] [2]
[e02-0000c:08741] [mpi::coll-select::show-decision-process::info] An algorithm is selected. [special-route] [barrier] [200] [0]
[e02-0000c:08741] [mpi::coll-select::show-decision-process::info] An algorithm is selected. [system-files] [bcast] [100]
[e02-0000c:08741] [mpi::coll-select::show-decision-process::info] The algorithm is judged as applicable. [system-files] [bcast] [100(segsize=4096)]
[e02-0000c:08741] [mpi::coll-select::show-decision-process::info] An algorithm is selected. [special-route] [barrier] [200] [0]
[e02-0000c:08741] [mpi::coll-select::show-decision-process::info] An algorithm is selected. [special-route] [barrier] [200] [0]
[e02-0000c:08741] [mpi::coll-select::show-decision-process::info] Any algorithm is not selected. [MCA-parameter] [allgather]
[e02-0000c:08741] [mpi::coll-select::show-decision-process::info] Any algorithm is not selected. [info-oneshot] [allgather]
[e02-0000c:08741] [mpi::coll-select::show-decision-process::info] Any algorithm is not selected. [info-rules] [allgather]
[e02-0000c:08741] [mpi::coll-select::show-decision-process::info] Any algorithm is not selected. [user-files] [allgather]
[e02-0000c:08741] [mpi::coll-select::show-decision-process::info] An algorithm is selected. [system-files] [allgather] [100]
[e02-0000c:08741] [mpi::coll-select::show-decision-process::info] An algorithm is selected. [special-route] [allreduce] [200] [0]
[e02-0000c:08741] [mpi::coll-select::show-decision-process::info] The algorithm is judged as applicable. [system-files] [allgather] [100]
[e02-0000c:08741] [mpi::coll-select::show-decision-process::info] An algorithm is selected. [system-files] [gather] [2]
[e02-0000c:08741] [mpi::coll-select::show-decision-process::info] The algorithm is judged as applicable. [system-files] [gather] [2]
[e02-0000c:08741] [mpi::coll-select::show-decision-process::info] An algorithm is selected. [special-route] [barrier] [200] [0]
[e02-0000c:08741] [mpi::coll-select::show-decision-process::info] An algorithm is selected. [system-files] [bcast] [100]
[e02-0000c:08741] [mpi::coll-select::show-decision-process::info] The algorithm is judged as applicable. [system-files] [bcast] [100(segsize=4096)]
[e02-0000c:08741] [mpi::coll-select::show-decision-process::info] An algorithm is selected. [special-route] [barrier] [200] [0]
[e02-0000c:08741] [mpi::coll-select::show-decision-process::info] An algorithm is selected. [special-route] [barrier] [200] [0]
[e02-0000c:08741] [mpi::coll-select::show-decision-process::info] Any algorithm is not selected. [MCA-parameter] [allgather]
[e02-0000c:08741] [mpi::coll-select::show-decision-process::info] Any algorithm is not selected. [info-oneshot] [allgather]
[e02-0000c:08741] [mpi::coll-select::show-decision-process::info] Any algorithm is not selected. [info-rules] [allgather]
[e02-0000c:08741] [mpi::coll-select::show-decision-process::info] Any algorithm is not selected. [user-files] [allgather]
[e02-0000c:08741] [mpi::coll-select::show-decision-process::info] An algorithm is selected. [system-files] [allgather] [100]
[e02-0000c:08741] [mpi::coll-select::show-decision-process::info] An algorithm is selected. [special-route] [allreduce] [200] [0]
[e02-0000c:08741] [mpi::coll-select::show-decision-process::info] The algorithm is judged as applicable. [system-files] [allgather] [100]
[e02-0000c:08741] [mpi::coll-select::show-decision-process::info] An algorithm is selected. [system-files] [gather] [2]
[e02-0000c:08741] [mpi::coll-select::show-decision-process::info] The algorithm is judged as applicable. [system-files] [gather] [2]
[e02-0000c:08741] [mpi::coll-select::show-decision-process::info] An algorithm is selected. [special-route] [barrier] [200] [0]
[e02-0000c:08741] [mpi::coll-select::show-decision-process::info] An algorithm is selected. [system-files] [bcast] [100]
[e02-0000c:08741] [mpi::coll-select::show-decision-process::info] The algorithm is judged as applicable. [system-files] [bcast] [100(segsize=4096)]
[e02-0000c:08741] [mpi::coll-select::show-decision-process::info] An algorithm is selected. [special-route] [barrier] [200] [0]
[e02-0000c:08741] [mpi::coll-select::show-decision-process::info] An algorithm is selected. [special-route] [barrier] [200] [0]
[e02-0000c:08741] [mpi::coll-select::show-decision-process::info] Any algorithm is not selected. [MCA-parameter] [allgather]
[e02-0000c:08741] [mpi::coll-select::show-decision-process::info] Any algorithm is not selected. [info-oneshot] [allgather]
[e02-0000c:08741] [mpi::coll-select::show-decision-process::info] Any algorithm is not selected. [info-rules] [allgather]
[e02-0000c:08741] [mpi::coll-select::show-decision-process::info] Any algorithm is not selected. [user-files] [allgather]
[e02-0000c:08741] [mpi::coll-select::show-decision-process::info] An algorithm is selected. [system-files] [allgather] [100]
[e02-0000c:08741] [mpi::coll-select::show-decision-process::info] An algorithm is selected. [special-route] [allreduce] [200] [0]
[e02-0000c:08741] [mpi::coll-select::show-decision-process::info] The algorithm is judged as applicable. [system-files] [allgather] [100]
[e02-0000c:08741] [mpi::coll-select::show-decision-process::info] An algorithm is selected. [system-files] [gather] [2]
[e02-0000c:08741] [mpi::coll-select::show-decision-process::info] The algorithm is judged as applicable. [system-files] [gather] [2]
[e02-0000c:08741] [mpi::coll-select::show-decision-process::info] An algorithm is selected. [special-route] [barrier] [200] [0]
[e02-0000c:08741] [mpi::coll-select::show-decision-process::info] An algorithm is selected. [system-files] [bcast] [100]
[e02-0000c:08741] [mpi::coll-select::show-decision-process::info] The algorithm is judged as applicable. [system-files] [bcast] [100(segsize=4096)]
[e02-0000c:08741] [mpi::coll-select::show-decision-process::info] An algorithm is selected. [special-route] [barrier] [200] [0]
[e02-0000c:08741] [mpi::coll-select::show-decision-process::info] An algorithm is selected. [special-route] [reduce] [200] [0]
