[c09-3200c:04783] [mpi::coll-select::show-decision-process::info] Any algorithm is not selected. [MCA-parameter] [allreduce]
[c09-3200c:04783] [mpi::coll-select::show-decision-process::info] Any algorithm is not selected. [info-oneshot] [allreduce]
[c09-3200c:04783] [mpi::coll-select::show-decision-process::info] Any algorithm is not selected. [info-rules] [allreduce]
[c09-3200c:04783] [mpi::coll-select::show-decision-process::info] Any algorithm is not selected. [user-files] [allreduce]
[c09-3200c:04783] [mpi::coll-select::show-decision-process::info] An algorithm is selected. [system-files] [allreduce] [102]
[c09-3200c:04783] [mpi::coll-select::show-decision-process::info] An algorithm is selected. [special-route] [allreduce] [200] [0]
[c09-3200c:04783] [mpi::coll-select::show-decision-process::info] The algorithm is judged as applicable. [system-files] [allreduce] [102(segsize=65536)]
[c09-3200c:04783] [mpi::coll-select::show-decision-process::info] An algorithm is selected. [special-route] [barrier] [200] [0]
[c09-3200c:04783] [mpi::coll-select::show-decision-process::info] An algorithm is selected. [special-route] [barrier] [200] [0]
[c09-3200c:04783] [mpi::coll-select::show-decision-process::info] An algorithm is selected. [special-route] [barrier] [200] [0]
[c09-3200c:04783] [mpi::coll-select::show-decision-process::info] An algorithm is selected. [special-route] [barrier] [200] [0]
[c09-3200c:04783] [mpi::coll-select::show-decision-process::info] Any algorithm is not selected. [MCA-parameter] [allgather]
[c09-3200c:04783] [mpi::coll-select::show-decision-process::info] Any algorithm is not selected. [info-oneshot] [allgather]
[c09-3200c:04783] [mpi::coll-select::show-decision-process::info] Any algorithm is not selected. [info-rules] [allgather]
[c09-3200c:04783] [mpi::coll-select::show-decision-process::info] Any algorithm is not selected. [user-files] [allgather]
[c09-3200c:04783] [mpi::coll-select::show-decision-process::info] An algorithm is selected. [system-files] [allgather] [3]
[c09-3200c:04783] [mpi::coll-select::show-decision-process::info] The algorithm is judged as applicable. [system-files] [allgather] [3]
[c09-3200c:04783] [mpi::coll-select::show-decision-process::info] Any algorithm is not selected. [MCA-parameter] [allgather]
[c09-3200c:04783] [mpi::coll-select::show-decision-process::info] Any algorithm is not selected. [info-oneshot] [allgather]
[c09-3200c:04783] [mpi::coll-select::show-decision-process::info] Any algorithm is not selected. [info-rules] [allgather]
[c09-3200c:04783] [mpi::coll-select::show-decision-process::info] Any algorithm is not selected. [user-files] [allgather]
[c09-3200c:04783] [mpi::coll-select::show-decision-process::info] An algorithm is selected. [system-files] [allgather] [3]
[c09-3200c:04783] [mpi::coll-select::show-decision-process::info] The algorithm is judged as applicable. [system-files] [allgather] [3]
[c09-3200c:04783] [mpi::coll-select::show-decision-process::info] Any algorithm is not selected. [MCA-parameter] [allreduce]
[c09-3200c:04783] [mpi::coll-select::show-decision-process::info] Any algorithm is not selected. [info-oneshot] [allreduce]
[c09-3200c:04783] [mpi::coll-select::show-decision-process::info] Any algorithm is not selected. [info-rules] [allreduce]
[c09-3200c:04783] [mpi::coll-select::show-decision-process::info] Any algorithm is not selected. [user-files] [allreduce]
[c09-3200c:04783] [mpi::coll-select::show-decision-process::info] An algorithm is selected. [system-files] [allreduce] [102]
[c09-3200c:04783] [mpi::coll-select::show-decision-process::info] An algorithm is selected. [special-route] [allreduce] [200] [0]
[c09-3200c:04783] [mpi::coll-select::show-decision-process::info] The algorithm is judged as applicable. [system-files] [allreduce] [102(segsize=65536)]
[c09-3200c:04783] [mpi::coll-select::show-decision-process::info] An algorithm is selected. [special-route] [barrier] [200] [0]
[c09-3200c:04783] [mpi::coll-select::show-decision-process::info] An algorithm is selected. [special-route] [barrier] [200] [0]
[c09-3200c:04783] [mpi::coll-select::show-decision-process::info] An algorithm is selected. [special-route] [barrier] [200] [0]
[c09-3200c:04783] [mpi::coll-select::show-decision-process::info] An algorithm is selected. [special-route] [barrier] [200] [0]
[c09-3200c:04783] [mpi::coll-select::show-decision-process::info] Any algorithm is not selected. [MCA-parameter] [allreduce]
[c09-3200c:04783] [mpi::coll-select::show-decision-process::info] Any algorithm is not selected. [info-oneshot] [allreduce]
[c09-3200c:04783] [mpi::coll-select::show-decision-process::info] Any algorithm is not selected. [info-rules] [allreduce]
[c09-3200c:04783] [mpi::coll-select::show-decision-process::info] Any algorithm is not selected. [user-files] [allreduce]
[c09-3200c:04783] [mpi::coll-select::show-decision-process::info] An algorithm is selected. [system-files] [allreduce] [102]
[c09-3200c:04783] [mpi::coll-select::show-decision-process::info] An algorithm is selected. [special-route] [allreduce] [200] [0]
[c09-3200c:04783] [mpi::coll-select::show-decision-process::info] The algorithm is judged as applicable. [system-files] [allreduce] [102(segsize=65536)]
[c09-3200c:04783] [mpi::coll-select::show-decision-process::info] An algorithm is selected. [special-route] [barrier] [200] [0]
[c09-3200c:04783] [mpi::coll-select::show-decision-process::info] An algorithm is selected. [special-route] [barrier] [200] [0]
[c09-3200c:04783] [mpi::coll-select::show-decision-process::info] An algorithm is selected. [special-route] [barrier] [200] [0]
[c09-3200c:04783] [mpi::coll-select::show-decision-process::info] An algorithm is selected. [special-route] [barrier] [200] [0]
[c09-3200c:04783] [mpi::coll-select::show-decision-process::info] Any algorithm is not selected. [MCA-parameter] [allreduce]
[c09-3200c:04783] [mpi::coll-select::show-decision-process::info] Any algorithm is not selected. [info-oneshot] [allreduce]
[c09-3200c:04783] [mpi::coll-select::show-decision-process::info] Any algorithm is not selected. [info-rules] [allreduce]
[c09-3200c:04783] [mpi::coll-select::show-decision-process::info] Any algorithm is not selected. [user-files] [allreduce]
[c09-3200c:04783] [mpi::coll-select::show-decision-process::info] An algorithm is selected. [system-files] [allreduce] [102]
[c09-3200c:04783] [mpi::coll-select::show-decision-process::info] An algorithm is selected. [special-route] [allreduce] [200] [0]
[c09-3200c:04783] [mpi::coll-select::show-decision-process::info] The algorithm is judged as applicable. [system-files] [allreduce] [102(segsize=65536)]
[c09-3200c:04783] [mpi::coll-select::show-decision-process::info] An algorithm is selected. [special-route] [barrier] [200] [0]
[c09-3200c:04783] [mpi::coll-select::show-decision-process::info] An algorithm is selected. [special-route] [barrier] [200] [0]
[c09-3200c:04783] [mpi::coll-select::show-decision-process::info] An algorithm is selected. [special-route] [barrier] [200] [0]
[c09-3200c:04783] [mpi::coll-select::show-decision-process::info] An algorithm is selected. [special-route] [barrier] [200] [0]
[c09-3200c:04783] [mpi::coll-select::show-decision-process::info] Any algorithm is not selected. [MCA-parameter] [allreduce]
[c09-3200c:04783] [mpi::coll-select::show-decision-process::info] Any algorithm is not selected. [info-oneshot] [allreduce]
[c09-3200c:04783] [mpi::coll-select::show-decision-process::info] Any algorithm is not selected. [info-rules] [allreduce]
[c09-3200c:04783] [mpi::coll-select::show-decision-process::info] Any algorithm is not selected. [user-files] [allreduce]
[c09-3200c:04783] [mpi::coll-select::show-decision-process::info] An algorithm is selected. [system-files] [allreduce] [102]
[c09-3200c:04783] [mpi::coll-select::show-decision-process::info] An algorithm is selected. [special-route] [allreduce] [200] [0]
[c09-3200c:04783] [mpi::coll-select::show-decision-process::info] The algorithm is judged as applicable. [system-files] [allreduce] [102(segsize=65536)]
[c09-3200c:04783] [mpi::coll-select::show-decision-process::info] An algorithm is selected. [special-route] [barrier] [200] [0]
[c09-3200c:04783] [mpi::coll-select::show-decision-process::info] An algorithm is selected. [special-route] [barrier] [200] [0]
[c09-3200c:04783] [mpi::coll-select::show-decision-process::info] An algorithm is selected. [special-route] [barrier] [200] [0]
[c09-3200c:04783] [mpi::coll-select::show-decision-process::info] An algorithm is selected. [special-route] [barrier] [200] [0]
[c09-3200c:04783] [mpi::coll-select::show-decision-process::info] Any algorithm is not selected. [MCA-parameter] [allreduce]
[c09-3200c:04783] [mpi::coll-select::show-decision-process::info] Any algorithm is not selected. [info-oneshot] [allreduce]
[c09-3200c:04783] [mpi::coll-select::show-decision-process::info] Any algorithm is not selected. [info-rules] [allreduce]
[c09-3200c:04783] [mpi::coll-select::show-decision-process::info] Any algorithm is not selected. [user-files] [allreduce]
[c09-3200c:04783] [mpi::coll-select::show-decision-process::info] An algorithm is selected. [system-files] [allreduce] [102]
[c09-3200c:04783] [mpi::coll-select::show-decision-process::info] An algorithm is selected. [special-route] [allreduce] [200] [0]
[c09-3200c:04783] [mpi::coll-select::show-decision-process::info] The algorithm is judged as applicable. [system-files] [allreduce] [102(segsize=65536)]
[c09-3200c:04783] [mpi::coll-select::show-decision-process::info] An algorithm is selected. [special-route] [barrier] [200] [0]
[c09-3200c:04783] [mpi::coll-select::show-decision-process::info] An algorithm is selected. [special-route] [barrier] [200] [0]
[c09-3200c:04783] [mpi::coll-select::show-decision-process::info] An algorithm is selected. [special-route] [barrier] [200] [0]
[c09-3200c:04783] [mpi::coll-select::show-decision-process::info] An algorithm is selected. [special-route] [barrier] [200] [0]
[c09-3200c:04783] [mpi::coll-select::show-decision-process::info] Any algorithm is not selected. [MCA-parameter] [allreduce]
[c09-3200c:04783] [mpi::coll-select::show-decision-process::info] Any algorithm is not selected. [info-oneshot] [allreduce]
[c09-3200c:04783] [mpi::coll-select::show-decision-process::info] Any algorithm is not selected. [info-rules] [allreduce]
[c09-3200c:04783] [mpi::coll-select::show-decision-process::info] Any algorithm is not selected. [user-files] [allreduce]
[c09-3200c:04783] [mpi::coll-select::show-decision-process::info] An algorithm is selected. [system-files] [allreduce] [102]
[c09-3200c:04783] [mpi::coll-select::show-decision-process::info] An algorithm is selected. [special-route] [allreduce] [200] [0]
[c09-3200c:04783] [mpi::coll-select::show-decision-process::info] The algorithm is judged as applicable. [system-files] [allreduce] [102(segsize=65536)]
[c09-3200c:04783] [mpi::coll-select::show-decision-process::info] An algorithm is selected. [special-route] [barrier] [200] [0]
[c09-3200c:04783] [mpi::coll-select::show-decision-process::info] An algorithm is selected. [special-route] [barrier] [200] [0]
[c09-3200c:04783] [mpi::coll-select::show-decision-process::info] An algorithm is selected. [special-route] [barrier] [200] [0]
[c09-3200c:04783] [mpi::coll-select::show-decision-process::info] An algorithm is selected. [special-route] [barrier] [200] [0]
[c09-3200c:04783] [mpi::coll-select::show-decision-process::info] Any algorithm is not selected. [MCA-parameter] [allreduce]
[c09-3200c:04783] [mpi::coll-select::show-decision-process::info] Any algorithm is not selected. [info-oneshot] [allreduce]
[c09-3200c:04783] [mpi::coll-select::show-decision-process::info] Any algorithm is not selected. [info-rules] [allreduce]
[c09-3200c:04783] [mpi::coll-select::show-decision-process::info] Any algorithm is not selected. [user-files] [allreduce]
[c09-3200c:04783] [mpi::coll-select::show-decision-process::info] An algorithm is selected. [system-files] [allreduce] [102]
[c09-3200c:04783] [mpi::coll-select::show-decision-process::info] An algorithm is selected. [special-route] [allreduce] [200] [0]
[c09-3200c:04783] [mpi::coll-select::show-decision-process::info] The algorithm is judged as applicable. [system-files] [allreduce] [102(segsize=65536)]
[c09-3200c:04783] [mpi::coll-select::show-decision-process::info] An algorithm is selected. [special-route] [barrier] [200] [0]
[c09-3200c:04783] [mpi::coll-select::show-decision-process::info] An algorithm is selected. [special-route] [barrier] [200] [0]
[c09-3200c:04783] [mpi::coll-select::show-decision-process::info] An algorithm is selected. [special-route] [barrier] [200] [0]
[c09-3200c:04783] [mpi::coll-select::show-decision-process::info] An algorithm is selected. [special-route] [barrier] [200] [0]
[c09-3200c:04783] [mpi::coll-select::show-decision-process::info] Any algorithm is not selected. [MCA-parameter] [allreduce]
[c09-3200c:04783] [mpi::coll-select::show-decision-process::info] Any algorithm is not selected. [info-oneshot] [allreduce]
[c09-3200c:04783] [mpi::coll-select::show-decision-process::info] Any algorithm is not selected. [info-rules] [allreduce]
[c09-3200c:04783] [mpi::coll-select::show-decision-process::info] Any algorithm is not selected. [user-files] [allreduce]
[c09-3200c:04783] [mpi::coll-select::show-decision-process::info] An algorithm is selected. [system-files] [allreduce] [102]
[c09-3200c:04783] [mpi::coll-select::show-decision-process::info] An algorithm is selected. [special-route] [allreduce] [200] [0]
[c09-3200c:04783] [mpi::coll-select::show-decision-process::info] The algorithm is judged as applicable. [system-files] [allreduce] [102(segsize=65536)]
[c09-3200c:04783] [mpi::coll-select::show-decision-process::info] An algorithm is selected. [special-route] [barrier] [200] [0]
[c09-3200c:04783] [mpi::coll-select::show-decision-process::info] An algorithm is selected. [special-route] [barrier] [200] [0]
[c09-3200c:04783] [mpi::coll-select::show-decision-process::info] An algorithm is selected. [special-route] [barrier] [200] [0]
[c09-3200c:04783] [mpi::coll-select::show-decision-process::info] An algorithm is selected. [special-route] [barrier] [200] [0]
[c09-3200c:04783] [mpi::coll-select::show-decision-process::info] Any algorithm is not selected. [MCA-parameter] [allreduce]
[c09-3200c:04783] [mpi::coll-select::show-decision-process::info] Any algorithm is not selected. [info-oneshot] [allreduce]
[c09-3200c:04783] [mpi::coll-select::show-decision-process::info] Any algorithm is not selected. [info-rules] [allreduce]
[c09-3200c:04783] [mpi::coll-select::show-decision-process::info] Any algorithm is not selected. [user-files] [allreduce]
[c09-3200c:04783] [mpi::coll-select::show-decision-process::info] An algorithm is selected. [system-files] [allreduce] [102]
[c09-3200c:04783] [mpi::coll-select::show-decision-process::info] An algorithm is selected. [special-route] [allreduce] [200] [0]
[c09-3200c:04783] [mpi::coll-select::show-decision-process::info] The algorithm is judged as applicable. [system-files] [allreduce] [102(segsize=65536)]
[c09-3200c:04783] [mpi::coll-select::show-decision-process::info] An algorithm is selected. [special-route] [barrier] [200] [0]
[c09-3200c:04783] [mpi::coll-select::show-decision-process::info] An algorithm is selected. [special-route] [barrier] [200] [0]
[c09-3200c:04783] [mpi::coll-select::show-decision-process::info] An algorithm is selected. [special-route] [barrier] [200] [0]
[c09-3200c:04783] [mpi::coll-select::show-decision-process::info] An algorithm is selected. [special-route] [barrier] [200] [0]
[c09-3200c:04783] [mpi::coll-select::show-decision-process::info] Any algorithm is not selected. [MCA-parameter] [allreduce]
[c09-3200c:04783] [mpi::coll-select::show-decision-process::info] Any algorithm is not selected. [info-oneshot] [allreduce]
[c09-3200c:04783] [mpi::coll-select::show-decision-process::info] Any algorithm is not selected. [info-rules] [allreduce]
[c09-3200c:04783] [mpi::coll-select::show-decision-process::info] Any algorithm is not selected. [user-files] [allreduce]
[c09-3200c:04783] [mpi::coll-select::show-decision-process::info] An algorithm is selected. [system-files] [allreduce] [102]
[c09-3200c:04783] [mpi::coll-select::show-decision-process::info] An algorithm is selected. [special-route] [allreduce] [200] [0]
[c09-3200c:04783] [mpi::coll-select::show-decision-process::info] The algorithm is judged as applicable. [system-files] [allreduce] [102(segsize=65536)]
[c09-3200c:04783] [mpi::coll-select::show-decision-process::info] An algorithm is selected. [special-route] [barrier] [200] [0]
[c09-3200c:04783] [mpi::coll-select::show-decision-process::info] An algorithm is selected. [special-route] [barrier] [200] [0]
[c09-3200c:04783] [mpi::coll-select::show-decision-process::info] An algorithm is selected. [special-route] [barrier] [200] [0]
[c09-3200c:04783] [mpi::coll-select::show-decision-process::info] An algorithm is selected. [special-route] [barrier] [200] [0]
[c09-3200c:04783] [mpi::coll-select::show-decision-process::info] Any algorithm is not selected. [MCA-parameter] [allreduce]
[c09-3200c:04783] [mpi::coll-select::show-decision-process::info] Any algorithm is not selected. [info-oneshot] [allreduce]
[c09-3200c:04783] [mpi::coll-select::show-decision-process::info] Any algorithm is not selected. [info-rules] [allreduce]
[c09-3200c:04783] [mpi::coll-select::show-decision-process::info] Any algorithm is not selected. [user-files] [allreduce]
[c09-3200c:04783] [mpi::coll-select::show-decision-process::info] An algorithm is selected. [system-files] [allreduce] [102]
[c09-3200c:04783] [mpi::coll-select::show-decision-process::info] An algorithm is selected. [special-route] [allreduce] [200] [0]
[c09-3200c:04783] [mpi::coll-select::show-decision-process::info] The algorithm is judged as applicable. [system-files] [allreduce] [102(segsize=65536)]
[c09-3200c:04783] [mpi::coll-select::show-decision-process::info] An algorithm is selected. [special-route] [barrier] [200] [0]
[c09-3200c:04783] [mpi::coll-select::show-decision-process::info] An algorithm is selected. [special-route] [barrier] [200] [0]
[c09-3200c:04783] [mpi::coll-select::show-decision-process::info] An algorithm is selected. [special-route] [barrier] [200] [0]
[c09-3200c:04783] [mpi::coll-select::show-decision-process::info] An algorithm is selected. [special-route] [barrier] [200] [0]
[c09-3200c:04783] [mpi::coll-select::show-decision-process::info] Any algorithm is not selected. [MCA-parameter] [allreduce]
[c09-3200c:04783] [mpi::coll-select::show-decision-process::info] Any algorithm is not selected. [info-oneshot] [allreduce]
[c09-3200c:04783] [mpi::coll-select::show-decision-process::info] Any algorithm is not selected. [info-rules] [allreduce]
[c09-3200c:04783] [mpi::coll-select::show-decision-process::info] Any algorithm is not selected. [user-files] [allreduce]
[c09-3200c:04783] [mpi::coll-select::show-decision-process::info] An algorithm is selected. [system-files] [allreduce] [102]
[c09-3200c:04783] [mpi::coll-select::show-decision-process::info] An algorithm is selected. [special-route] [allreduce] [200] [0]
[c09-3200c:04783] [mpi::coll-select::show-decision-process::info] The algorithm is judged as applicable. [system-files] [allreduce] [102(segsize=65536)]
[c09-3200c:04783] [mpi::coll-select::show-decision-process::info] An algorithm is selected. [special-route] [barrier] [200] [0]
[c09-3200c:04783] [mpi::coll-select::show-decision-process::info] An algorithm is selected. [special-route] [barrier] [200] [0]
[c09-3200c:04783] [mpi::coll-select::show-decision-process::info] An algorithm is selected. [special-route] [barrier] [200] [0]
[c09-3200c:04783] [mpi::coll-select::show-decision-process::info] An algorithm is selected. [special-route] [barrier] [200] [0]
[c09-3200c:04783] [mpi::coll-select::show-decision-process::info] Any algorithm is not selected. [MCA-parameter] [allreduce]
[c09-3200c:04783] [mpi::coll-select::show-decision-process::info] Any algorithm is not selected. [info-oneshot] [allreduce]
[c09-3200c:04783] [mpi::coll-select::show-decision-process::info] Any algorithm is not selected. [info-rules] [allreduce]
[c09-3200c:04783] [mpi::coll-select::show-decision-process::info] Any algorithm is not selected. [user-files] [allreduce]
[c09-3200c:04783] [mpi::coll-select::show-decision-process::info] An algorithm is selected. [system-files] [allreduce] [102]
[c09-3200c:04783] [mpi::coll-select::show-decision-process::info] An algorithm is selected. [special-route] [allreduce] [200] [0]
[c09-3200c:04783] [mpi::coll-select::show-decision-process::info] The algorithm is judged as applicable. [system-files] [allreduce] [102(segsize=65536)]
[c09-3200c:04783] [mpi::coll-select::show-decision-process::info] An algorithm is selected. [special-route] [barrier] [200] [0]
[c09-3200c:04783] [mpi::coll-select::show-decision-process::info] An algorithm is selected. [special-route] [barrier] [200] [0]
[c09-3200c:04783] [mpi::coll-select::show-decision-process::info] An algorithm is selected. [special-route] [barrier] [200] [0]
[c09-3200c:04783] [mpi::coll-select::show-decision-process::info] An algorithm is selected. [special-route] [barrier] [200] [0]
[c09-3200c:04783] [mpi::coll-select::show-decision-process::info] Any algorithm is not selected. [MCA-parameter] [allreduce]
[c09-3200c:04783] [mpi::coll-select::show-decision-process::info] Any algorithm is not selected. [info-oneshot] [allreduce]
[c09-3200c:04783] [mpi::coll-select::show-decision-process::info] Any algorithm is not selected. [info-rules] [allreduce]
[c09-3200c:04783] [mpi::coll-select::show-decision-process::info] Any algorithm is not selected. [user-files] [allreduce]
[c09-3200c:04783] [mpi::coll-select::show-decision-process::info] An algorithm is selected. [system-files] [allreduce] [102]
[c09-3200c:04783] [mpi::coll-select::show-decision-process::info] An algorithm is selected. [special-route] [allreduce] [200] [0]
[c09-3200c:04783] [mpi::coll-select::show-decision-process::info] The algorithm is judged as applicable. [system-files] [allreduce] [102(segsize=65536)]
[c09-3200c:04783] [mpi::coll-select::show-decision-process::info] An algorithm is selected. [special-route] [barrier] [200] [0]
[c09-3200c:04783] [mpi::coll-select::show-decision-process::info] An algorithm is selected. [special-route] [barrier] [200] [0]
[c09-3200c:04783] [mpi::coll-select::show-decision-process::info] An algorithm is selected. [special-route] [barrier] [200] [0]
[c09-3200c:04783] [mpi::coll-select::show-decision-process::info] An algorithm is selected. [special-route] [barrier] [200] [0]
[c09-3200c:04783] [mpi::coll-select::show-decision-process::info] Any algorithm is not selected. [MCA-parameter] [allreduce]
[c09-3200c:04783] [mpi::coll-select::show-decision-process::info] Any algorithm is not selected. [info-oneshot] [allreduce]
[c09-3200c:04783] [mpi::coll-select::show-decision-process::info] Any algorithm is not selected. [info-rules] [allreduce]
[c09-3200c:04783] [mpi::coll-select::show-decision-process::info] Any algorithm is not selected. [user-files] [allreduce]
[c09-3200c:04783] [mpi::coll-select::show-decision-process::info] An algorithm is selected. [system-files] [allreduce] [102]
[c09-3200c:04783] [mpi::coll-select::show-decision-process::info] An algorithm is selected. [special-route] [allreduce] [200] [0]
[c09-3200c:04783] [mpi::coll-select::show-decision-process::info] The algorithm is judged as applicable. [system-files] [allreduce] [102(segsize=65536)]
[c09-3200c:04783] [mpi::coll-select::show-decision-process::info] An algorithm is selected. [special-route] [barrier] [200] [0]
[c09-3200c:04783] [mpi::coll-select::show-decision-process::info] An algorithm is selected. [special-route] [barrier] [200] [0]
[c09-3200c:04783] [mpi::coll-select::show-decision-process::info] An algorithm is selected. [special-route] [barrier] [200] [0]
[c09-3200c:04783] [mpi::coll-select::show-decision-process::info] An algorithm is selected. [special-route] [barrier] [200] [0]
[c09-3200c:04783] [mpi::coll-select::show-decision-process::info] Any algorithm is not selected. [MCA-parameter] [allreduce]
[c09-3200c:04783] [mpi::coll-select::show-decision-process::info] Any algorithm is not selected. [info-oneshot] [allreduce]
[c09-3200c:04783] [mpi::coll-select::show-decision-process::info] Any algorithm is not selected. [info-rules] [allreduce]
[c09-3200c:04783] [mpi::coll-select::show-decision-process::info] Any algorithm is not selected. [user-files] [allreduce]
[c09-3200c:04783] [mpi::coll-select::show-decision-process::info] An algorithm is selected. [system-files] [allreduce] [102]
[c09-3200c:04783] [mpi::coll-select::show-decision-process::info] An algorithm is selected. [special-route] [allreduce] [200] [0]
[c09-3200c:04783] [mpi::coll-select::show-decision-process::info] The algorithm is judged as applicable. [system-files] [allreduce] [102(segsize=65536)]
[c09-3200c:04783] [mpi::coll-select::show-decision-process::info] An algorithm is selected. [special-route] [barrier] [200] [0]
[c09-3200c:04783] [mpi::coll-select::show-decision-process::info] An algorithm is selected. [special-route] [barrier] [200] [0]
[c09-3200c:04783] [mpi::coll-select::show-decision-process::info] An algorithm is selected. [special-route] [barrier] [200] [0]
[c09-3200c:04783] [mpi::coll-select::show-decision-process::info] An algorithm is selected. [special-route] [barrier] [200] [0]
[c09-3200c:04783] [mpi::coll-select::show-decision-process::info] Any algorithm is not selected. [MCA-parameter] [allreduce]
[c09-3200c:04783] [mpi::coll-select::show-decision-process::info] Any algorithm is not selected. [info-oneshot] [allreduce]
[c09-3200c:04783] [mpi::coll-select::show-decision-process::info] Any algorithm is not selected. [info-rules] [allreduce]
[c09-3200c:04783] [mpi::coll-select::show-decision-process::info] Any algorithm is not selected. [user-files] [allreduce]
[c09-3200c:04783] [mpi::coll-select::show-decision-process::info] An algorithm is selected. [system-files] [allreduce] [102]
[c09-3200c:04783] [mpi::coll-select::show-decision-process::info] An algorithm is selected. [special-route] [allreduce] [200] [0]
[c09-3200c:04783] [mpi::coll-select::show-decision-process::info] The algorithm is judged as applicable. [system-files] [allreduce] [102(segsize=65536)]
[c09-3200c:04783] [mpi::coll-select::show-decision-process::info] An algorithm is selected. [special-route] [barrier] [200] [0]
[c09-3200c:04783] [mpi::coll-select::show-decision-process::info] An algorithm is selected. [special-route] [barrier] [200] [0]
[c09-3200c:04783] [mpi::coll-select::show-decision-process::info] An algorithm is selected. [special-route] [barrier] [200] [0]
[c09-3200c:04783] [mpi::coll-select::show-decision-process::info] An algorithm is selected. [special-route] [barrier] [200] [0]
[c09-3200c:04783] [mpi::coll-select::show-decision-process::info] Any algorithm is not selected. [MCA-parameter] [allreduce]
[c09-3200c:04783] [mpi::coll-select::show-decision-process::info] Any algorithm is not selected. [info-oneshot] [allreduce]
[c09-3200c:04783] [mpi::coll-select::show-decision-process::info] Any algorithm is not selected. [info-rules] [allreduce]
[c09-3200c:04783] [mpi::coll-select::show-decision-process::info] Any algorithm is not selected. [user-files] [allreduce]
[c09-3200c:04783] [mpi::coll-select::show-decision-process::info] An algorithm is selected. [system-files] [allreduce] [102]
[c09-3200c:04783] [mpi::coll-select::show-decision-process::info] An algorithm is selected. [special-route] [allreduce] [200] [0]
[c09-3200c:04783] [mpi::coll-select::show-decision-process::info] The algorithm is judged as applicable. [system-files] [allreduce] [102(segsize=65536)]
[c09-3200c:04783] [mpi::coll-select::show-decision-process::info] An algorithm is selected. [special-route] [barrier] [200] [0]
[c09-3200c:04783] [mpi::coll-select::show-decision-process::info] An algorithm is selected. [special-route] [barrier] [200] [0]
[c09-3200c:04783] [mpi::coll-select::show-decision-process::info] An algorithm is selected. [special-route] [barrier] [200] [0]
[c09-3200c:04783] [mpi::coll-select::show-decision-process::info] An algorithm is selected. [special-route] [barrier] [200] [0]
[c09-3200c:04783] [mpi::coll-select::show-decision-process::info] Any algorithm is not selected. [MCA-parameter] [allreduce]
[c09-3200c:04783] [mpi::coll-select::show-decision-process::info] Any algorithm is not selected. [info-oneshot] [allreduce]
[c09-3200c:04783] [mpi::coll-select::show-decision-process::info] Any algorithm is not selected. [info-rules] [allreduce]
[c09-3200c:04783] [mpi::coll-select::show-decision-process::info] Any algorithm is not selected. [user-files] [allreduce]
[c09-3200c:04783] [mpi::coll-select::show-decision-process::info] An algorithm is selected. [system-files] [allreduce] [102]
[c09-3200c:04783] [mpi::coll-select::show-decision-process::info] An algorithm is selected. [special-route] [allreduce] [200] [0]
[c09-3200c:04783] [mpi::coll-select::show-decision-process::info] The algorithm is judged as applicable. [system-files] [allreduce] [102(segsize=65536)]
[c09-3200c:04783] [mpi::coll-select::show-decision-process::info] An algorithm is selected. [special-route] [barrier] [200] [0]
[c09-3200c:04783] [mpi::coll-select::show-decision-process::info] An algorithm is selected. [special-route] [barrier] [200] [0]
[c09-3200c:04783] [mpi::coll-select::show-decision-process::info] An algorithm is selected. [special-route] [barrier] [200] [0]
[c09-3200c:04783] [mpi::coll-select::show-decision-process::info] An algorithm is selected. [special-route] [barrier] [200] [0]
[c09-3200c:04783] [mpi::coll-select::show-decision-process::info] Any algorithm is not selected. [MCA-parameter] [allreduce]
[c09-3200c:04783] [mpi::coll-select::show-decision-process::info] Any algorithm is not selected. [info-oneshot] [allreduce]
[c09-3200c:04783] [mpi::coll-select::show-decision-process::info] Any algorithm is not selected. [info-rules] [allreduce]
[c09-3200c:04783] [mpi::coll-select::show-decision-process::info] Any algorithm is not selected. [user-files] [allreduce]
[c09-3200c:04783] [mpi::coll-select::show-decision-process::info] An algorithm is selected. [system-files] [allreduce] [102]
[c09-3200c:04783] [mpi::coll-select::show-decision-process::info] An algorithm is selected. [special-route] [allreduce] [200] [0]
[c09-3200c:04783] [mpi::coll-select::show-decision-process::info] The algorithm is judged as applicable. [system-files] [allreduce] [102(segsize=65536)]
[c09-3200c:04783] [mpi::coll-select::show-decision-process::info] An algorithm is selected. [special-route] [barrier] [200] [0]
[c09-3200c:04783] [mpi::coll-select::show-decision-process::info] An algorithm is selected. [special-route] [barrier] [200] [0]
[c09-3200c:04783] [mpi::coll-select::show-decision-process::info] Any algorithm is not selected. [MCA-parameter] [reduce]
[c09-3200c:04783] [mpi::coll-select::show-decision-process::info] Any algorithm is not selected. [info-oneshot] [reduce]
[c09-3200c:04783] [mpi::coll-select::show-decision-process::info] Any algorithm is not selected. [info-rules] [reduce]
[c09-3200c:04783] [mpi::coll-select::show-decision-process::info] Any algorithm is not selected. [user-files] [reduce]
[c09-3200c:04783] [mpi::coll-select::show-decision-process::info] An algorithm is selected. [system-files] [reduce] [5]
[c09-3200c:04783] [mpi::coll-select::show-decision-process::info] The algorithm is judged as applicable. [system-files] [reduce] [5(segsize=0)]
