[a03-1000c:00100] [mpi::coll-select::show-decision-process::info] Any algorithm is not selected. [MCA-parameter] [reduce]
[a03-1000c:00100] [mpi::coll-select::show-decision-process::info] Any algorithm is not selected. [info-oneshot] [reduce]
[a03-1000c:00100] [mpi::coll-select::show-decision-process::info] Any algorithm is not selected. [info-rules] [reduce]
[a03-1000c:00100] [mpi::coll-select::show-decision-process::info] Any algorithm is not selected. [user-files] [reduce]
[a03-1000c:00100] [mpi::coll-select::show-decision-process::info] An algorithm is selected. [system-files] [reduce] [6]
[a03-1000c:00100] [mpi::coll-select::show-decision-process::info] The algorithm is judged as applicable. [system-files] [reduce] [6(segsize=65536)]
[a03-1000c:00100] [mpi::coll-select::show-decision-process::info] An algorithm is selected. [special-route] [barrier] [200] [0]
[a03-1000c:00100] [mpi::coll-select::show-decision-process::info] An algorithm is selected. [special-route] [barrier] [200] [0]
[a03-1000c:00100] [mpi::coll-select::show-decision-process::info] Any algorithm is not selected. [MCA-parameter] [allgather]
[a03-1000c:00100] [mpi::coll-select::show-decision-process::info] Any algorithm is not selected. [info-oneshot] [allgather]
[a03-1000c:00100] [mpi::coll-select::show-decision-process::info] Any algorithm is not selected. [info-rules] [allgather]
[a03-1000c:00100] [mpi::coll-select::show-decision-process::info] Any algorithm is not selected. [user-files] [allgather]
[a03-1000c:00100] [mpi::coll-select::show-decision-process::info] An algorithm is selected. [system-files] [allgather] [3]
[a03-1000c:00100] [mpi::coll-select::show-decision-process::info] The algorithm is judged as applicable. [system-files] [allgather] [3]
[a03-1000c:00100] [mpi::coll-select::show-decision-process::info] Any algorithm is not selected. [MCA-parameter] [reduce]
[a03-1000c:00100] [mpi::coll-select::show-decision-process::info] Any algorithm is not selected. [info-oneshot] [reduce]
[a03-1000c:00100] [mpi::coll-select::show-decision-process::info] Any algorithm is not selected. [info-rules] [reduce]
[a03-1000c:00100] [mpi::coll-select::show-decision-process::info] Any algorithm is not selected. [user-files] [reduce]
[a03-1000c:00100] [mpi::coll-select::show-decision-process::info] An algorithm is selected. [system-files] [reduce] [6]
[a03-1000c:00100] [mpi::coll-select::show-decision-process::info] The algorithm is judged as applicable. [system-files] [reduce] [6(segsize=65536)]
[a03-1000c:00100] [mpi::coll-select::show-decision-process::info] An algorithm is selected. [special-route] [barrier] [200] [0]
[a03-1000c:00100] [mpi::coll-select::show-decision-process::info] An algorithm is selected. [special-route] [barrier] [200] [0]
[a03-1000c:00100] [mpi::coll-select::show-decision-process::info] Any algorithm is not selected. [MCA-parameter] [reduce]
[a03-1000c:00100] [mpi::coll-select::show-decision-process::info] Any algorithm is not selected. [info-oneshot] [reduce]
[a03-1000c:00100] [mpi::coll-select::show-decision-process::info] Any algorithm is not selected. [info-rules] [reduce]
[a03-1000c:00100] [mpi::coll-select::show-decision-process::info] Any algorithm is not selected. [user-files] [reduce]
[a03-1000c:00100] [mpi::coll-select::show-decision-process::info] An algorithm is selected. [system-files] [reduce] [6]
[a03-1000c:00100] [mpi::coll-select::show-decision-process::info] The algorithm is judged as applicable. [system-files] [reduce] [6(segsize=65536)]
[a03-1000c:00100] [mpi::coll-select::show-decision-process::info] An algorithm is selected. [special-route] [barrier] [200] [0]
[a03-1000c:00100] [mpi::coll-select::show-decision-process::info] An algorithm is selected. [special-route] [barrier] [200] [0]
[a03-1000c:00100] [mpi::coll-select::show-decision-process::info] Any algorithm is not selected. [MCA-parameter] [reduce]
[a03-1000c:00100] [mpi::coll-select::show-decision-process::info] Any algorithm is not selected. [info-oneshot] [reduce]
[a03-1000c:00100] [mpi::coll-select::show-decision-process::info] Any algorithm is not selected. [info-rules] [reduce]
[a03-1000c:00100] [mpi::coll-select::show-decision-process::info] Any algorithm is not selected. [user-files] [reduce]
[a03-1000c:00100] [mpi::coll-select::show-decision-process::info] An algorithm is selected. [system-files] [reduce] [6]
[a03-1000c:00100] [mpi::coll-select::show-decision-process::info] The algorithm is judged as applicable. [system-files] [reduce] [6(segsize=65536)]
[a03-1000c:00100] [mpi::coll-select::show-decision-process::info] An algorithm is selected. [special-route] [barrier] [200] [0]
[a03-1000c:00100] [mpi::coll-select::show-decision-process::info] An algorithm is selected. [special-route] [barrier] [200] [0]
[a03-1000c:00100] [mpi::coll-select::show-decision-process::info] Any algorithm is not selected. [MCA-parameter] [reduce]
[a03-1000c:00100] [mpi::coll-select::show-decision-process::info] Any algorithm is not selected. [info-oneshot] [reduce]
[a03-1000c:00100] [mpi::coll-select::show-decision-process::info] Any algorithm is not selected. [info-rules] [reduce]
[a03-1000c:00100] [mpi::coll-select::show-decision-process::info] Any algorithm is not selected. [user-files] [reduce]
[a03-1000c:00100] [mpi::coll-select::show-decision-process::info] An algorithm is selected. [system-files] [reduce] [6]
[a03-1000c:00100] [mpi::coll-select::show-decision-process::info] The algorithm is judged as applicable. [system-files] [reduce] [6(segsize=65536)]
[a03-1000c:00100] [mpi::coll-select::show-decision-process::info] An algorithm is selected. [special-route] [barrier] [200] [0]
[a03-1000c:00100] [mpi::coll-select::show-decision-process::info] An algorithm is selected. [special-route] [barrier] [200] [0]
[a03-1000c:00100] [mpi::coll-select::show-decision-process::info] Any algorithm is not selected. [MCA-parameter] [reduce]
[a03-1000c:00100] [mpi::coll-select::show-decision-process::info] Any algorithm is not selected. [info-oneshot] [reduce]
[a03-1000c:00100] [mpi::coll-select::show-decision-process::info] Any algorithm is not selected. [info-rules] [reduce]
[a03-1000c:00100] [mpi::coll-select::show-decision-process::info] Any algorithm is not selected. [user-files] [reduce]
[a03-1000c:00100] [mpi::coll-select::show-decision-process::info] An algorithm is selected. [system-files] [reduce] [6]
[a03-1000c:00100] [mpi::coll-select::show-decision-process::info] The algorithm is judged as applicable. [system-files] [reduce] [6(segsize=65536)]
[a03-1000c:00100] [mpi::coll-select::show-decision-process::info] An algorithm is selected. [special-route] [barrier] [200] [0]
[a03-1000c:00100] [mpi::coll-select::show-decision-process::info] An algorithm is selected. [special-route] [barrier] [200] [0]
[a03-1000c:00100] [mpi::coll-select::show-decision-process::info] Any algorithm is not selected. [MCA-parameter] [reduce]
[a03-1000c:00100] [mpi::coll-select::show-decision-process::info] Any algorithm is not selected. [info-oneshot] [reduce]
[a03-1000c:00100] [mpi::coll-select::show-decision-process::info] Any algorithm is not selected. [info-rules] [reduce]
[a03-1000c:00100] [mpi::coll-select::show-decision-process::info] Any algorithm is not selected. [user-files] [reduce]
[a03-1000c:00100] [mpi::coll-select::show-decision-process::info] An algorithm is selected. [system-files] [reduce] [6]
[a03-1000c:00100] [mpi::coll-select::show-decision-process::info] The algorithm is judged as applicable. [system-files] [reduce] [6(segsize=65536)]
[a03-1000c:00100] [mpi::coll-select::show-decision-process::info] An algorithm is selected. [special-route] [barrier] [200] [0]
[a03-1000c:00100] [mpi::coll-select::show-decision-process::info] An algorithm is selected. [special-route] [barrier] [200] [0]
[a03-1000c:00100] [mpi::coll-select::show-decision-process::info] Any algorithm is not selected. [MCA-parameter] [reduce]
[a03-1000c:00100] [mpi::coll-select::show-decision-process::info] Any algorithm is not selected. [info-oneshot] [reduce]
[a03-1000c:00100] [mpi::coll-select::show-decision-process::info] Any algorithm is not selected. [info-rules] [reduce]
[a03-1000c:00100] [mpi::coll-select::show-decision-process::info] Any algorithm is not selected. [user-files] [reduce]
[a03-1000c:00100] [mpi::coll-select::show-decision-process::info] An algorithm is selected. [system-files] [reduce] [6]
[a03-1000c:00100] [mpi::coll-select::show-decision-process::info] The algorithm is judged as applicable. [system-files] [reduce] [6(segsize=65536)]
[a03-1000c:00100] [mpi::coll-select::show-decision-process::info] An algorithm is selected. [special-route] [barrier] [200] [0]
[a03-1000c:00100] [mpi::coll-select::show-decision-process::info] An algorithm is selected. [special-route] [barrier] [200] [0]
[a03-1000c:00100] [mpi::coll-select::show-decision-process::info] Any algorithm is not selected. [MCA-parameter] [reduce]
[a03-1000c:00100] [mpi::coll-select::show-decision-process::info] Any algorithm is not selected. [info-oneshot] [reduce]
[a03-1000c:00100] [mpi::coll-select::show-decision-process::info] Any algorithm is not selected. [info-rules] [reduce]
[a03-1000c:00100] [mpi::coll-select::show-decision-process::info] Any algorithm is not selected. [user-files] [reduce]
[a03-1000c:00100] [mpi::coll-select::show-decision-process::info] An algorithm is selected. [system-files] [reduce] [6]
[a03-1000c:00100] [mpi::coll-select::show-decision-process::info] The algorithm is judged as applicable. [system-files] [reduce] [6(segsize=65536)]
[a03-1000c:00100] [mpi::coll-select::show-decision-process::info] An algorithm is selected. [special-route] [barrier] [200] [0]
[a03-1000c:00100] [mpi::coll-select::show-decision-process::info] An algorithm is selected. [special-route] [barrier] [200] [0]
[a03-1000c:00100] [mpi::coll-select::show-decision-process::info] Any algorithm is not selected. [MCA-parameter] [reduce]
[a03-1000c:00100] [mpi::coll-select::show-decision-process::info] Any algorithm is not selected. [info-oneshot] [reduce]
[a03-1000c:00100] [mpi::coll-select::show-decision-process::info] Any algorithm is not selected. [info-rules] [reduce]
[a03-1000c:00100] [mpi::coll-select::show-decision-process::info] Any algorithm is not selected. [user-files] [reduce]
[a03-1000c:00100] [mpi::coll-select::show-decision-process::info] An algorithm is selected. [system-files] [reduce] [6]
[a03-1000c:00100] [mpi::coll-select::show-decision-process::info] The algorithm is judged as applicable. [system-files] [reduce] [6(segsize=65536)]
[a03-1000c:00100] [mpi::coll-select::show-decision-process::info] An algorithm is selected. [special-route] [barrier] [200] [0]
[a03-1000c:00100] [mpi::coll-select::show-decision-process::info] An algorithm is selected. [special-route] [barrier] [200] [0]
[a03-1000c:00100] [mpi::coll-select::show-decision-process::info] Any algorithm is not selected. [MCA-parameter] [reduce]
[a03-1000c:00100] [mpi::coll-select::show-decision-process::info] Any algorithm is not selected. [info-oneshot] [reduce]
[a03-1000c:00100] [mpi::coll-select::show-decision-process::info] Any algorithm is not selected. [info-rules] [reduce]
[a03-1000c:00100] [mpi::coll-select::show-decision-process::info] Any algorithm is not selected. [user-files] [reduce]
[a03-1000c:00100] [mpi::coll-select::show-decision-process::info] An algorithm is selected. [system-files] [reduce] [6]
[a03-1000c:00100] [mpi::coll-select::show-decision-process::info] The algorithm is judged as applicable. [system-files] [reduce] [6(segsize=65536)]
[a03-1000c:00100] [mpi::coll-select::show-decision-process::info] An algorithm is selected. [special-route] [barrier] [200] [0]
[a03-1000c:00100] [mpi::coll-select::show-decision-process::info] An algorithm is selected. [special-route] [barrier] [200] [0]
[a03-1000c:00100] [mpi::coll-select::show-decision-process::info] Any algorithm is not selected. [MCA-parameter] [reduce]
[a03-1000c:00100] [mpi::coll-select::show-decision-process::info] Any algorithm is not selected. [info-oneshot] [reduce]
[a03-1000c:00100] [mpi::coll-select::show-decision-process::info] Any algorithm is not selected. [info-rules] [reduce]
[a03-1000c:00100] [mpi::coll-select::show-decision-process::info] Any algorithm is not selected. [user-files] [reduce]
[a03-1000c:00100] [mpi::coll-select::show-decision-process::info] An algorithm is selected. [system-files] [reduce] [6]
[a03-1000c:00100] [mpi::coll-select::show-decision-process::info] The algorithm is judged as applicable. [system-files] [reduce] [6(segsize=65536)]
[a03-1000c:00100] [mpi::coll-select::show-decision-process::info] An algorithm is selected. [special-route] [reduce] [200] [0]
