[g20-3200c:08561] [mpi::coll-select::show-decision-process::info] Any algorithm is not selected. [MCA-parameter] [reduce]
[g20-3200c:08561] [mpi::coll-select::show-decision-process::info] Any algorithm is not selected. [info-oneshot] [reduce]
[g20-3200c:08561] [mpi::coll-select::show-decision-process::info] Any algorithm is not selected. [info-rules] [reduce]
[g20-3200c:08561] [mpi::coll-select::show-decision-process::info] Any algorithm is not selected. [user-files] [reduce]
[g20-3200c:08561] [mpi::coll-select::show-decision-process::info] An algorithm is selected. [system-files] [reduce] [6]
[g20-3200c:08561] [mpi::coll-select::show-decision-process::info] The algorithm is judged as applicable. [system-files] [reduce] [6(segsize=65536)]
[g20-3200c:08561] [mpi::coll-select::show-decision-process::info] An algorithm is selected. [special-route] [barrier] [200] [0]
[g20-3200c:08561] [mpi::coll-select::show-decision-process::info] An algorithm is selected. [special-route] [barrier] [200] [0]
[g20-3200c:08561] [mpi::coll-select::show-decision-process::info] Any algorithm is not selected. [MCA-parameter] [allgather]
[g20-3200c:08561] [mpi::coll-select::show-decision-process::info] Any algorithm is not selected. [info-oneshot] [allgather]
[g20-3200c:08561] [mpi::coll-select::show-decision-process::info] Any algorithm is not selected. [info-rules] [allgather]
[g20-3200c:08561] [mpi::coll-select::show-decision-process::info] Any algorithm is not selected. [user-files] [allgather]
[g20-3200c:08561] [mpi::coll-select::show-decision-process::info] An algorithm is selected. [system-files] [allgather] [3]
[g20-3200c:08561] [mpi::coll-select::show-decision-process::info] The algorithm is judged as applicable. [system-files] [allgather] [3]
[g20-3200c:08561] [mpi::coll-select::show-decision-process::info] Any algorithm is not selected. [MCA-parameter] [allgather]
[g20-3200c:08561] [mpi::coll-select::show-decision-process::info] Any algorithm is not selected. [info-oneshot] [allgather]
[g20-3200c:08561] [mpi::coll-select::show-decision-process::info] Any algorithm is not selected. [info-rules] [allgather]
[g20-3200c:08561] [mpi::coll-select::show-decision-process::info] Any algorithm is not selected. [user-files] [allgather]
[g20-3200c:08561] [mpi::coll-select::show-decision-process::info] An algorithm is selected. [system-files] [allgather] [3]
[g20-3200c:08561] [mpi::coll-select::show-decision-process::info] The algorithm is judged as applicable. [system-files] [allgather] [3]
[g20-3200c:08561] [mpi::coll-select::show-decision-process::info] Any algorithm is not selected. [MCA-parameter] [allgather]
[g20-3200c:08561] [mpi::coll-select::show-decision-process::info] Any algorithm is not selected. [info-oneshot] [allgather]
[g20-3200c:08561] [mpi::coll-select::show-decision-process::info] Any algorithm is not selected. [info-rules] [allgather]
[g20-3200c:08561] [mpi::coll-select::show-decision-process::info] Any algorithm is not selected. [user-files] [allgather]
[g20-3200c:08561] [mpi::coll-select::show-decision-process::info] An algorithm is selected. [system-files] [allgather] [3]
[g20-3200c:08561] [mpi::coll-select::show-decision-process::info] The algorithm is judged as applicable. [system-files] [allgather] [3]
[g20-3200c:08561] [mpi::coll-select::show-decision-process::info] Any algorithm is not selected. [MCA-parameter] [allgather]
[g20-3200c:08561] [mpi::coll-select::show-decision-process::info] Any algorithm is not selected. [info-oneshot] [allgather]
[g20-3200c:08561] [mpi::coll-select::show-decision-process::info] Any algorithm is not selected. [info-rules] [allgather]
[g20-3200c:08561] [mpi::coll-select::show-decision-process::info] Any algorithm is not selected. [user-files] [allgather]
[g20-3200c:08561] [mpi::coll-select::show-decision-process::info] An algorithm is selected. [system-files] [allgather] [3]
[g20-3200c:08561] [mpi::coll-select::show-decision-process::info] The algorithm is judged as applicable. [system-files] [allgather] [3]
[g20-3200c:08561] [mpi::coll-select::show-decision-process::info] Any algorithm is not selected. [MCA-parameter] [allgather]
[g20-3200c:08561] [mpi::coll-select::show-decision-process::info] Any algorithm is not selected. [info-oneshot] [allgather]
[g20-3200c:08561] [mpi::coll-select::show-decision-process::info] Any algorithm is not selected. [info-rules] [allgather]
[g20-3200c:08561] [mpi::coll-select::show-decision-process::info] Any algorithm is not selected. [user-files] [allgather]
[g20-3200c:08561] [mpi::coll-select::show-decision-process::info] An algorithm is selected. [system-files] [allgather] [3]
[g20-3200c:08561] [mpi::coll-select::show-decision-process::info] The algorithm is judged as applicable. [system-files] [allgather] [3]
[g20-3200c:08561] [mpi::coll-select::show-decision-process::info] Any algorithm is not selected. [MCA-parameter] [allgather]
[g20-3200c:08561] [mpi::coll-select::show-decision-process::info] Any algorithm is not selected. [info-oneshot] [allgather]
[g20-3200c:08561] [mpi::coll-select::show-decision-process::info] Any algorithm is not selected. [info-rules] [allgather]
[g20-3200c:08561] [mpi::coll-select::show-decision-process::info] Any algorithm is not selected. [user-files] [allgather]
[g20-3200c:08561] [mpi::coll-select::show-decision-process::info] An algorithm is selected. [system-files] [allgather] [3]
[g20-3200c:08561] [mpi::coll-select::show-decision-process::info] The algorithm is judged as applicable. [system-files] [allgather] [3]
[g20-3200c:08561] [mpi::coll-select::show-decision-process::info] Any algorithm is not selected. [MCA-parameter] [allgather]
[g20-3200c:08561] [mpi::coll-select::show-decision-process::info] Any algorithm is not selected. [info-oneshot] [allgather]
[g20-3200c:08561] [mpi::coll-select::show-decision-process::info] Any algorithm is not selected. [info-rules] [allgather]
[g20-3200c:08561] [mpi::coll-select::show-decision-process::info] Any algorithm is not selected. [user-files] [allgather]
[g20-3200c:08561] [mpi::coll-select::show-decision-process::info] An algorithm is selected. [system-files] [allgather] [3]
[g20-3200c:08561] [mpi::coll-select::show-decision-process::info] The algorithm is judged as applicable. [system-files] [allgather] [3]
[g20-3200c:08561] [mpi::coll-select::show-decision-process::info] Any algorithm is not selected. [MCA-parameter] [allgather]
[g20-3200c:08561] [mpi::coll-select::show-decision-process::info] Any algorithm is not selected. [info-oneshot] [allgather]
[g20-3200c:08561] [mpi::coll-select::show-decision-process::info] Any algorithm is not selected. [info-rules] [allgather]
[g20-3200c:08561] [mpi::coll-select::show-decision-process::info] Any algorithm is not selected. [user-files] [allgather]
[g20-3200c:08561] [mpi::coll-select::show-decision-process::info] An algorithm is selected. [system-files] [allgather] [3]
[g20-3200c:08561] [mpi::coll-select::show-decision-process::info] The algorithm is judged as applicable. [system-files] [allgather] [3]
[g20-3200c:08561] [mpi::coll-select::show-decision-process::info] Any algorithm is not selected. [MCA-parameter] [allgather]
[g20-3200c:08561] [mpi::coll-select::show-decision-process::info] Any algorithm is not selected. [info-oneshot] [allgather]
[g20-3200c:08561] [mpi::coll-select::show-decision-process::info] Any algorithm is not selected. [info-rules] [allgather]
[g20-3200c:08561] [mpi::coll-select::show-decision-process::info] Any algorithm is not selected. [user-files] [allgather]
[g20-3200c:08561] [mpi::coll-select::show-decision-process::info] An algorithm is selected. [system-files] [allgather] [3]
[g20-3200c:08561] [mpi::coll-select::show-decision-process::info] The algorithm is judged as applicable. [system-files] [allgather] [3]
[g20-3200c:08561] [mpi::coll-select::show-decision-process::info] Any algorithm is not selected. [MCA-parameter] [allgather]
[g20-3200c:08561] [mpi::coll-select::show-decision-process::info] Any algorithm is not selected. [info-oneshot] [allgather]
[g20-3200c:08561] [mpi::coll-select::show-decision-process::info] Any algorithm is not selected. [info-rules] [allgather]
[g20-3200c:08561] [mpi::coll-select::show-decision-process::info] Any algorithm is not selected. [user-files] [allgather]
[g20-3200c:08561] [mpi::coll-select::show-decision-process::info] An algorithm is selected. [system-files] [allgather] [3]
[g20-3200c:08561] [mpi::coll-select::show-decision-process::info] The algorithm is judged as applicable. [system-files] [allgather] [3]
[g20-3200c:08561] [mpi::coll-select::show-decision-process::info] Any algorithm is not selected. [MCA-parameter] [allgather]
[g20-3200c:08561] [mpi::coll-select::show-decision-process::info] Any algorithm is not selected. [info-oneshot] [allgather]
[g20-3200c:08561] [mpi::coll-select::show-decision-process::info] Any algorithm is not selected. [info-rules] [allgather]
[g20-3200c:08561] [mpi::coll-select::show-decision-process::info] Any algorithm is not selected. [user-files] [allgather]
[g20-3200c:08561] [mpi::coll-select::show-decision-process::info] An algorithm is selected. [system-files] [allgather] [3]
[g20-3200c:08561] [mpi::coll-select::show-decision-process::info] The algorithm is judged as applicable. [system-files] [allgather] [3]
[g20-3200c:08561] [mpi::coll-select::show-decision-process::info] Any algorithm is not selected. [MCA-parameter] [allgather]
[g20-3200c:08561] [mpi::coll-select::show-decision-process::info] Any algorithm is not selected. [info-oneshot] [allgather]
[g20-3200c:08561] [mpi::coll-select::show-decision-process::info] Any algorithm is not selected. [info-rules] [allgather]
[g20-3200c:08561] [mpi::coll-select::show-decision-process::info] Any algorithm is not selected. [user-files] [allgather]
[g20-3200c:08561] [mpi::coll-select::show-decision-process::info] An algorithm is selected. [system-files] [allgather] [3]
[g20-3200c:08561] [mpi::coll-select::show-decision-process::info] The algorithm is judged as applicable. [system-files] [allgather] [3]
[g20-3200c:08561] [mpi::coll-select::show-decision-process::info] Any algorithm is not selected. [MCA-parameter] [reduce]
[g20-3200c:08561] [mpi::coll-select::show-decision-process::info] Any algorithm is not selected. [info-oneshot] [reduce]
[g20-3200c:08561] [mpi::coll-select::show-decision-process::info] Any algorithm is not selected. [info-rules] [reduce]
[g20-3200c:08561] [mpi::coll-select::show-decision-process::info] Any algorithm is not selected. [user-files] [reduce]
[g20-3200c:08561] [mpi::coll-select::show-decision-process::info] An algorithm is selected. [system-files] [reduce] [6]
[g20-3200c:08561] [mpi::coll-select::show-decision-process::info] The algorithm is judged as applicable. [system-files] [reduce] [6(segsize=65536)]
[g20-3200c:08561] [mpi::coll-select::show-decision-process::info] An algorithm is selected. [special-route] [barrier] [200] [0]
[g20-3200c:08561] [mpi::coll-select::show-decision-process::info] An algorithm is selected. [special-route] [barrier] [200] [0]
[g20-3200c:08561] [mpi::coll-select::show-decision-process::info] Any algorithm is not selected. [MCA-parameter] [reduce]
[g20-3200c:08561] [mpi::coll-select::show-decision-process::info] Any algorithm is not selected. [info-oneshot] [reduce]
[g20-3200c:08561] [mpi::coll-select::show-decision-process::info] Any algorithm is not selected. [info-rules] [reduce]
[g20-3200c:08561] [mpi::coll-select::show-decision-process::info] Any algorithm is not selected. [user-files] [reduce]
[g20-3200c:08561] [mpi::coll-select::show-decision-process::info] An algorithm is selected. [system-files] [reduce] [6]
[g20-3200c:08561] [mpi::coll-select::show-decision-process::info] The algorithm is judged as applicable. [system-files] [reduce] [6(segsize=65536)]
[g20-3200c:08561] [mpi::coll-select::show-decision-process::info] An algorithm is selected. [special-route] [barrier] [200] [0]
[g20-3200c:08561] [mpi::coll-select::show-decision-process::info] An algorithm is selected. [special-route] [barrier] [200] [0]
[g20-3200c:08561] [mpi::coll-select::show-decision-process::info] Any algorithm is not selected. [MCA-parameter] [reduce]
[g20-3200c:08561] [mpi::coll-select::show-decision-process::info] Any algorithm is not selected. [info-oneshot] [reduce]
[g20-3200c:08561] [mpi::coll-select::show-decision-process::info] Any algorithm is not selected. [info-rules] [reduce]
[g20-3200c:08561] [mpi::coll-select::show-decision-process::info] Any algorithm is not selected. [user-files] [reduce]
[g20-3200c:08561] [mpi::coll-select::show-decision-process::info] An algorithm is selected. [system-files] [reduce] [6]
[g20-3200c:08561] [mpi::coll-select::show-decision-process::info] The algorithm is judged as applicable. [system-files] [reduce] [6(segsize=65536)]
[g20-3200c:08561] [mpi::coll-select::show-decision-process::info] An algorithm is selected. [special-route] [barrier] [200] [0]
[g20-3200c:08561] [mpi::coll-select::show-decision-process::info] An algorithm is selected. [special-route] [barrier] [200] [0]
[g20-3200c:08561] [mpi::coll-select::show-decision-process::info] Any algorithm is not selected. [MCA-parameter] [reduce]
[g20-3200c:08561] [mpi::coll-select::show-decision-process::info] Any algorithm is not selected. [info-oneshot] [reduce]
[g20-3200c:08561] [mpi::coll-select::show-decision-process::info] Any algorithm is not selected. [info-rules] [reduce]
[g20-3200c:08561] [mpi::coll-select::show-decision-process::info] Any algorithm is not selected. [user-files] [reduce]
[g20-3200c:08561] [mpi::coll-select::show-decision-process::info] An algorithm is selected. [system-files] [reduce] [6]
[g20-3200c:08561] [mpi::coll-select::show-decision-process::info] The algorithm is judged as applicable. [system-files] [reduce] [6(segsize=65536)]
[g20-3200c:08561] [mpi::coll-select::show-decision-process::info] An algorithm is selected. [special-route] [barrier] [200] [0]
[g20-3200c:08561] [mpi::coll-select::show-decision-process::info] An algorithm is selected. [special-route] [barrier] [200] [0]
[g20-3200c:08561] [mpi::coll-select::show-decision-process::info] Any algorithm is not selected. [MCA-parameter] [reduce]
[g20-3200c:08561] [mpi::coll-select::show-decision-process::info] Any algorithm is not selected. [info-oneshot] [reduce]
[g20-3200c:08561] [mpi::coll-select::show-decision-process::info] Any algorithm is not selected. [info-rules] [reduce]
[g20-3200c:08561] [mpi::coll-select::show-decision-process::info] Any algorithm is not selected. [user-files] [reduce]
[g20-3200c:08561] [mpi::coll-select::show-decision-process::info] An algorithm is selected. [system-files] [reduce] [6]
[g20-3200c:08561] [mpi::coll-select::show-decision-process::info] The algorithm is judged as applicable. [system-files] [reduce] [6(segsize=65536)]
[g20-3200c:08561] [mpi::coll-select::show-decision-process::info] An algorithm is selected. [special-route] [barrier] [200] [0]
[g20-3200c:08561] [mpi::coll-select::show-decision-process::info] An algorithm is selected. [special-route] [barrier] [200] [0]
[g20-3200c:08561] [mpi::coll-select::show-decision-process::info] Any algorithm is not selected. [MCA-parameter] [reduce]
[g20-3200c:08561] [mpi::coll-select::show-decision-process::info] Any algorithm is not selected. [info-oneshot] [reduce]
[g20-3200c:08561] [mpi::coll-select::show-decision-process::info] Any algorithm is not selected. [info-rules] [reduce]
[g20-3200c:08561] [mpi::coll-select::show-decision-process::info] Any algorithm is not selected. [user-files] [reduce]
[g20-3200c:08561] [mpi::coll-select::show-decision-process::info] An algorithm is selected. [system-files] [reduce] [6]
[g20-3200c:08561] [mpi::coll-select::show-decision-process::info] The algorithm is judged as applicable. [system-files] [reduce] [6(segsize=65536)]
[g20-3200c:08561] [mpi::coll-select::show-decision-process::info] An algorithm is selected. [special-route] [barrier] [200] [0]
[g20-3200c:08561] [mpi::coll-select::show-decision-process::info] An algorithm is selected. [special-route] [barrier] [200] [0]
[g20-3200c:08561] [mpi::coll-select::show-decision-process::info] Any algorithm is not selected. [MCA-parameter] [reduce]
[g20-3200c:08561] [mpi::coll-select::show-decision-process::info] Any algorithm is not selected. [info-oneshot] [reduce]
[g20-3200c:08561] [mpi::coll-select::show-decision-process::info] Any algorithm is not selected. [info-rules] [reduce]
[g20-3200c:08561] [mpi::coll-select::show-decision-process::info] Any algorithm is not selected. [user-files] [reduce]
[g20-3200c:08561] [mpi::coll-select::show-decision-process::info] An algorithm is selected. [system-files] [reduce] [6]
[g20-3200c:08561] [mpi::coll-select::show-decision-process::info] The algorithm is judged as applicable. [system-files] [reduce] [6(segsize=65536)]
[g20-3200c:08561] [mpi::coll-select::show-decision-process::info] An algorithm is selected. [special-route] [barrier] [200] [0]
[g20-3200c:08561] [mpi::coll-select::show-decision-process::info] An algorithm is selected. [special-route] [barrier] [200] [0]
[g20-3200c:08561] [mpi::coll-select::show-decision-process::info] Any algorithm is not selected. [MCA-parameter] [reduce]
[g20-3200c:08561] [mpi::coll-select::show-decision-process::info] Any algorithm is not selected. [info-oneshot] [reduce]
[g20-3200c:08561] [mpi::coll-select::show-decision-process::info] Any algorithm is not selected. [info-rules] [reduce]
[g20-3200c:08561] [mpi::coll-select::show-decision-process::info] Any algorithm is not selected. [user-files] [reduce]
[g20-3200c:08561] [mpi::coll-select::show-decision-process::info] An algorithm is selected. [system-files] [reduce] [6]
[g20-3200c:08561] [mpi::coll-select::show-decision-process::info] The algorithm is judged as applicable. [system-files] [reduce] [6(segsize=65536)]
[g20-3200c:08561] [mpi::coll-select::show-decision-process::info] An algorithm is selected. [special-route] [barrier] [200] [0]
[g20-3200c:08561] [mpi::coll-select::show-decision-process::info] An algorithm is selected. [special-route] [barrier] [200] [0]
[g20-3200c:08561] [mpi::coll-select::show-decision-process::info] Any algorithm is not selected. [MCA-parameter] [reduce]
[g20-3200c:08561] [mpi::coll-select::show-decision-process::info] Any algorithm is not selected. [info-oneshot] [reduce]
[g20-3200c:08561] [mpi::coll-select::show-decision-process::info] Any algorithm is not selected. [info-rules] [reduce]
[g20-3200c:08561] [mpi::coll-select::show-decision-process::info] Any algorithm is not selected. [user-files] [reduce]
[g20-3200c:08561] [mpi::coll-select::show-decision-process::info] An algorithm is selected. [system-files] [reduce] [6]
[g20-3200c:08561] [mpi::coll-select::show-decision-process::info] The algorithm is judged as applicable. [system-files] [reduce] [6(segsize=65536)]
[g20-3200c:08561] [mpi::coll-select::show-decision-process::info] An algorithm is selected. [special-route] [barrier] [200] [0]
[g20-3200c:08561] [mpi::coll-select::show-decision-process::info] An algorithm is selected. [special-route] [barrier] [200] [0]
[g20-3200c:08561] [mpi::coll-select::show-decision-process::info] Any algorithm is not selected. [MCA-parameter] [reduce]
[g20-3200c:08561] [mpi::coll-select::show-decision-process::info] Any algorithm is not selected. [info-oneshot] [reduce]
[g20-3200c:08561] [mpi::coll-select::show-decision-process::info] Any algorithm is not selected. [info-rules] [reduce]
[g20-3200c:08561] [mpi::coll-select::show-decision-process::info] Any algorithm is not selected. [user-files] [reduce]
[g20-3200c:08561] [mpi::coll-select::show-decision-process::info] An algorithm is selected. [system-files] [reduce] [6]
[g20-3200c:08561] [mpi::coll-select::show-decision-process::info] The algorithm is judged as applicable. [system-files] [reduce] [6(segsize=65536)]
[g20-3200c:08561] [mpi::coll-select::show-decision-process::info] An algorithm is selected. [special-route] [barrier] [200] [0]
[g20-3200c:08561] [mpi::coll-select::show-decision-process::info] An algorithm is selected. [special-route] [barrier] [200] [0]
[g20-3200c:08561] [mpi::coll-select::show-decision-process::info] Any algorithm is not selected. [MCA-parameter] [reduce]
[g20-3200c:08561] [mpi::coll-select::show-decision-process::info] Any algorithm is not selected. [info-oneshot] [reduce]
[g20-3200c:08561] [mpi::coll-select::show-decision-process::info] Any algorithm is not selected. [info-rules] [reduce]
[g20-3200c:08561] [mpi::coll-select::show-decision-process::info] Any algorithm is not selected. [user-files] [reduce]
[g20-3200c:08561] [mpi::coll-select::show-decision-process::info] An algorithm is selected. [system-files] [reduce] [6]
[g20-3200c:08561] [mpi::coll-select::show-decision-process::info] The algorithm is judged as applicable. [system-files] [reduce] [6(segsize=65536)]
[g20-3200c:08561] [mpi::coll-select::show-decision-process::info] An algorithm is selected. [special-route] [reduce] [200] [0]
