[c01-0202c:10071] [mpi::coll-select::show-decision-process::info] Any algorithm is not selected. [MCA-parameter] [bcast]
[c01-0202c:10071] [mpi::coll-select::show-decision-process::info] Any algorithm is not selected. [info-oneshot] [bcast]
[c01-0202c:10071] [mpi::coll-select::show-decision-process::info] Any algorithm is not selected. [info-rules] [bcast]
[c01-0202c:10071] [mpi::coll-select::show-decision-process::info] Any algorithm is not selected. [user-files] [bcast]
[c01-0202c:10071] [mpi::coll-select::show-decision-process::info] An algorithm is selected. [system-files] [bcast] [103]
[c01-0202c:10071] [mpi::coll-select::show-decision-process::info] An algorithm is selected. [special-route] [allreduce] [200] [0]
[c01-0202c:10071] [mpi::coll-select::show-decision-process::info] The algorithm is judged as applicable. [system-files] [bcast] [103(segsize=16384)]
[c01-0202c:10071] [mpi::coll-select::show-decision-process::info] An algorithm is selected. [special-route] [barrier] [200] [0]
[c01-0202c:10071] [mpi::coll-select::show-decision-process::info] An algorithm is selected. [special-route] [barrier] [200] [0]
[c01-0202c:10071] [mpi::coll-select::show-decision-process::info] An algorithm is selected. [special-route] [barrier] [200] [0]
[c01-0202c:10071] [mpi::coll-select::show-decision-process::info] Any algorithm is not selected. [MCA-parameter] [allgather]
[c01-0202c:10071] [mpi::coll-select::show-decision-process::info] Any algorithm is not selected. [info-oneshot] [allgather]
[c01-0202c:10071] [mpi::coll-select::show-decision-process::info] Any algorithm is not selected. [info-rules] [allgather]
[c01-0202c:10071] [mpi::coll-select::show-decision-process::info] Any algorithm is not selected. [user-files] [allgather]
[c01-0202c:10071] [mpi::coll-select::show-decision-process::info] An algorithm is selected. [system-files] [allgather] [3]
[c01-0202c:10071] [mpi::coll-select::show-decision-process::info] The algorithm is judged as applicable. [system-files] [allgather] [3]
[c01-0202c:10071] [mpi::coll-select::show-decision-process::info] Any algorithm is not selected. [MCA-parameter] [allgather]
[c01-0202c:10071] [mpi::coll-select::show-decision-process::info] Any algorithm is not selected. [info-oneshot] [allgather]
[c01-0202c:10071] [mpi::coll-select::show-decision-process::info] Any algorithm is not selected. [info-rules] [allgather]
[c01-0202c:10071] [mpi::coll-select::show-decision-process::info] Any algorithm is not selected. [user-files] [allgather]
[c01-0202c:10071] [mpi::coll-select::show-decision-process::info] An algorithm is selected. [system-files] [allgather] [3]
[c01-0202c:10071] [mpi::coll-select::show-decision-process::info] The algorithm is judged as applicable. [system-files] [allgather] [3]
[c01-0202c:10071] [mpi::coll-select::show-decision-process::info] Any algorithm is not selected. [MCA-parameter] [allgather]
[c01-0202c:10071] [mpi::coll-select::show-decision-process::info] Any algorithm is not selected. [info-oneshot] [allgather]
[c01-0202c:10071] [mpi::coll-select::show-decision-process::info] Any algorithm is not selected. [info-rules] [allgather]
[c01-0202c:10071] [mpi::coll-select::show-decision-process::info] Any algorithm is not selected. [user-files] [allgather]
[c01-0202c:10071] [mpi::coll-select::show-decision-process::info] An algorithm is selected. [system-files] [allgather] [3]
[c01-0202c:10071] [mpi::coll-select::show-decision-process::info] The algorithm is judged as applicable. [system-files] [allgather] [3]
[c01-0202c:10071] [mpi::coll-select::show-decision-process::info] Any algorithm is not selected. [MCA-parameter] [allgather]
[c01-0202c:10071] [mpi::coll-select::show-decision-process::info] Any algorithm is not selected. [info-oneshot] [allgather]
[c01-0202c:10071] [mpi::coll-select::show-decision-process::info] Any algorithm is not selected. [info-rules] [allgather]
[c01-0202c:10071] [mpi::coll-select::show-decision-process::info] Any algorithm is not selected. [user-files] [allgather]
[c01-0202c:10071] [mpi::coll-select::show-decision-process::info] An algorithm is selected. [system-files] [allgather] [3]
[c01-0202c:10071] [mpi::coll-select::show-decision-process::info] The algorithm is judged as applicable. [system-files] [allgather] [3]
[c01-0202c:10071] [mpi::coll-select::show-decision-process::info] Any algorithm is not selected. [MCA-parameter] [allgather]
[c01-0202c:10071] [mpi::coll-select::show-decision-process::info] Any algorithm is not selected. [info-oneshot] [allgather]
[c01-0202c:10071] [mpi::coll-select::show-decision-process::info] Any algorithm is not selected. [info-rules] [allgather]
[c01-0202c:10071] [mpi::coll-select::show-decision-process::info] Any algorithm is not selected. [user-files] [allgather]
[c01-0202c:10071] [mpi::coll-select::show-decision-process::info] An algorithm is selected. [system-files] [allgather] [3]
[c01-0202c:10071] [mpi::coll-select::show-decision-process::info] The algorithm is judged as applicable. [system-files] [allgather] [3]
[c01-0202c:10071] [mpi::coll-select::show-decision-process::info] Any algorithm is not selected. [MCA-parameter] [allgather]
[c01-0202c:10071] [mpi::coll-select::show-decision-process::info] Any algorithm is not selected. [info-oneshot] [allgather]
[c01-0202c:10071] [mpi::coll-select::show-decision-process::info] Any algorithm is not selected. [info-rules] [allgather]
[c01-0202c:10071] [mpi::coll-select::show-decision-process::info] Any algorithm is not selected. [user-files] [allgather]
[c01-0202c:10071] [mpi::coll-select::show-decision-process::info] An algorithm is selected. [system-files] [allgather] [3]
[c01-0202c:10071] [mpi::coll-select::show-decision-process::info] The algorithm is judged as applicable. [system-files] [allgather] [3]
[c01-0202c:10071] [mpi::coll-select::show-decision-process::info] Any algorithm is not selected. [MCA-parameter] [allgather]
[c01-0202c:10071] [mpi::coll-select::show-decision-process::info] Any algorithm is not selected. [info-oneshot] [allgather]
[c01-0202c:10071] [mpi::coll-select::show-decision-process::info] Any algorithm is not selected. [info-rules] [allgather]
[c01-0202c:10071] [mpi::coll-select::show-decision-process::info] Any algorithm is not selected. [user-files] [allgather]
[c01-0202c:10071] [mpi::coll-select::show-decision-process::info] An algorithm is selected. [system-files] [allgather] [3]
[c01-0202c:10071] [mpi::coll-select::show-decision-process::info] The algorithm is judged as applicable. [system-files] [allgather] [3]
[c01-0202c:10071] [mpi::coll-select::show-decision-process::info] Any algorithm is not selected. [MCA-parameter] [allgather]
[c01-0202c:10071] [mpi::coll-select::show-decision-process::info] Any algorithm is not selected. [info-oneshot] [allgather]
[c01-0202c:10071] [mpi::coll-select::show-decision-process::info] Any algorithm is not selected. [info-rules] [allgather]
[c01-0202c:10071] [mpi::coll-select::show-decision-process::info] Any algorithm is not selected. [user-files] [allgather]
[c01-0202c:10071] [mpi::coll-select::show-decision-process::info] An algorithm is selected. [system-files] [allgather] [3]
[c01-0202c:10071] [mpi::coll-select::show-decision-process::info] The algorithm is judged as applicable. [system-files] [allgather] [3]
[c01-0202c:10071] [mpi::coll-select::show-decision-process::info] Any algorithm is not selected. [MCA-parameter] [allgather]
[c01-0202c:10071] [mpi::coll-select::show-decision-process::info] Any algorithm is not selected. [info-oneshot] [allgather]
[c01-0202c:10071] [mpi::coll-select::show-decision-process::info] Any algorithm is not selected. [info-rules] [allgather]
[c01-0202c:10071] [mpi::coll-select::show-decision-process::info] Any algorithm is not selected. [user-files] [allgather]
[c01-0202c:10071] [mpi::coll-select::show-decision-process::info] An algorithm is selected. [system-files] [allgather] [3]
[c01-0202c:10071] [mpi::coll-select::show-decision-process::info] The algorithm is judged as applicable. [system-files] [allgather] [3]
[c01-0202c:10071] [mpi::coll-select::show-decision-process::info] Any algorithm is not selected. [MCA-parameter] [allgather]
[c01-0202c:10071] [mpi::coll-select::show-decision-process::info] Any algorithm is not selected. [info-oneshot] [allgather]
[c01-0202c:10071] [mpi::coll-select::show-decision-process::info] Any algorithm is not selected. [info-rules] [allgather]
[c01-0202c:10071] [mpi::coll-select::show-decision-process::info] Any algorithm is not selected. [user-files] [allgather]
[c01-0202c:10071] [mpi::coll-select::show-decision-process::info] An algorithm is selected. [system-files] [allgather] [3]
[c01-0202c:10071] [mpi::coll-select::show-decision-process::info] The algorithm is judged as applicable. [system-files] [allgather] [3]
[c01-0202c:10071] [mpi::coll-select::show-decision-process::info] Any algorithm is not selected. [MCA-parameter] [allgather]
[c01-0202c:10071] [mpi::coll-select::show-decision-process::info] Any algorithm is not selected. [info-oneshot] [allgather]
[c01-0202c:10071] [mpi::coll-select::show-decision-process::info] Any algorithm is not selected. [info-rules] [allgather]
[c01-0202c:10071] [mpi::coll-select::show-decision-process::info] Any algorithm is not selected. [user-files] [allgather]
[c01-0202c:10071] [mpi::coll-select::show-decision-process::info] An algorithm is selected. [system-files] [allgather] [3]
[c01-0202c:10071] [mpi::coll-select::show-decision-process::info] The algorithm is judged as applicable. [system-files] [allgather] [3]
[c01-0202c:10071] [mpi::coll-select::show-decision-process::info] Any algorithm is not selected. [MCA-parameter] [allgather]
[c01-0202c:10071] [mpi::coll-select::show-decision-process::info] Any algorithm is not selected. [info-oneshot] [allgather]
[c01-0202c:10071] [mpi::coll-select::show-decision-process::info] Any algorithm is not selected. [info-rules] [allgather]
[c01-0202c:10071] [mpi::coll-select::show-decision-process::info] Any algorithm is not selected. [user-files] [allgather]
[c01-0202c:10071] [mpi::coll-select::show-decision-process::info] An algorithm is selected. [system-files] [allgather] [3]
[c01-0202c:10071] [mpi::coll-select::show-decision-process::info] The algorithm is judged as applicable. [system-files] [allgather] [3]
[c01-0202c:10071] [mpi::coll-select::show-decision-process::info] Any algorithm is not selected. [MCA-parameter] [bcast]
[c01-0202c:10071] [mpi::coll-select::show-decision-process::info] Any algorithm is not selected. [info-oneshot] [bcast]
[c01-0202c:10071] [mpi::coll-select::show-decision-process::info] Any algorithm is not selected. [info-rules] [bcast]
[c01-0202c:10071] [mpi::coll-select::show-decision-process::info] Any algorithm is not selected. [user-files] [bcast]
[c01-0202c:10071] [mpi::coll-select::show-decision-process::info] An algorithm is selected. [system-files] [bcast] [103]
[c01-0202c:10071] [mpi::coll-select::show-decision-process::info] An algorithm is selected. [special-route] [allreduce] [200] [0]
[c01-0202c:10071] [mpi::coll-select::show-decision-process::info] The algorithm is judged as applicable. [system-files] [bcast] [103(segsize=16384)]
[c01-0202c:10071] [mpi::coll-select::show-decision-process::info] An algorithm is selected. [special-route] [barrier] [200] [0]
[c01-0202c:10071] [mpi::coll-select::show-decision-process::info] An algorithm is selected. [special-route] [barrier] [200] [0]
[c01-0202c:10071] [mpi::coll-select::show-decision-process::info] An algorithm is selected. [special-route] [barrier] [200] [0]
[c01-0202c:10071] [mpi::coll-select::show-decision-process::info] Any algorithm is not selected. [MCA-parameter] [bcast]
[c01-0202c:10071] [mpi::coll-select::show-decision-process::info] Any algorithm is not selected. [info-oneshot] [bcast]
[c01-0202c:10071] [mpi::coll-select::show-decision-process::info] Any algorithm is not selected. [info-rules] [bcast]
[c01-0202c:10071] [mpi::coll-select::show-decision-process::info] Any algorithm is not selected. [user-files] [bcast]
[c01-0202c:10071] [mpi::coll-select::show-decision-process::info] An algorithm is selected. [system-files] [bcast] [103]
[c01-0202c:10071] [mpi::coll-select::show-decision-process::info] An algorithm is selected. [special-route] [allreduce] [200] [0]
[c01-0202c:10071] [mpi::coll-select::show-decision-process::info] The algorithm is judged as applicable. [system-files] [bcast] [103(segsize=16384)]
[c01-0202c:10071] [mpi::coll-select::show-decision-process::info] An algorithm is selected. [special-route] [barrier] [200] [0]
[c01-0202c:10071] [mpi::coll-select::show-decision-process::info] An algorithm is selected. [special-route] [barrier] [200] [0]
[c01-0202c:10071] [mpi::coll-select::show-decision-process::info] An algorithm is selected. [special-route] [barrier] [200] [0]
[c01-0202c:10071] [mpi::coll-select::show-decision-process::info] Any algorithm is not selected. [MCA-parameter] [bcast]
[c01-0202c:10071] [mpi::coll-select::show-decision-process::info] Any algorithm is not selected. [info-oneshot] [bcast]
[c01-0202c:10071] [mpi::coll-select::show-decision-process::info] Any algorithm is not selected. [info-rules] [bcast]
[c01-0202c:10071] [mpi::coll-select::show-decision-process::info] Any algorithm is not selected. [user-files] [bcast]
[c01-0202c:10071] [mpi::coll-select::show-decision-process::info] An algorithm is selected. [system-files] [bcast] [103]
[c01-0202c:10071] [mpi::coll-select::show-decision-process::info] An algorithm is selected. [special-route] [allreduce] [200] [0]
[c01-0202c:10071] [mpi::coll-select::show-decision-process::info] The algorithm is judged as applicable. [system-files] [bcast] [103(segsize=16384)]
[c01-0202c:10071] [mpi::coll-select::show-decision-process::info] An algorithm is selected. [special-route] [barrier] [200] [0]
[c01-0202c:10071] [mpi::coll-select::show-decision-process::info] An algorithm is selected. [special-route] [barrier] [200] [0]
[c01-0202c:10071] [mpi::coll-select::show-decision-process::info] An algorithm is selected. [special-route] [barrier] [200] [0]
[c01-0202c:10071] [mpi::coll-select::show-decision-process::info] Any algorithm is not selected. [MCA-parameter] [bcast]
[c01-0202c:10071] [mpi::coll-select::show-decision-process::info] Any algorithm is not selected. [info-oneshot] [bcast]
[c01-0202c:10071] [mpi::coll-select::show-decision-process::info] Any algorithm is not selected. [info-rules] [bcast]
[c01-0202c:10071] [mpi::coll-select::show-decision-process::info] Any algorithm is not selected. [user-files] [bcast]
[c01-0202c:10071] [mpi::coll-select::show-decision-process::info] An algorithm is selected. [system-files] [bcast] [103]
[c01-0202c:10071] [mpi::coll-select::show-decision-process::info] An algorithm is selected. [special-route] [allreduce] [200] [0]
[c01-0202c:10071] [mpi::coll-select::show-decision-process::info] The algorithm is judged as applicable. [system-files] [bcast] [103(segsize=16384)]
[c01-0202c:10071] [mpi::coll-select::show-decision-process::info] An algorithm is selected. [special-route] [barrier] [200] [0]
[c01-0202c:10071] [mpi::coll-select::show-decision-process::info] An algorithm is selected. [special-route] [barrier] [200] [0]
[c01-0202c:10071] [mpi::coll-select::show-decision-process::info] An algorithm is selected. [special-route] [barrier] [200] [0]
[c01-0202c:10071] [mpi::coll-select::show-decision-process::info] Any algorithm is not selected. [MCA-parameter] [bcast]
[c01-0202c:10071] [mpi::coll-select::show-decision-process::info] Any algorithm is not selected. [info-oneshot] [bcast]
[c01-0202c:10071] [mpi::coll-select::show-decision-process::info] Any algorithm is not selected. [info-rules] [bcast]
[c01-0202c:10071] [mpi::coll-select::show-decision-process::info] Any algorithm is not selected. [user-files] [bcast]
[c01-0202c:10071] [mpi::coll-select::show-decision-process::info] An algorithm is selected. [system-files] [bcast] [103]
[c01-0202c:10071] [mpi::coll-select::show-decision-process::info] An algorithm is selected. [special-route] [allreduce] [200] [0]
[c01-0202c:10071] [mpi::coll-select::show-decision-process::info] The algorithm is judged as applicable. [system-files] [bcast] [103(segsize=16384)]
[c01-0202c:10071] [mpi::coll-select::show-decision-process::info] An algorithm is selected. [special-route] [barrier] [200] [0]
[c01-0202c:10071] [mpi::coll-select::show-decision-process::info] An algorithm is selected. [special-route] [barrier] [200] [0]
[c01-0202c:10071] [mpi::coll-select::show-decision-process::info] An algorithm is selected. [special-route] [barrier] [200] [0]
[c01-0202c:10071] [mpi::coll-select::show-decision-process::info] Any algorithm is not selected. [MCA-parameter] [bcast]
[c01-0202c:10071] [mpi::coll-select::show-decision-process::info] Any algorithm is not selected. [info-oneshot] [bcast]
[c01-0202c:10071] [mpi::coll-select::show-decision-process::info] Any algorithm is not selected. [info-rules] [bcast]
[c01-0202c:10071] [mpi::coll-select::show-decision-process::info] Any algorithm is not selected. [user-files] [bcast]
[c01-0202c:10071] [mpi::coll-select::show-decision-process::info] An algorithm is selected. [system-files] [bcast] [103]
[c01-0202c:10071] [mpi::coll-select::show-decision-process::info] An algorithm is selected. [special-route] [allreduce] [200] [0]
[c01-0202c:10071] [mpi::coll-select::show-decision-process::info] The algorithm is judged as applicable. [system-files] [bcast] [103(segsize=16384)]
[c01-0202c:10071] [mpi::coll-select::show-decision-process::info] An algorithm is selected. [special-route] [barrier] [200] [0]
[c01-0202c:10071] [mpi::coll-select::show-decision-process::info] An algorithm is selected. [special-route] [barrier] [200] [0]
[c01-0202c:10071] [mpi::coll-select::show-decision-process::info] An algorithm is selected. [special-route] [barrier] [200] [0]
[c01-0202c:10071] [mpi::coll-select::show-decision-process::info] Any algorithm is not selected. [MCA-parameter] [bcast]
[c01-0202c:10071] [mpi::coll-select::show-decision-process::info] Any algorithm is not selected. [info-oneshot] [bcast]
[c01-0202c:10071] [mpi::coll-select::show-decision-process::info] Any algorithm is not selected. [info-rules] [bcast]
[c01-0202c:10071] [mpi::coll-select::show-decision-process::info] Any algorithm is not selected. [user-files] [bcast]
[c01-0202c:10071] [mpi::coll-select::show-decision-process::info] An algorithm is selected. [system-files] [bcast] [103]
[c01-0202c:10071] [mpi::coll-select::show-decision-process::info] An algorithm is selected. [special-route] [allreduce] [200] [0]
[c01-0202c:10071] [mpi::coll-select::show-decision-process::info] The algorithm is judged as applicable. [system-files] [bcast] [103(segsize=16384)]
[c01-0202c:10071] [mpi::coll-select::show-decision-process::info] An algorithm is selected. [special-route] [barrier] [200] [0]
[c01-0202c:10071] [mpi::coll-select::show-decision-process::info] An algorithm is selected. [special-route] [barrier] [200] [0]
[c01-0202c:10071] [mpi::coll-select::show-decision-process::info] An algorithm is selected. [special-route] [barrier] [200] [0]
[c01-0202c:10071] [mpi::coll-select::show-decision-process::info] Any algorithm is not selected. [MCA-parameter] [bcast]
[c01-0202c:10071] [mpi::coll-select::show-decision-process::info] Any algorithm is not selected. [info-oneshot] [bcast]
[c01-0202c:10071] [mpi::coll-select::show-decision-process::info] Any algorithm is not selected. [info-rules] [bcast]
[c01-0202c:10071] [mpi::coll-select::show-decision-process::info] Any algorithm is not selected. [user-files] [bcast]
[c01-0202c:10071] [mpi::coll-select::show-decision-process::info] An algorithm is selected. [system-files] [bcast] [103]
[c01-0202c:10071] [mpi::coll-select::show-decision-process::info] An algorithm is selected. [special-route] [allreduce] [200] [0]
[c01-0202c:10071] [mpi::coll-select::show-decision-process::info] The algorithm is judged as applicable. [system-files] [bcast] [103(segsize=16384)]
[c01-0202c:10071] [mpi::coll-select::show-decision-process::info] An algorithm is selected. [special-route] [barrier] [200] [0]
[c01-0202c:10071] [mpi::coll-select::show-decision-process::info] An algorithm is selected. [special-route] [barrier] [200] [0]
[c01-0202c:10071] [mpi::coll-select::show-decision-process::info] An algorithm is selected. [special-route] [barrier] [200] [0]
[c01-0202c:10071] [mpi::coll-select::show-decision-process::info] Any algorithm is not selected. [MCA-parameter] [bcast]
[c01-0202c:10071] [mpi::coll-select::show-decision-process::info] Any algorithm is not selected. [info-oneshot] [bcast]
[c01-0202c:10071] [mpi::coll-select::show-decision-process::info] Any algorithm is not selected. [info-rules] [bcast]
[c01-0202c:10071] [mpi::coll-select::show-decision-process::info] Any algorithm is not selected. [user-files] [bcast]
[c01-0202c:10071] [mpi::coll-select::show-decision-process::info] An algorithm is selected. [system-files] [bcast] [103]
[c01-0202c:10071] [mpi::coll-select::show-decision-process::info] An algorithm is selected. [special-route] [allreduce] [200] [0]
[c01-0202c:10071] [mpi::coll-select::show-decision-process::info] The algorithm is judged as applicable. [system-files] [bcast] [103(segsize=16384)]
[c01-0202c:10071] [mpi::coll-select::show-decision-process::info] An algorithm is selected. [special-route] [barrier] [200] [0]
[c01-0202c:10071] [mpi::coll-select::show-decision-process::info] An algorithm is selected. [special-route] [barrier] [200] [0]
[c01-0202c:10071] [mpi::coll-select::show-decision-process::info] An algorithm is selected. [special-route] [barrier] [200] [0]
[c01-0202c:10071] [mpi::coll-select::show-decision-process::info] Any algorithm is not selected. [MCA-parameter] [bcast]
[c01-0202c:10071] [mpi::coll-select::show-decision-process::info] Any algorithm is not selected. [info-oneshot] [bcast]
[c01-0202c:10071] [mpi::coll-select::show-decision-process::info] Any algorithm is not selected. [info-rules] [bcast]
[c01-0202c:10071] [mpi::coll-select::show-decision-process::info] Any algorithm is not selected. [user-files] [bcast]
[c01-0202c:10071] [mpi::coll-select::show-decision-process::info] An algorithm is selected. [system-files] [bcast] [103]
[c01-0202c:10071] [mpi::coll-select::show-decision-process::info] An algorithm is selected. [special-route] [allreduce] [200] [0]
[c01-0202c:10071] [mpi::coll-select::show-decision-process::info] The algorithm is judged as applicable. [system-files] [bcast] [103(segsize=16384)]
[c01-0202c:10071] [mpi::coll-select::show-decision-process::info] An algorithm is selected. [special-route] [barrier] [200] [0]
[c01-0202c:10071] [mpi::coll-select::show-decision-process::info] An algorithm is selected. [special-route] [barrier] [200] [0]
[c01-0202c:10071] [mpi::coll-select::show-decision-process::info] An algorithm is selected. [special-route] [barrier] [200] [0]
[c01-0202c:10071] [mpi::coll-select::show-decision-process::info] Any algorithm is not selected. [MCA-parameter] [bcast]
[c01-0202c:10071] [mpi::coll-select::show-decision-process::info] Any algorithm is not selected. [info-oneshot] [bcast]
[c01-0202c:10071] [mpi::coll-select::show-decision-process::info] Any algorithm is not selected. [info-rules] [bcast]
[c01-0202c:10071] [mpi::coll-select::show-decision-process::info] Any algorithm is not selected. [user-files] [bcast]
[c01-0202c:10071] [mpi::coll-select::show-decision-process::info] An algorithm is selected. [system-files] [bcast] [103]
[c01-0202c:10071] [mpi::coll-select::show-decision-process::info] An algorithm is selected. [special-route] [allreduce] [200] [0]
[c01-0202c:10071] [mpi::coll-select::show-decision-process::info] The algorithm is judged as applicable. [system-files] [bcast] [103(segsize=16384)]
[c01-0202c:10071] [mpi::coll-select::show-decision-process::info] An algorithm is selected. [special-route] [barrier] [200] [0]
[c01-0202c:10071] [mpi::coll-select::show-decision-process::info] An algorithm is selected. [special-route] [reduce] [200] [0]
