[g20-3200c:07320] [mpi::coll-select::show-decision-process::info] Any algorithm is not selected. [MCA-parameter] [gather]
[g20-3200c:07320] [mpi::coll-select::show-decision-process::info] Any algorithm is not selected. [info-oneshot] [gather]
[g20-3200c:07320] [mpi::coll-select::show-decision-process::info] Any algorithm is not selected. [info-rules] [gather]
[g20-3200c:07320] [mpi::coll-select::show-decision-process::info] Any algorithm is not selected. [user-files] [gather]
[g20-3200c:07320] [mpi::coll-select::show-decision-process::info] An algorithm is selected. [system-files] [gather] [100]
[g20-3200c:07320] [mpi::coll-select::show-decision-process::info] An algorithm is selected. [special-route] [allreduce] [200] [0]
[g20-3200c:07320] [mpi::coll-select::show-decision-process::info] The algorithm is judged as applicable. [system-files] [gather] [100]
[g20-3200c:07320] [mpi::coll-select::show-decision-process::info] An algorithm is selected. [special-route] [barrier] [200] [0]
[g20-3200c:07320] [mpi::coll-select::show-decision-process::info] An algorithm is selected. [special-route] [barrier] [200] [0]
[g20-3200c:07320] [mpi::coll-select::show-decision-process::info] An algorithm is selected. [special-route] [barrier] [200] [0]
[g20-3200c:07320] [mpi::coll-select::show-decision-process::info] Any algorithm is not selected. [MCA-parameter] [allgather]
[g20-3200c:07320] [mpi::coll-select::show-decision-process::info] Any algorithm is not selected. [info-oneshot] [allgather]
[g20-3200c:07320] [mpi::coll-select::show-decision-process::info] Any algorithm is not selected. [info-rules] [allgather]
[g20-3200c:07320] [mpi::coll-select::show-decision-process::info] Any algorithm is not selected. [user-files] [allgather]
[g20-3200c:07320] [mpi::coll-select::show-decision-process::info] An algorithm is selected. [system-files] [allgather] [3]
[g20-3200c:07320] [mpi::coll-select::show-decision-process::info] The algorithm is judged as applicable. [system-files] [allgather] [3]
[g20-3200c:07320] [mpi::coll-select::show-decision-process::info] Any algorithm is not selected. [MCA-parameter] [allgather]
[g20-3200c:07320] [mpi::coll-select::show-decision-process::info] Any algorithm is not selected. [info-oneshot] [allgather]
[g20-3200c:07320] [mpi::coll-select::show-decision-process::info] Any algorithm is not selected. [info-rules] [allgather]
[g20-3200c:07320] [mpi::coll-select::show-decision-process::info] Any algorithm is not selected. [user-files] [allgather]
[g20-3200c:07320] [mpi::coll-select::show-decision-process::info] An algorithm is selected. [system-files] [allgather] [3]
[g20-3200c:07320] [mpi::coll-select::show-decision-process::info] The algorithm is judged as applicable. [system-files] [allgather] [3]
[g20-3200c:07320] [mpi::coll-select::show-decision-process::info] Any algorithm is not selected. [MCA-parameter] [allgather]
[g20-3200c:07320] [mpi::coll-select::show-decision-process::info] Any algorithm is not selected. [info-oneshot] [allgather]
[g20-3200c:07320] [mpi::coll-select::show-decision-process::info] Any algorithm is not selected. [info-rules] [allgather]
[g20-3200c:07320] [mpi::coll-select::show-decision-process::info] Any algorithm is not selected. [user-files] [allgather]
[g20-3200c:07320] [mpi::coll-select::show-decision-process::info] An algorithm is selected. [system-files] [allgather] [3]
[g20-3200c:07320] [mpi::coll-select::show-decision-process::info] The algorithm is judged as applicable. [system-files] [allgather] [3]
[g20-3200c:07320] [mpi::coll-select::show-decision-process::info] Any algorithm is not selected. [MCA-parameter] [allgather]
[g20-3200c:07320] [mpi::coll-select::show-decision-process::info] Any algorithm is not selected. [info-oneshot] [allgather]
[g20-3200c:07320] [mpi::coll-select::show-decision-process::info] Any algorithm is not selected. [info-rules] [allgather]
[g20-3200c:07320] [mpi::coll-select::show-decision-process::info] Any algorithm is not selected. [user-files] [allgather]
[g20-3200c:07320] [mpi::coll-select::show-decision-process::info] An algorithm is selected. [system-files] [allgather] [3]
[g20-3200c:07320] [mpi::coll-select::show-decision-process::info] The algorithm is judged as applicable. [system-files] [allgather] [3]
[g20-3200c:07320] [mpi::coll-select::show-decision-process::info] Any algorithm is not selected. [MCA-parameter] [allgather]
[g20-3200c:07320] [mpi::coll-select::show-decision-process::info] Any algorithm is not selected. [info-oneshot] [allgather]
[g20-3200c:07320] [mpi::coll-select::show-decision-process::info] Any algorithm is not selected. [info-rules] [allgather]
[g20-3200c:07320] [mpi::coll-select::show-decision-process::info] Any algorithm is not selected. [user-files] [allgather]
[g20-3200c:07320] [mpi::coll-select::show-decision-process::info] An algorithm is selected. [system-files] [allgather] [3]
[g20-3200c:07320] [mpi::coll-select::show-decision-process::info] The algorithm is judged as applicable. [system-files] [allgather] [3]
[g20-3200c:07320] [mpi::coll-select::show-decision-process::info] Any algorithm is not selected. [MCA-parameter] [allgather]
[g20-3200c:07320] [mpi::coll-select::show-decision-process::info] Any algorithm is not selected. [info-oneshot] [allgather]
[g20-3200c:07320] [mpi::coll-select::show-decision-process::info] Any algorithm is not selected. [info-rules] [allgather]
[g20-3200c:07320] [mpi::coll-select::show-decision-process::info] Any algorithm is not selected. [user-files] [allgather]
[g20-3200c:07320] [mpi::coll-select::show-decision-process::info] An algorithm is selected. [system-files] [allgather] [3]
[g20-3200c:07320] [mpi::coll-select::show-decision-process::info] The algorithm is judged as applicable. [system-files] [allgather] [3]
[g20-3200c:07320] [mpi::coll-select::show-decision-process::info] Any algorithm is not selected. [MCA-parameter] [allgather]
[g20-3200c:07320] [mpi::coll-select::show-decision-process::info] Any algorithm is not selected. [info-oneshot] [allgather]
[g20-3200c:07320] [mpi::coll-select::show-decision-process::info] Any algorithm is not selected. [info-rules] [allgather]
[g20-3200c:07320] [mpi::coll-select::show-decision-process::info] Any algorithm is not selected. [user-files] [allgather]
[g20-3200c:07320] [mpi::coll-select::show-decision-process::info] An algorithm is selected. [system-files] [allgather] [3]
[g20-3200c:07320] [mpi::coll-select::show-decision-process::info] The algorithm is judged as applicable. [system-files] [allgather] [3]
[g20-3200c:07320] [mpi::coll-select::show-decision-process::info] Any algorithm is not selected. [MCA-parameter] [allgather]
[g20-3200c:07320] [mpi::coll-select::show-decision-process::info] Any algorithm is not selected. [info-oneshot] [allgather]
[g20-3200c:07320] [mpi::coll-select::show-decision-process::info] Any algorithm is not selected. [info-rules] [allgather]
[g20-3200c:07320] [mpi::coll-select::show-decision-process::info] Any algorithm is not selected. [user-files] [allgather]
[g20-3200c:07320] [mpi::coll-select::show-decision-process::info] An algorithm is selected. [system-files] [allgather] [3]
[g20-3200c:07320] [mpi::coll-select::show-decision-process::info] The algorithm is judged as applicable. [system-files] [allgather] [3]
[g20-3200c:07320] [mpi::coll-select::show-decision-process::info] Any algorithm is not selected. [MCA-parameter] [allgather]
[g20-3200c:07320] [mpi::coll-select::show-decision-process::info] Any algorithm is not selected. [info-oneshot] [allgather]
[g20-3200c:07320] [mpi::coll-select::show-decision-process::info] Any algorithm is not selected. [info-rules] [allgather]
[g20-3200c:07320] [mpi::coll-select::show-decision-process::info] Any algorithm is not selected. [user-files] [allgather]
[g20-3200c:07320] [mpi::coll-select::show-decision-process::info] An algorithm is selected. [system-files] [allgather] [3]
[g20-3200c:07320] [mpi::coll-select::show-decision-process::info] The algorithm is judged as applicable. [system-files] [allgather] [3]
[g20-3200c:07320] [mpi::coll-select::show-decision-process::info] Any algorithm is not selected. [MCA-parameter] [allgather]
[g20-3200c:07320] [mpi::coll-select::show-decision-process::info] Any algorithm is not selected. [info-oneshot] [allgather]
[g20-3200c:07320] [mpi::coll-select::show-decision-process::info] Any algorithm is not selected. [info-rules] [allgather]
[g20-3200c:07320] [mpi::coll-select::show-decision-process::info] Any algorithm is not selected. [user-files] [allgather]
[g20-3200c:07320] [mpi::coll-select::show-decision-process::info] An algorithm is selected. [system-files] [allgather] [3]
[g20-3200c:07320] [mpi::coll-select::show-decision-process::info] The algorithm is judged as applicable. [system-files] [allgather] [3]
[g20-3200c:07320] [mpi::coll-select::show-decision-process::info] Any algorithm is not selected. [MCA-parameter] [allgather]
[g20-3200c:07320] [mpi::coll-select::show-decision-process::info] Any algorithm is not selected. [info-oneshot] [allgather]
[g20-3200c:07320] [mpi::coll-select::show-decision-process::info] Any algorithm is not selected. [info-rules] [allgather]
[g20-3200c:07320] [mpi::coll-select::show-decision-process::info] Any algorithm is not selected. [user-files] [allgather]
[g20-3200c:07320] [mpi::coll-select::show-decision-process::info] An algorithm is selected. [system-files] [allgather] [3]
[g20-3200c:07320] [mpi::coll-select::show-decision-process::info] The algorithm is judged as applicable. [system-files] [allgather] [3]
[g20-3200c:07320] [mpi::coll-select::show-decision-process::info] Any algorithm is not selected. [MCA-parameter] [allgather]
[g20-3200c:07320] [mpi::coll-select::show-decision-process::info] Any algorithm is not selected. [info-oneshot] [allgather]
[g20-3200c:07320] [mpi::coll-select::show-decision-process::info] Any algorithm is not selected. [info-rules] [allgather]
[g20-3200c:07320] [mpi::coll-select::show-decision-process::info] Any algorithm is not selected. [user-files] [allgather]
[g20-3200c:07320] [mpi::coll-select::show-decision-process::info] An algorithm is selected. [system-files] [allgather] [3]
[g20-3200c:07320] [mpi::coll-select::show-decision-process::info] The algorithm is judged as applicable. [system-files] [allgather] [3]
[g20-3200c:07320] [mpi::coll-select::show-decision-process::info] Any algorithm is not selected. [MCA-parameter] [gather]
[g20-3200c:07320] [mpi::coll-select::show-decision-process::info] Any algorithm is not selected. [info-oneshot] [gather]
[g20-3200c:07320] [mpi::coll-select::show-decision-process::info] Any algorithm is not selected. [info-rules] [gather]
[g20-3200c:07320] [mpi::coll-select::show-decision-process::info] Any algorithm is not selected. [user-files] [gather]
[g20-3200c:07320] [mpi::coll-select::show-decision-process::info] An algorithm is selected. [system-files] [gather] [100]
[g20-3200c:07320] [mpi::coll-select::show-decision-process::info] An algorithm is selected. [special-route] [allreduce] [200] [0]
[g20-3200c:07320] [mpi::coll-select::show-decision-process::info] The algorithm is judged as applicable. [system-files] [gather] [100]
[g20-3200c:07320] [mpi::coll-select::show-decision-process::info] An algorithm is selected. [special-route] [barrier] [200] [0]
[g20-3200c:07320] [mpi::coll-select::show-decision-process::info] An algorithm is selected. [special-route] [barrier] [200] [0]
[g20-3200c:07320] [mpi::coll-select::show-decision-process::info] An algorithm is selected. [special-route] [barrier] [200] [0]
[g20-3200c:07320] [mpi::coll-select::show-decision-process::info] Any algorithm is not selected. [MCA-parameter] [gather]
[g20-3200c:07320] [mpi::coll-select::show-decision-process::info] Any algorithm is not selected. [info-oneshot] [gather]
[g20-3200c:07320] [mpi::coll-select::show-decision-process::info] Any algorithm is not selected. [info-rules] [gather]
[g20-3200c:07320] [mpi::coll-select::show-decision-process::info] Any algorithm is not selected. [user-files] [gather]
[g20-3200c:07320] [mpi::coll-select::show-decision-process::info] An algorithm is selected. [system-files] [gather] [100]
[g20-3200c:07320] [mpi::coll-select::show-decision-process::info] An algorithm is selected. [special-route] [allreduce] [200] [0]
[g20-3200c:07320] [mpi::coll-select::show-decision-process::info] The algorithm is judged as applicable. [system-files] [gather] [100]
[g20-3200c:07320] [mpi::coll-select::show-decision-process::info] An algorithm is selected. [special-route] [barrier] [200] [0]
[g20-3200c:07320] [mpi::coll-select::show-decision-process::info] An algorithm is selected. [special-route] [barrier] [200] [0]
[g20-3200c:07320] [mpi::coll-select::show-decision-process::info] An algorithm is selected. [special-route] [barrier] [200] [0]
[g20-3200c:07320] [mpi::coll-select::show-decision-process::info] Any algorithm is not selected. [MCA-parameter] [gather]
[g20-3200c:07320] [mpi::coll-select::show-decision-process::info] Any algorithm is not selected. [info-oneshot] [gather]
[g20-3200c:07320] [mpi::coll-select::show-decision-process::info] Any algorithm is not selected. [info-rules] [gather]
[g20-3200c:07320] [mpi::coll-select::show-decision-process::info] Any algorithm is not selected. [user-files] [gather]
[g20-3200c:07320] [mpi::coll-select::show-decision-process::info] An algorithm is selected. [system-files] [gather] [100]
[g20-3200c:07320] [mpi::coll-select::show-decision-process::info] An algorithm is selected. [special-route] [allreduce] [200] [0]
[g20-3200c:07320] [mpi::coll-select::show-decision-process::info] The algorithm is judged as applicable. [system-files] [gather] [100]
[g20-3200c:07320] [mpi::coll-select::show-decision-process::info] An algorithm is selected. [special-route] [barrier] [200] [0]
[g20-3200c:07320] [mpi::coll-select::show-decision-process::info] An algorithm is selected. [special-route] [barrier] [200] [0]
[g20-3200c:07320] [mpi::coll-select::show-decision-process::info] An algorithm is selected. [special-route] [barrier] [200] [0]
[g20-3200c:07320] [mpi::coll-select::show-decision-process::info] Any algorithm is not selected. [MCA-parameter] [gather]
[g20-3200c:07320] [mpi::coll-select::show-decision-process::info] Any algorithm is not selected. [info-oneshot] [gather]
[g20-3200c:07320] [mpi::coll-select::show-decision-process::info] Any algorithm is not selected. [info-rules] [gather]
[g20-3200c:07320] [mpi::coll-select::show-decision-process::info] Any algorithm is not selected. [user-files] [gather]
[g20-3200c:07320] [mpi::coll-select::show-decision-process::info] An algorithm is selected. [system-files] [gather] [100]
[g20-3200c:07320] [mpi::coll-select::show-decision-process::info] An algorithm is selected. [special-route] [allreduce] [200] [0]
[g20-3200c:07320] [mpi::coll-select::show-decision-process::info] The algorithm is judged as applicable. [system-files] [gather] [100]
[g20-3200c:07320] [mpi::coll-select::show-decision-process::info] An algorithm is selected. [special-route] [barrier] [200] [0]
[g20-3200c:07320] [mpi::coll-select::show-decision-process::info] An algorithm is selected. [special-route] [barrier] [200] [0]
[g20-3200c:07320] [mpi::coll-select::show-decision-process::info] An algorithm is selected. [special-route] [barrier] [200] [0]
[g20-3200c:07320] [mpi::coll-select::show-decision-process::info] Any algorithm is not selected. [MCA-parameter] [gather]
[g20-3200c:07320] [mpi::coll-select::show-decision-process::info] Any algorithm is not selected. [info-oneshot] [gather]
[g20-3200c:07320] [mpi::coll-select::show-decision-process::info] Any algorithm is not selected. [info-rules] [gather]
[g20-3200c:07320] [mpi::coll-select::show-decision-process::info] Any algorithm is not selected. [user-files] [gather]
[g20-3200c:07320] [mpi::coll-select::show-decision-process::info] An algorithm is selected. [system-files] [gather] [100]
[g20-3200c:07320] [mpi::coll-select::show-decision-process::info] An algorithm is selected. [special-route] [allreduce] [200] [0]
[g20-3200c:07320] [mpi::coll-select::show-decision-process::info] The algorithm is judged as applicable. [system-files] [gather] [100]
[g20-3200c:07320] [mpi::coll-select::show-decision-process::info] An algorithm is selected. [special-route] [barrier] [200] [0]
[g20-3200c:07320] [mpi::coll-select::show-decision-process::info] An algorithm is selected. [special-route] [barrier] [200] [0]
[g20-3200c:07320] [mpi::coll-select::show-decision-process::info] An algorithm is selected. [special-route] [barrier] [200] [0]
[g20-3200c:07320] [mpi::coll-select::show-decision-process::info] Any algorithm is not selected. [MCA-parameter] [gather]
[g20-3200c:07320] [mpi::coll-select::show-decision-process::info] Any algorithm is not selected. [info-oneshot] [gather]
[g20-3200c:07320] [mpi::coll-select::show-decision-process::info] Any algorithm is not selected. [info-rules] [gather]
[g20-3200c:07320] [mpi::coll-select::show-decision-process::info] Any algorithm is not selected. [user-files] [gather]
[g20-3200c:07320] [mpi::coll-select::show-decision-process::info] An algorithm is selected. [system-files] [gather] [100]
[g20-3200c:07320] [mpi::coll-select::show-decision-process::info] An algorithm is selected. [special-route] [allreduce] [200] [0]
[g20-3200c:07320] [mpi::coll-select::show-decision-process::info] The algorithm is judged as applicable. [system-files] [gather] [100]
[g20-3200c:07320] [mpi::coll-select::show-decision-process::info] An algorithm is selected. [special-route] [barrier] [200] [0]
[g20-3200c:07320] [mpi::coll-select::show-decision-process::info] An algorithm is selected. [special-route] [barrier] [200] [0]
[g20-3200c:07320] [mpi::coll-select::show-decision-process::info] An algorithm is selected. [special-route] [barrier] [200] [0]
[g20-3200c:07320] [mpi::coll-select::show-decision-process::info] Any algorithm is not selected. [MCA-parameter] [gather]
[g20-3200c:07320] [mpi::coll-select::show-decision-process::info] Any algorithm is not selected. [info-oneshot] [gather]
[g20-3200c:07320] [mpi::coll-select::show-decision-process::info] Any algorithm is not selected. [info-rules] [gather]
[g20-3200c:07320] [mpi::coll-select::show-decision-process::info] Any algorithm is not selected. [user-files] [gather]
[g20-3200c:07320] [mpi::coll-select::show-decision-process::info] An algorithm is selected. [system-files] [gather] [100]
[g20-3200c:07320] [mpi::coll-select::show-decision-process::info] An algorithm is selected. [special-route] [allreduce] [200] [0]
[g20-3200c:07320] [mpi::coll-select::show-decision-process::info] The algorithm is judged as applicable. [system-files] [gather] [100]
[g20-3200c:07320] [mpi::coll-select::show-decision-process::info] An algorithm is selected. [special-route] [barrier] [200] [0]
[g20-3200c:07320] [mpi::coll-select::show-decision-process::info] An algorithm is selected. [special-route] [barrier] [200] [0]
[g20-3200c:07320] [mpi::coll-select::show-decision-process::info] An algorithm is selected. [special-route] [barrier] [200] [0]
[g20-3200c:07320] [mpi::coll-select::show-decision-process::info] Any algorithm is not selected. [MCA-parameter] [gather]
[g20-3200c:07320] [mpi::coll-select::show-decision-process::info] Any algorithm is not selected. [info-oneshot] [gather]
[g20-3200c:07320] [mpi::coll-select::show-decision-process::info] Any algorithm is not selected. [info-rules] [gather]
[g20-3200c:07320] [mpi::coll-select::show-decision-process::info] Any algorithm is not selected. [user-files] [gather]
[g20-3200c:07320] [mpi::coll-select::show-decision-process::info] An algorithm is selected. [system-files] [gather] [100]
[g20-3200c:07320] [mpi::coll-select::show-decision-process::info] An algorithm is selected. [special-route] [allreduce] [200] [0]
[g20-3200c:07320] [mpi::coll-select::show-decision-process::info] The algorithm is judged as applicable. [system-files] [gather] [100]
[g20-3200c:07320] [mpi::coll-select::show-decision-process::info] An algorithm is selected. [special-route] [barrier] [200] [0]
[g20-3200c:07320] [mpi::coll-select::show-decision-process::info] An algorithm is selected. [special-route] [barrier] [200] [0]
[g20-3200c:07320] [mpi::coll-select::show-decision-process::info] An algorithm is selected. [special-route] [barrier] [200] [0]
[g20-3200c:07320] [mpi::coll-select::show-decision-process::info] Any algorithm is not selected. [MCA-parameter] [gather]
[g20-3200c:07320] [mpi::coll-select::show-decision-process::info] Any algorithm is not selected. [info-oneshot] [gather]
[g20-3200c:07320] [mpi::coll-select::show-decision-process::info] Any algorithm is not selected. [info-rules] [gather]
[g20-3200c:07320] [mpi::coll-select::show-decision-process::info] Any algorithm is not selected. [user-files] [gather]
[g20-3200c:07320] [mpi::coll-select::show-decision-process::info] An algorithm is selected. [system-files] [gather] [100]
[g20-3200c:07320] [mpi::coll-select::show-decision-process::info] An algorithm is selected. [special-route] [allreduce] [200] [0]
[g20-3200c:07320] [mpi::coll-select::show-decision-process::info] The algorithm is judged as applicable. [system-files] [gather] [100]
[g20-3200c:07320] [mpi::coll-select::show-decision-process::info] An algorithm is selected. [special-route] [barrier] [200] [0]
[g20-3200c:07320] [mpi::coll-select::show-decision-process::info] An algorithm is selected. [special-route] [barrier] [200] [0]
[g20-3200c:07320] [mpi::coll-select::show-decision-process::info] An algorithm is selected. [special-route] [barrier] [200] [0]
[g20-3200c:07320] [mpi::coll-select::show-decision-process::info] Any algorithm is not selected. [MCA-parameter] [gather]
[g20-3200c:07320] [mpi::coll-select::show-decision-process::info] Any algorithm is not selected. [info-oneshot] [gather]
[g20-3200c:07320] [mpi::coll-select::show-decision-process::info] Any algorithm is not selected. [info-rules] [gather]
[g20-3200c:07320] [mpi::coll-select::show-decision-process::info] Any algorithm is not selected. [user-files] [gather]
[g20-3200c:07320] [mpi::coll-select::show-decision-process::info] An algorithm is selected. [system-files] [gather] [100]
[g20-3200c:07320] [mpi::coll-select::show-decision-process::info] An algorithm is selected. [special-route] [allreduce] [200] [0]
[g20-3200c:07320] [mpi::coll-select::show-decision-process::info] The algorithm is judged as applicable. [system-files] [gather] [100]
[g20-3200c:07320] [mpi::coll-select::show-decision-process::info] An algorithm is selected. [special-route] [barrier] [200] [0]
[g20-3200c:07320] [mpi::coll-select::show-decision-process::info] An algorithm is selected. [special-route] [barrier] [200] [0]
[g20-3200c:07320] [mpi::coll-select::show-decision-process::info] An algorithm is selected. [special-route] [barrier] [200] [0]
[g20-3200c:07320] [mpi::coll-select::show-decision-process::info] Any algorithm is not selected. [MCA-parameter] [gather]
[g20-3200c:07320] [mpi::coll-select::show-decision-process::info] Any algorithm is not selected. [info-oneshot] [gather]
[g20-3200c:07320] [mpi::coll-select::show-decision-process::info] Any algorithm is not selected. [info-rules] [gather]
[g20-3200c:07320] [mpi::coll-select::show-decision-process::info] Any algorithm is not selected. [user-files] [gather]
[g20-3200c:07320] [mpi::coll-select::show-decision-process::info] An algorithm is selected. [system-files] [gather] [100]
[g20-3200c:07320] [mpi::coll-select::show-decision-process::info] An algorithm is selected. [special-route] [allreduce] [200] [0]
[g20-3200c:07320] [mpi::coll-select::show-decision-process::info] The algorithm is judged as applicable. [system-files] [gather] [100]
[g20-3200c:07320] [mpi::coll-select::show-decision-process::info] An algorithm is selected. [special-route] [barrier] [200] [0]
[g20-3200c:07320] [mpi::coll-select::show-decision-process::info] An algorithm is selected. [special-route] [reduce] [200] [0]
